  Using 'git status' to determine working set for adaptive non-unity build.
  Creating makefile for MyProjectEditor (no existing makefile)
  Performing full C++ include scan (no include cache file)
  Using Visual Studio 2017 14.15.26726 toolchain (C:\Program Files (x86)\Microsoft Visual Studio\2017\Community\VC\Tools\MSVC\14.15.26726) and Windows 10.0.16299.0 SDK (C:\Program Files (x86)\Windows Kits\10).
  Parsing headers for MyProjectEditor
    Running UnrealHeaderTool "C:\Uni\Year 3\Where-s-Wally\MyProject\MyProject.uproject" "C:\Uni\Year 3\Where-s-Wally\MyProject\Intermediate\Build\Win64\MyProjectEditor\Development\MyProjectEditor.uhtmanifest" -LogCmds="loginit warning, logexit warning, logdatabase error" -Unattended -WarningsAsErrors -installed
  Reflection code generated for MyProjectEditor in 48.8766183 seconds
  Building 11 actions with 4 processes...
    [1/11] SharedPCH.Engine.cpp
    [2/11] DestroyActorOnOverlap.gen.cpp
    [3/11] MyProject.cpp
    [4/11] MyProject.init.gen.cpp
    [5/11] MyProjectGameModeBase.cpp
    [6/11] Wally.cpp
    [7/11] DestroyActorOnOverlap.cpp
    [8/11] MyProjectGameModeBase.gen.cpp
    [9/11] Wally.gen.cpp
    [10/11] UE4Editor-MyProject.lib
       Creating library C:\Uni\Year 3\Where-s-Wally\MyProject\Intermediate\Build\Win64\UE4Editor\Development\MyProject\UE4Editor-MyProject.lib and object C:\Uni\Year 3\Where-s-Wally\MyProject\Intermediate\Build\Win64\UE4Editor\Development\MyProject\UE4Editor-MyProject.exp
    [11/11] UE4Editor-MyProject.dll
       Creating library C:\Uni\Year 3\Where-s-Wally\MyProject\Intermediate\Build\Win64\UE4Editor\Development\MyProject\UE4Editor-MyProject.suppressed.lib and object C:\Uni\Year 3\Where-s-Wally\MyProject\Intermediate\Build\Win64\UE4Editor\Development\MyProject\UE4Editor-MyProject.suppressed.exp
  Deploying MyProjectEditor Win64 Development...
  Total build time: 319.72 seconds (Parallel executor: 61.84 seconds)
