Log file open, 10/08/18 17:43:24
LogWindows: Failed to load 'aqProf.dll' (GetLastError=126)
LogWindows: File 'aqProf.dll' does not exist
LogWindows: Failed to load 'VtuneApi.dll' (GetLastError=126)
LogWindows: File 'VtuneApi.dll' does not exist
LogWindows: Failed to load 'VtuneApi32e.dll' (GetLastError=126)
LogWindows: File 'VtuneApi32e.dll' does not exist
LogInit: Display: Running engine for game: MyProject
LogPlatformFile: Not using cached read wrapper
LogTaskGraph: Started task graph with 5 named threads and 23 total threads with 3 sets of task threads.
LogStats: Stats thread started at 0.272979
LogD3D11RHI: Loaded GFSDK_Aftermath_Lib.x64.dll
LogICUInternationalization: Display: ICU TimeZone Detection - Raw Offset: +0:00, Platform Override: ''
LogPluginManager: Mounting plugin Paper2D
LogPluginManager: Mounting plugin AISupport
LogPluginManager: Mounting plugin LightPropagationVolume
LogPluginManager: Mounting plugin CLionSourceCodeAccess
LogPluginManager: Mounting plugin CodeLiteSourceCodeAccess
LogPluginManager: Mounting plugin GitSourceControl
LogPluginManager: Mounting plugin KDevelopSourceCodeAccess
LogPluginManager: Mounting plugin NullSourceCodeAccess
LogPluginManager: Mounting plugin PerforceSourceControl
LogPluginManager: Mounting plugin SubversionSourceControl
LogPluginManager: Mounting plugin UObjectPlugin
LogPluginManager: Mounting plugin VisualStudioCodeSourceCodeAccess
LogPluginManager: Mounting plugin VisualStudioSourceCodeAccess
LogPluginManager: Mounting plugin XCodeSourceCodeAccess
LogPluginManager: Mounting plugin AssetManagerEditor
LogPluginManager: Mounting plugin CryptoKeys
LogPluginManager: Mounting plugin DataValidation
LogPluginManager: Mounting plugin FacialAnimation
LogPluginManager: Mounting plugin GameplayTagsEditor
LogPluginManager: Mounting plugin MacGraphicsSwitching
LogPluginManager: Mounting plugin MeshEditor
LogPluginManager: Mounting plugin MobileLauncherProfileWizard
LogPluginManager: Mounting plugin PluginBrowser
LogPluginManager: Mounting plugin SpeedTreeImporter
LogPluginManager: Mounting plugin DatasmithContent
LogPluginManager: Mounting plugin AlembicImporter
LogPluginManager: Mounting plugin AppleImageUtils
LogPluginManager: Mounting plugin AppleVision
LogPluginManager: Mounting plugin BackChannel
LogPluginManager: Mounting plugin CharacterAI
LogPluginManager: Mounting plugin GeometryCache
LogPluginManager: Mounting plugin HTML5Networking
LogPluginManager: Mounting plugin ProxyLODPlugin
LogPluginManager: Mounting plugin MagicLeap
LogPluginManager: Mounting plugin MagicLeapEmulator
LogPluginManager: Mounting plugin MagicLeapMedia
LogPluginManager: Mounting plugin AndroidMedia
LogPluginManager: Mounting plugin AvfMedia
LogPluginManager: Mounting plugin ImgMedia
LogPluginManager: Mounting plugin LinearTimecode
LogPluginManager: Mounting plugin MediaCompositing
LogPluginManager: Mounting plugin MediaPlayerEditor
LogPluginManager: Mounting plugin WmfMedia
LogPluginManager: Mounting plugin TcpMessaging
LogPluginManager: Mounting plugin UdpMessaging
LogPluginManager: Mounting plugin ActorSequence
LogPluginManager: Mounting plugin LevelSequenceEditor
LogPluginManager: Mounting plugin MatineeToLevelSequence
LogPluginManager: Mounting plugin NetcodeUnitTest
LogPluginManager: Mounting plugin NUTUnrealEngine4
LogPluginManager: Mounting plugin OnlineSubsystemGooglePlay
LogPluginManager: Mounting plugin OnlineSubsystemIOS
LogPluginManager: Mounting plugin OnlineSubsystem
LogPluginManager: Mounting plugin OnlineSubsystemNull
LogPluginManager: Mounting plugin OnlineSubsystemUtils
LogPluginManager: Mounting plugin LauncherChunkInstaller
LogPluginManager: Mounting plugin AndroidDeviceProfileSelector
LogPluginManager: Mounting plugin AndroidMoviePlayer
LogPluginManager: Mounting plugin AndroidPermission
LogPluginManager: Mounting plugin AppleMoviePlayer
LogPluginManager: Mounting plugin ArchVisCharacter
LogPluginManager: Mounting plugin AudioCapture
LogPluginManager: Mounting plugin CableComponent
LogPluginManager: Mounting plugin CustomMeshComponent
LogPluginManager: Mounting plugin EditableMesh
LogPluginManager: Mounting plugin ExampleDeviceProfileSelector
LogPluginManager: Mounting plugin GoogleCloudMessaging
LogPluginManager: Mounting plugin ImmediatePhysics
LogPluginManager: Mounting plugin IOSDeviceProfileSelector
LogPluginManager: Mounting plugin LinuxDeviceProfileSelector
LogPluginManager: Mounting plugin LocationServicesBPLibrary
LogPluginManager: Mounting plugin MobilePatchingUtils
LogPluginManager: Mounting plugin OculusVR
LogPluginManager: Plugin shader directory ../../../Engine/Plugins/Runtime/Oculus/OculusVR/Shaders found
LogPluginManager: Mapping shader source directory ../../../Engine/Plugins/Runtime/Oculus/OculusVR/Shaders to virtual directory /Plugin/OculusVR
LogPluginManager: Mounting plugin PhysXVehicles
LogPluginManager: Mounting plugin ProceduralMeshComponent
LogPluginManager: Mounting plugin RuntimePhysXCooking
LogPluginManager: Mounting plugin SteamVR
LogPluginManager: Mounting plugin WindowsMoviePlayer
LogStreaming: Display: Took  0.137s to configure plugins.
LogInit: Using libcurl 7.55.1-DEV
LogInit:  - built for x86_64-pc-win32
LogInit:  - supports SSL with OpenSSL/1.0.2h
LogInit:  - supports HTTP deflate (compression) using libz 1.2.8
LogInit:  - other features:
LogInit:      CURL_VERSION_SSL
LogInit:      CURL_VERSION_LIBZ
LogInit:      CURL_VERSION_IPV6
LogInit:      CURL_VERSION_ASYNCHDNS
LogInit:      CURL_VERSION_LARGEFILE
LogInit:      CURL_VERSION_IDN
LogInit:  CurlRequestOptions (configurable via config and command line):
LogInit:  - bVerifyPeer = false  - Libcurl will NOT verify peer certificate
LogInit:  - bUseHttpProxy = false  - Libcurl will NOT use HTTP proxy
LogInit:  - bDontReuseConnections = false  - Libcurl will reuse connections
LogInit:  - CertBundlePath = nullptr  - Libcurl will use whatever was configured at build time.
LogInit:  - MaxHostConnections = 16  - Libcurl will limit the number of connections to a host
LogInit:  - LocalHostAddr = Default
LogInit:  - BufferSize = 65536
LogInit: WinSock: version 1.1 (2.2), MaxSocks=32767, MaxUdp=65467
LogInit: Build: ++UE4+Release-4.20-CL-4369336
LogInit: Engine Version: 4.20.3-4369336+++UE4+Release-4.20
LogInit: Compatible Engine Version: 4.20.0-4212847+++UE4+Release-4.20
LogInit: Net CL: 4212847
LogInit: OS: Windows 10 (), CPU: Intel(R) Core(TM) i7-4790 CPU @ 3.60GHz, GPU: NVIDIA GeForce GTX 780
LogInit: Compiled (64-bit): Sep 17 2018 12:26:19
LogInit: Compiled with Visual C++: 19.13.26129.00
LogInit: Build Configuration: Development
LogInit: Branch Name: ++UE4+Release-4.20
LogInit: Command Line:  
LogInit: Base Directory: C:/Program Files/Epic Games/UE_4.20/Engine/Binaries/Win64/
LogInit: Installed Engine Build: 1
LogDevObjectVersion: Number of dev versions registered: 20
LogDevObjectVersion:   Dev-Blueprints (B0D832E4-1F89-4F0D-ACCF-7EB736FD4AA2): 10
LogDevObjectVersion:   Dev-Build (E1C64328-A22C-4D53-A36C-8E866417BD8C): 0
LogDevObjectVersion:   Dev-Core (375EC13C-06E4-48FB-B500-84F0262A717E): 2
LogDevObjectVersion:   Dev-Editor (E4B068ED-F494-42E9-A231-DA0B2E46BB41): 24
LogDevObjectVersion:   Dev-Framework (CFFC743F-43B0-4480-9391-14DF171D2073): 34
LogDevObjectVersion:   Dev-Mobile (B02B49B5-BB20-44E9-A304-32B752E40360): 2
LogDevObjectVersion:   Dev-Networking (A4E4105C-59A1-49B5-A7C5-40C4547EDFEE): 0
LogDevObjectVersion:   Dev-Online (39C831C9-5AE6-47DC-9A44-9C173E1C8E7C): 0
LogDevObjectVersion:   Dev-Physics (78F01B33-EBEA-4F98-B9B4-84EACCB95AA2): 0
LogDevObjectVersion:   Dev-Platform (6631380F-2D4D-43E0-8009-CF276956A95A): 0
LogDevObjectVersion:   Dev-Rendering (12F88B9F-8875-4AFC-A67C-D90C383ABD29): 26
LogDevObjectVersion:   Dev-Sequencer (7B5AE74C-D270-4C10-A958-57980B212A5A): 9
LogDevObjectVersion:   Dev-VR (D7296918-1DD6-4BDD-9DE2-64A83CC13884): 2
LogDevObjectVersion:   Dev-LoadTimes (C2A15278-BFE7-4AFE-6C17-90FF531DF755): 1
LogDevObjectVersion:   Private-Geometry (6EACA3D4-40EC-4CC1-B786-8BED09428FC5): 3
LogDevObjectVersion:   Dev-AnimPhys (29E575DD-E0A3-4627-9D10-D276232CDCEA): 17
LogDevObjectVersion:   Dev-ReflectionCapture (6B266CEC-1EC7-4B8F-A30B-E4D90942FC07): 1
LogDevObjectVersion:   Dev-Automation (0DF73D61-A23F-47EA-B727-89E90C41499A): 1
LogDevObjectVersion:   FortniteMain (601D1886-AC64-4F84-AA16-D3DE0DEAC7D6): 12
LogDevObjectVersion:   Dev-Enterprise (9DFFBCD6-494F-0158-E221-12823C92A888): 1
LogStreaming: Display: Took  0.000s to delete old logs.
LogInit: Presizing for max 8388607 objects, including 0 objects not considered by GC, pre-allocating 0 bytes for permanent pool.
LogInit: Object subsystem initialized
[2018.10.08-16.43.24:884][  0]LogInit: Selected Device Profile: [Windows]
[2018.10.08-16.43.24:884][  0]LogInit: Applying CVar settings loaded from the selected device profile: [Windows]
[2018.10.08-16.43.24:898][  0]LogHAL: Display: Platform has ~ 16 GB [17080971264 / 17179869184 / 16], which maps to Larger [LargestMinGB=32, LargerMinGB=12, DefaultMinGB=8, SmallerMinGB=6, SmallestMinGB=0)
[2018.10.08-16.43.24:898][  0]LogInit: Setting Device Profile CVar: [[r.Vulkan.UseRealUBs:1]]
[2018.10.08-16.43.24:898][  0]LogInit: Going up to parent DeviceProfile []
[2018.10.08-16.43.24:898][  0]LogInit: Computer: AMTX222-24
[2018.10.08-16.43.24:898][  0]LogInit: User: cm1crt
[2018.10.08-16.43.24:898][  0]LogInit: CPU Page size=4096, Cores=4
[2018.10.08-16.43.24:898][  0]LogInit: High frequency timer resolution =3.507506 MHz
[2018.10.08-16.43.24:898][  0]LogMemory: Memory total: Physical=15.9GB (16GB approx)
[2018.10.08-16.43.24:898][  0]LogMemory: Platform Memory Stats for Windows
[2018.10.08-16.43.24:898][  0]LogMemory: Process Physical Memory: 99.40 MB used, 99.40 MB peak
[2018.10.08-16.43.24:898][  0]LogMemory: Process Virtual Memory: 90.93 MB used, 90.93 MB peak
[2018.10.08-16.43.24:898][  0]LogMemory: Physical Memory: 4817.87 MB used,  11471.82 MB free, 16289.68 MB total
[2018.10.08-16.43.24:898][  0]LogMemory: Virtual Memory: 4641.32 MB used,  11471.82 MB free, 134217728.00 MB total
[2018.10.08-16.43.24:911][  0]LogInit: Using OS detected language (en-GB).
[2018.10.08-16.43.24:911][  0]LogInit: Using OS detected locale (en-GB).
[2018.10.08-16.43.24:911][  0]LogTextLocalizationManager: No specific localization for 'en-GB' exists, so the 'en' localization will be used.
[2018.10.08-16.43.25:262][  0]LogStreaming: Display: Took  0.351s to InitEngineTextLocalization.
[2018.10.08-16.43.25:262][  0]LogInit: Setting process to per monitor DPI aware
[2018.10.08-16.43.25:294][  0]LogSlate: New Slate User Created.  User Index 0, Is Virtual User: 0
[2018.10.08-16.43.25:294][  0]LogSlate: Slate User Registered.  User Index 0, Is Virtual User: 0
[2018.10.08-16.43.25:459][  0]LogHMD: Failed to initialize OpenVR with code 110
[2018.10.08-16.43.25:459][  0]LogD3D11RHI: D3D11 adapters:
[2018.10.08-16.43.25:503][  0]LogD3D11RHI:    0. 'NVIDIA GeForce GTX 780' (Feature Level 11_0)
[2018.10.08-16.43.25:503][  0]LogD3D11RHI:       3029/0/8144 MB DedicatedVideo/DedicatedSystem/SharedSystem, Outputs:2, VendorId:0x10de
[2018.10.08-16.43.25:504][  0]LogD3D11RHI:    1. 'Microsoft Basic Render Driver' (Feature Level 11_0)
[2018.10.08-16.43.25:504][  0]LogD3D11RHI:       0/0/8144 MB DedicatedVideo/DedicatedSystem/SharedSystem, Outputs:0, VendorId:0x1414
[2018.10.08-16.43.25:504][  0]LogD3D11RHI: Chosen D3D11 Adapter: 0
[2018.10.08-16.43.25:510][  0]LogD3D11RHI: Creating new Direct3DDevice
[2018.10.08-16.43.25:510][  0]LogD3D11RHI:     GPU DeviceId: 0x1004 (for the marketing name, search the web for "GPU Device Id")
[2018.10.08-16.43.25:510][  0]LogWindows: EnumDisplayDevices:
[2018.10.08-16.43.25:510][  0]LogWindows:    0. 'NVIDIA GeForce GTX 780' (P:1 D:1)
[2018.10.08-16.43.25:510][  0]LogWindows:    1. 'NVIDIA GeForce GTX 780' (P:0 D:1)
[2018.10.08-16.43.25:510][  0]LogWindows:    2. 'NVIDIA GeForce GTX 780' (P:0 D:0)
[2018.10.08-16.43.25:510][  0]LogWindows:    3. 'NVIDIA GeForce GTX 780' (P:0 D:0)
[2018.10.08-16.43.25:510][  0]LogWindows: DebugString: FoundDriverCount:4 
[2018.10.08-16.43.25:510][  0]LogD3D11RHI:     Adapter Name: NVIDIA GeForce GTX 780
[2018.10.08-16.43.25:510][  0]LogD3D11RHI:   Driver Version: 399.07 (internal:24.21.13.9907, unified:399.07)
[2018.10.08-16.43.25:510][  0]LogD3D11RHI:      Driver Date: 8-21-2018
[2018.10.08-16.43.25:510][  0]LogRHI: Texture pool is 2120 MB (70% of 3029 MB)
[2018.10.08-16.43.25:540][  0]LogD3D11RHI: Async texture creation enabled
[2018.10.08-16.43.25:556][  0]LogD3D11RHI: GPU Timing Frequency: 1000.000000 (Debug: 2 2)
[2018.10.08-16.43.25:558][  0]LogShaderCompilers: Guid format shader working directory is -7 characters bigger than the processId version (../../../../../../Temp/cMcRae/Where-s-Wally/MyProject/Intermediate/Shaders/WorkingDirectory/10152/).
[2018.10.08-16.43.25:558][  0]LogShaderCompilers: Cleaned the shader compiler working directory 'C:/Users/cm1crt/AppData/Local/Temp/UnrealShaderWorkingDir/2B0DD9894B5A5BE92E0EA0BE402ED65A/'.
[2018.10.08-16.43.25:827][  0]LogTemp: Display: Loaded TP AllDesktopTargetPlatform
[2018.10.08-16.43.25:839][  0]LogTemp: Display: Loaded TP MacClientTargetPlatform
[2018.10.08-16.43.25:851][  0]LogTemp: Display: Loaded TP MacNoEditorTargetPlatform
[2018.10.08-16.43.25:863][  0]LogTemp: Display: Loaded TP MacServerTargetPlatform
[2018.10.08-16.43.25:875][  0]LogTemp: Display: Loaded TP MacTargetPlatform
[2018.10.08-16.43.25:888][  0]LogTemp: Display: Loaded TP WindowsClientTargetPlatform
[2018.10.08-16.43.25:902][  0]LogTemp: Display: Loaded TP WindowsNoEditorTargetPlatform
[2018.10.08-16.43.25:914][  0]LogTemp: Display: Loaded TP WindowsServerTargetPlatform
[2018.10.08-16.43.25:920][  0]LogTemp: Display: Loaded TP WindowsTargetPlatform
[2018.10.08-16.43.25:994][  0]LogTemp: Display: Loaded TP AndroidTargetPlatform
[2018.10.08-16.43.25:994][  0]LogTemp: Display: Loaded TP AndroidTargetPlatform
[2018.10.08-16.43.25:994][  0]LogTemp: Display: Loaded TP AndroidTargetPlatform
[2018.10.08-16.43.25:994][  0]LogTemp: Display: Loaded TP AndroidTargetPlatform
[2018.10.08-16.43.25:994][  0]LogTemp: Display: Loaded TP AndroidTargetPlatform
[2018.10.08-16.43.25:994][  0]LogTemp: Display: Loaded TP AndroidTargetPlatform
[2018.10.08-16.43.25:994][  0]LogTemp: Display: Loaded TP AndroidTargetPlatform
[2018.10.08-16.43.25:994][  0]LogTemp: Display: Loaded TP AndroidTargetPlatform
[2018.10.08-16.43.25:994][  0]LogTemp: Display: Loaded TP AndroidTargetPlatform
[2018.10.08-16.43.25:994][  0]LogTemp: Display: Loaded TP AndroidTargetPlatform
[2018.10.08-16.43.25:994][  0]LogTemp: Display: Loaded TP AndroidTargetPlatform
[2018.10.08-16.43.25:994][  0]LogTemp: Display: Loaded TP AndroidTargetPlatform
[2018.10.08-16.43.25:994][  0]LogTemp: Display: Loaded TP AndroidTargetPlatform
[2018.10.08-16.43.25:994][  0]LogTemp: Display: Loaded TP AndroidTargetPlatform
[2018.10.08-16.43.25:994][  0]LogTemp: Display: Loaded TP AndroidTargetPlatform
[2018.10.08-16.43.25:994][  0]LogTemp: Display: Loaded TP AndroidTargetPlatform
[2018.10.08-16.43.25:994][  0]LogTemp: Display: Loaded TP AndroidTargetPlatform
[2018.10.08-16.43.25:994][  0]LogTemp: Display: Loaded TP AndroidTargetPlatform
[2018.10.08-16.43.25:996][  0]LogTemp: Display: Loaded TP HTML5TargetPlatform
[2018.10.08-16.43.26:054][  0]LogTemp: Display: Loaded TP IOSTargetPlatform
[2018.10.08-16.43.26:054][  0]LogTemp: Display: Loaded TP IOSTargetPlatform
[2018.10.08-16.43.26:076][  0]LogTemp: Display: Loaded TP TVOSTargetPlatform
[2018.10.08-16.43.26:076][  0]LogTemp: Display: Loaded TP TVOSTargetPlatform
[2018.10.08-16.43.26:087][  0]LogTemp: Display: Loaded TP LinuxClientTargetPlatform
[2018.10.08-16.43.26:099][  0]LogTemp: Display: Loaded TP LinuxNoEditorTargetPlatform
[2018.10.08-16.43.26:110][  0]LogTemp: Display: Loaded TP LinuxServerTargetPlatform
[2018.10.08-16.43.26:121][  0]LogTemp: Display: Loaded TP LinuxTargetPlatform
[2018.10.08-16.43.26:129][  0]LogTemp: Display: Loaded TP LuminTargetPlatform
[2018.10.08-16.43.26:129][  0]LogTargetPlatformManager: Display: Building Assets For Windows
[2018.10.08-16.43.26:178][  0]LogXGEController: Cleaning working directory: C:/Users/cm1crt/AppData/Local/Temp/UnrealXGEWorkingDir/
[2018.10.08-16.43.26:178][  0]LogXGEController: Cannot use XGE Controller as Incredibuild is not installed on this machine.
[2018.10.08-16.43.26:178][  0]LogShaderCompilers: Cannot use XGE Shader Compiler as Incredibuild is not installed on this machine.
[2018.10.08-16.43.26:178][  0]LogShaderCompilers: Display: Using Local Shader Compiler.
[2018.10.08-16.43.26:854][  0]LogDerivedDataCache: Display: Max Cache Size: 512 MB
[2018.10.08-16.43.26:909][  0]LogDerivedDataCache: Loaded boot cache 0.05s 87MB C:/Users/cm1crt/AppData/Local/UnrealEngine/4.20/DerivedDataCache/Boot.ddc.
[2018.10.08-16.43.26:909][  0]LogDerivedDataCache: Display: Loaded Boot cache: C:/Users/cm1crt/AppData/Local/UnrealEngine/4.20/DerivedDataCache/Boot.ddc
[2018.10.08-16.43.26:909][  0]LogDerivedDataCache: FDerivedDataBackendGraph:  Pak pak cache file ../../../../../../Temp/cMcRae/Where-s-Wally/MyProject/DerivedDataCache/DDC.ddp not found, will not use a pak cache.
[2018.10.08-16.43.26:910][  0]LogDerivedDataCache: Unable to find inner node Pak for hierarchical cache Hierarchy.
[2018.10.08-16.43.26:910][  0]LogDerivedDataCache: FDerivedDataBackendGraph:  CompressedPak pak cache file ../../../../../../Temp/cMcRae/Where-s-Wally/MyProject/DerivedDataCache/Compressed.ddp not found, will not use a pak cache.
[2018.10.08-16.43.26:910][  0]LogDerivedDataCache: Unable to find inner node CompressedPak for hierarchical cache Hierarchy.
[2018.10.08-16.43.26:921][  0]LogDerivedDataCache: Display: Pak cache opened for reading ../../../Engine/DerivedDataCache/Compressed.ddp.
[2018.10.08-16.43.26:933][  0]LogDerivedDataCache: Using Local data cache path C:/Users/cm1crt/AppData/Local/UnrealEngine/Common/DerivedDataCache: Writable
[2018.10.08-16.43.26:933][  0]LogDerivedDataCache: Shared data cache path not found in *engine.ini, will not use an Shared cache.
[2018.10.08-16.43.26:933][  0]LogDerivedDataCache: Unable to find inner node Shared for hierarchical cache Hierarchy.
[2018.10.08-16.43.26:951][  0]LogMaterial: Verifying Global Shaders for PCD3D_SM5
[2018.10.08-16.43.26:952][  0]LogSlate: Using FreeType 2.6.0
[2018.10.08-16.43.26:952][  0]LogSlate: SlateFontServices - WITH_FREETYPE: 1, WITH_HARFBUZZ: 1
[2018.10.08-16.43.27:020][  0]LogAssetRegistry: FAssetRegistry took 0.0260 seconds to start up
[2018.10.08-16.43.27:313][  0]LogInit: Selected Device Profile: [Windows]
[2018.10.08-16.43.27:356][  0]LogSimplygon: Simplygon DLL not present - disabling.
[2018.10.08-16.43.27:359][  0]LogMeshReduction: Using SimplygonSwarm for distributed automatic mesh merging
[2018.10.08-16.43.27:359][  0]LogMeshReduction: Using ProxyLODMeshReduction for automatic mesh merging
[2018.10.08-16.43.27:359][  0]LogMeshReduction: Using QuadricMeshReduction for automatic static mesh reduction
[2018.10.08-16.43.27:359][  0]LogMeshReduction: No automatic skeletal mesh reduction module available
[2018.10.08-16.43.27:449][  0]LogNetVersion: MyProject 1.0.0, NetCL: 4212847, EngineNetVer: 5, GameNetVer: 0 (Checksum: 1110078900)
[2018.10.08-16.43.27:927][  0]LogPackageLocalizationCache: Processed 11 localized package path(s) for 2 prioritized culture(s) in 0.135054 seconds
[2018.10.08-16.43.27:932][  0]LogUObjectArray: 38425 objects as part of root set at end of initial load.
[2018.10.08-16.43.27:932][  0]LogUObjectAllocator: 6690872 out of 0 bytes used by permanent object pool.
[2018.10.08-16.43.27:932][  0]LogUObjectArray: CloseDisregardForGC: 0/0 objects in disregard for GC pool
[2018.10.08-16.43.28:687][  0]LogTcpMessaging: Initializing TcpMessaging bridge
[2018.10.08-16.43.28:700][  0]LogUdpMessaging: Initializing bridge on interface 0.0.0.0:0 to multicast group 230.0.0.1:6666.
[2018.10.08-16.43.28:871][  0]SourceControl: Source control is disabled
[2018.10.08-16.43.28:871][  0]SourceControl: Source control is disabled
[2018.10.08-16.43.28:872][  0]SourceControl: Source control is disabled
[2018.10.08-16.43.28:873][  0]SourceControl: Source control is disabled
[2018.10.08-16.43.29:026][  0]LogAndroidPermission: UAndroidPermissionCallbackProxy::GetInstance
[2018.10.08-16.43.29:099][  0]LogOcInput: OculusInput pre-init called
[2018.10.08-16.43.29:160][  0]LogEngine: Initializing Engine...
[2018.10.08-16.43.29:161][  0]LogHMD: Failed to initialize OpenVR with code 110
[2018.10.08-16.43.29:162][  0]LogStats: UGameplayTagsManager::ConstructGameplayTagTree: ImportINI prefixes -  0.000 s
[2018.10.08-16.43.29:162][  0]LogStats: UGameplayTagsManager::ConstructGameplayTagTree: Construct from data asset -  0.000 s
[2018.10.08-16.43.29:162][  0]LogStats: UGameplayTagsManager::ConstructGameplayTagTree: ImportINI -  0.000 s
[2018.10.08-16.43.29:162][  0]LogStats: UGameplayTagsManager::ConstructGameplayTagTree: GameplayTagTreeChangedEvent.Broadcast -  0.000 s
[2018.10.08-16.43.29:356][  0]LogInit: Initializing FReadOnlyCVARCache
[2018.10.08-16.43.29:368][  0]LogAIModule: Creating AISystem for world Untitled
[2018.10.08-16.43.29:376][  0]LogInit: XAudio2 using 'Headphones (High Definition Audio Device)' : 2 channels at 48 kHz using 16 bits per sample (channel mask 0x3)
[2018.10.08-16.43.29:386][  0]LogInit: FAudioDevice initialized.
[2018.10.08-16.43.29:386][  0]LogNetVersion: Set ProjectVersion to 1.0.0.0. Version Checksum will be recalculated on next use.
[2018.10.08-16.43.29:550][  0]LogDerivedDataCache: Saved boot cache 0.16s 71MB C:/Users/cm1crt/AppData/Local/UnrealEngine/4.20/DerivedDataCache/Boot.ddc.
[2018.10.08-16.43.29:563][  0]LogInit: Texture streaming: Enabled
[2018.10.08-16.43.29:577][  0]LogEngineSessionManager: EngineSessionManager initialized
[2018.10.08-16.43.29:589][  0]LogInit: Transaction tracking system initialized
[2018.10.08-16.43.29:609][  0]BlueprintLog: New page: Editor Load
[2018.10.08-16.43.29:673][  0]LocalizationService: Localization service is disabled
[2018.10.08-16.43.29:889][  0]LogCook: Display: Max memory allowance for cook 16384mb min free memory 0mb
[2018.10.08-16.43.29:889][  0]LogCook: Display: Mobile HDR setting 1
[2018.10.08-16.43.29:889][  0]LogGameplayTags: Display: UGameplayTagsManager::DoneAddingNativeTags. DelegateIsBound: 0
[2018.10.08-16.43.29:889][  0]LogStats: UGameplayTagsManager::ConstructGameplayTagTree: ImportINI prefixes -  0.000 s
[2018.10.08-16.43.29:889][  0]LogStats: UGameplayTagsManager::ConstructGameplayTagTree: Construct from data asset -  0.000 s
[2018.10.08-16.43.29:889][  0]LogFileCache: Scanning file cache for directory 'C:/Temp/cMcRae/Where-s-Wally/MyProject/Content/' took 0.01s
[2018.10.08-16.43.29:889][  0]LogStats: UGameplayTagsManager::ConstructGameplayTagTree: ImportINI -  0.000 s
[2018.10.08-16.43.29:889][  0]LogStats: UGameplayTagsManager::ConstructGameplayTagTree: GameplayTagTreeChangedEvent.Broadcast -  0.000 s
[2018.10.08-16.43.29:985][  0]SourceControl: Source control is disabled
[2018.10.08-16.43.29:986][  0]Cmd: MAP LOAD FILE="../../../Engine/Content/Maps/Templates/Template_Default.umap" TEMPLATE=1 SHOWPROGRESS=1 FEATURELEVEL=3
[2018.10.08-16.43.29:986][  0]LightingResults: New page: Lighting Build
[2018.10.08-16.43.29:988][  0]MapCheck: New page: Map Check
[2018.10.08-16.43.29:988][  0]LightingResults: New page: Lighting Build
[2018.10.08-16.43.30:164][  0]LogAIModule: Creating AISystem for world Untitled_1
[2018.10.08-16.43.30:170][  0]LogEditorServer: Finished looking for orphan Actors (0.000 secs)
[2018.10.08-16.43.30:190][  0]Cmd: MAP CHECKDEP NOCLEARLOG
[2018.10.08-16.43.30:239][  0]MapCheck: Map check complete: 0 Error(s), 0 Warning(s), took 49.155ms to complete.
[2018.10.08-16.43.30:239][  0]LogFileHelpers: Loading map 'Template_Default' took 0.254
[2018.10.08-16.43.30:325][  0]LogSlate: Updating window title bar state: overlay mode, drag disabled, window buttons hidden, title bar hidden
[2018.10.08-16.43.30:332][  0]LogSlate: Updating window title bar state: overlay mode, drag disabled, window buttons hidden, title bar hidden
[2018.10.08-16.43.30:339][  0]LogSlate: Updating window title bar state: overlay mode, drag disabled, window buttons hidden, title bar hidden
[2018.10.08-16.43.30:346][  0]LogSlate: Updating window title bar state: overlay mode, drag disabled, window buttons hidden, title bar hidden
[2018.10.08-16.43.30:352][  0]LogCollectionManager: Loaded 0 collections in 0.001386 seconds
[2018.10.08-16.43.30:393][  0]LogFileCache: Scanning file cache for directory 'C:/Temp/cMcRae/Where-s-Wally/MyProject/Saved/Collections/' took 0.01s
[2018.10.08-16.43.30:394][  0]LogFileCache: Scanning file cache for directory 'C:/Temp/cMcRae/Where-s-Wally/MyProject/Content/Developers/cm1crt/Collections/' took 0.01s
[2018.10.08-16.43.30:394][  0]LogFileCache: Scanning file cache for directory 'C:/Temp/cMcRae/Where-s-Wally/MyProject/Content/Collections/' took 0.01s
[2018.10.08-16.43.30:394][  0]LogCollectionManager: Rebuilt the GUID cache for 0 collections in 0.000000 seconds
[2018.10.08-16.43.30:401][  0]LogContentBrowser: Native class hierarchy populated in 0.0078 seconds. Added 2573 classes and 605 folders.
[2018.10.08-16.43.30:407][  0]LogContentBrowser: Native class hierarchy updated for 'WidgetCarousel' in 0.0004 seconds. Added 0 classes and 0 folders.
[2018.10.08-16.43.30:445][  0]LogContentBrowser: Native class hierarchy updated for 'AddContentDialog' in 0.0003 seconds. Added 0 classes and 0 folders.
[2018.10.08-16.43.30:449][  0]LogContentBrowser: Native class hierarchy updated for 'SceneOutliner' in 0.0004 seconds. Added 1 classes and 2 folders.
[2018.10.08-16.43.30:460][  0]LogSlate: Took 0.000165 seconds to synchronously load lazily loaded font '../../../Engine/Content/Slate/Fonts/Roboto-Regular.ttf' (155K)
[2018.10.08-16.43.30:462][  0]LogSlate: Took 0.000246 seconds to synchronously load lazily loaded font '../../../Engine/Content/Slate/Fonts/Roboto-Bold.ttf' (160K)
[2018.10.08-16.43.30:468][  0]LogSlate: Took 0.000289 seconds to synchronously load lazily loaded font '../../../Engine/Content/Editor/Slate/Fonts/FontAwesome.ttf' (139K)
[2018.10.08-16.43.30:552][  0]LogRenderer: Reallocating scene render targets to support 1208x576 Format 10 NumSamples 1 (Frame:1).
[2018.10.08-16.43.30:660][  0]LogContentBrowser: Native class hierarchy updated for 'HierarchicalLODOutliner' in 0.0003 seconds. Added 0 classes and 0 folders.
[2018.10.08-16.43.30:660][  0]LogLoad: (Engine Initialization) Total time: 7.32 seconds
[2018.10.08-16.43.30:660][  0]LogLoad: (Engine Initialization) Total Blueprint compile time: 0.00 seconds
[2018.10.08-16.43.30:670][  0]LogWindowsTextInputMethodSystem: Display: IME system now deactivated.
[2018.10.08-16.43.30:688][  0]LogAssetRegistry: Asset discovery search completed in 3.6903 seconds
[2018.10.08-16.43.30:690][  0]LogCollectionManager: Rebuilt the object cache for 0 collections in 0.000000 seconds (found 0 objects)
[2018.10.08-16.43.30:690][  0]LogCollectionManager: Fixed up redirectors for 0 collections in 0.000048 seconds (updated 0 objects)
[2018.10.08-16.43.30:692][  0]LogContentStreaming: Texture pool size now 1000 MB
[2018.10.08-16.45.28:079][474]LogSlate: FSceneViewport::OnFocusLost() reason 0
[2018.10.08-16.45.30:487][742]LogSlate: Took 0.000210 seconds to synchronously load lazily loaded font '../../../Engine/Content/Slate/Fonts/Roboto-Light.ttf' (167K)
[2018.10.08-16.45.43:067][222]LogSlate: Took 0.000176 seconds to synchronously load lazily loaded font '../../../Engine/Content/Slate/Fonts/Roboto-Light.ttf' (167K)
[2018.10.08-16.45.43:126][222]LogSlate: Took 0.000259 seconds to synchronously load lazily loaded font '../../../Engine/Content/Slate/Fonts/Roboto-BoldCondensed.ttf' (158K)
[2018.10.08-16.48.37:317][113]LogSlate: Window 'Add C++ Class' being destroyed
[2018.10.08-16.48.40:097][426]LogAssetEditorManager: Opening Asset editor for Class /Script/MyProject.MyProjectGameModeBase
[2018.10.08-16.49.29:407][172]LogVSAccessor: Warning: Visual Studio is open but could not be queried - it may be blocked by a modal operation
[2018.10.08-17.05.43:237][733]Running C:/Program Files/Epic Games/UE_4.20/Engine/Binaries/DotNET/UnrealBuildTool.exe Win64 Development -TargetType=Editor -Project="C:/Temp/cMcRae/Where-s-Wally/MyProject/MyProject.uproject" -invalidatemakefilesonly
[2018.10.08-17.05.48:700][733]Invalidating makefiles only in this run.
[2018.10.08-17.05.48:882][733]Candidate modules for hot reload:
[2018.10.08-17.05.48:882][733]  MyProject
[2018.10.08-17.05.48:882][733]Launching UnrealBuildTool... [C:/Program Files/Epic Games/UE_4.20/Engine/Binaries/DotNET/UnrealBuildTool.exe  -ModuleWithSuffix=MyProject,718 Win64 Development -TargetType=Editor -Project="../../../../../../Temp/cMcRae/Where-s-Wally/MyProject/MyProject.uproject" -canskiplink "C:/Temp/cMcRae/Where-s-Wally/MyProject/MyProject.uproject" ]
[2018.10.08-17.07.46:522][733]CompilerResultsLog: New page: Compilation - 8 Oct 2018 19:07:46
[2018.10.08-17.07.46:522][733]CompilerResultsLog: Performing full C++ include scan (hot reloading a new target)
[2018.10.08-17.07.46:522][733]CompilerResultsLog: Using 'git status' to determine working set for adaptive non-unity build.
[2018.10.08-17.07.46:522][733]CompilerResultsLog: Creating makefile for hot reloading MyProjectEditor (no existing makefile)
[2018.10.08-17.07.46:522][733]CompilerResultsLog: Compiling game modules for hot reload
[2018.10.08-17.07.46:522][733]CompilerResultsLog: Using Visual Studio 2017 14.15.26726 toolchain (C:\Program Files (x86)\Microsoft Visual Studio\2017\Enterprise\VC\Tools\MSVC\14.15.26726) and Windows 10.0.15063.0 SDK (C:\Program Files (x86)\Windows Kits\10).
[2018.10.08-17.07.46:522][733]CompilerResultsLog: Parsing headers for MyProjectEditor
[2018.10.08-17.07.46:522][733]CompilerResultsLog:   Running UnrealHeaderTool "C:\Temp\cMcRae\Where-s-Wally\MyProject\MyProject.uproject" "C:\Temp\cMcRae\Where-s-Wally\MyProject\Intermediate\Build\Win64\MyProjectEditor\Development\MyProjectEditor.uhtmanifest" -LogCmds="loginit warning, logexit warning, logdatabase error" -Unattended -WarningsAsErrors -installed
[2018.10.08-17.07.46:522][733]CompilerResultsLog: Reflection code generated for MyProjectEditor in 25.1571486 seconds
[2018.10.08-17.07.46:522][733]CompilerResultsLog: Building 10 actions with 8 processes...
[2018.10.08-17.07.46:522][733]CompilerResultsLog:   [1/10] PCLaunch.rc
[2018.10.08-17.07.46:522][733]CompilerResultsLog:   [2/10] SharedPCH.Engine.cpp
[2018.10.08-17.07.46:523][733]CompilerResultsLog:   [3/10] MyProjectGameModeBase.cpp
[2018.10.08-17.07.46:523][733]CompilerResultsLog:   [4/10] MyProject.init.gen.cpp
[2018.10.08-17.07.46:523][733]CompilerResultsLog:   [5/10] MyProjectGameModeBase.gen.cpp
[2018.10.08-17.07.46:523][733]CompilerResultsLog:   [6/10] MyProject.cpp
[2018.10.08-17.07.46:523][733]CompilerResultsLog:   [7/10] Wally.gen.cpp
[2018.10.08-17.07.46:523][733]CompilerResultsLog:   [8/10] Wally.cpp
[2018.10.08-17.07.46:523][733]CompilerResultsLog:   [9/10] UE4Editor-MyProject-718.lib
[2018.10.08-17.07.46:523][733]CompilerResultsLog:      Creating library C:\Temp\cMcRae\Where-s-Wally\MyProject\Intermediate\Build\Win64\UE4Editor\Development\MyProject\UE4Editor-MyProject-718.lib and object C:\Temp\cMcRae\Where-s-Wally\MyProject\Intermediate\Build\Win64\UE4Editor\Development\MyProject\UE4Editor-MyProject-718.exp
[2018.10.08-17.07.46:523][733]CompilerResultsLog:   [10/10] UE4Editor-MyProject-718.dll
[2018.10.08-17.07.46:523][733]CompilerResultsLog:      Creating library C:\Temp\cMcRae\Where-s-Wally\MyProject\Intermediate\Build\Win64\UE4Editor\Development\MyProject\UE4Editor-MyProject-718.suppressed.lib and object C:\Temp\cMcRae\Where-s-Wally\MyProject\Intermediate\Build\Win64\UE4Editor\Development\MyProject\UE4Editor-MyProject-718.suppressed.exp
[2018.10.08-17.07.46:523][733]CompilerResultsLog: Total build time: 117.34 seconds (Parallel executor: 53.79 seconds)
[2018.10.08-17.07.46:523][733]LogMainFrame: MainFrame: Module compiling took 117.649 seconds
[2018.10.08-17.07.46:687][733]LogClass: Could not find existing class Wally in package /Script/MyProject for HotReload, assuming new class
[2018.10.08-17.07.46:689][733]LogContentBrowser: Native class hierarchy updated for 'MyProject' in 0.0005 seconds. Added 2 classes and 2 folders.
[2018.10.08-17.07.46:691][733]Display: HotReload successful (0 functions remapped  0 scriptstructs remapped)
[2018.10.08-17.07.46:810][733]LogContentBrowser: Native class hierarchy populated in 0.0097 seconds. Added 2575 classes and 607 folders.
[2018.10.08-17.07.46:810][733]Display: HotReload took 117.9s.
[2018.10.08-17.07.46:811][733]Warning: HotReload operation took 117.9s.
[2018.10.08-17.07.47:148][733]LogVSAccessor: Warning: Couldn't goto line number '1' in 'C:/Temp/cMcRae/Where-s-Wally/MyProject/Source/MyProject/Wally.h'
[2018.10.08-17.07.47:269][733]LogSlate: Window 'Add C++ Class' being destroyed
[2018.10.08-17.07.47:278][733]LogHotReload: New module detected: UE4Editor-MyProject-718.dll
[2018.10.08-17.07.47:314][734]LogHotReload: Starting Hot-Reload from IDE
[2018.10.08-17.07.47:346][734]LogContentBrowser: Native class hierarchy updated for 'MyProject' in 0.0003 seconds. Added 2 classes and 2 folders.
[2018.10.08-17.07.47:348][734]Display: HotReload successful (0 functions remapped  0 scriptstructs remapped)
[2018.10.08-17.07.47:382][734]LogContentBrowser: Native class hierarchy populated in 0.0111 seconds. Added 2575 classes and 607 folders.
[2018.10.08-17.07.47:385][734]Display: HotReload took  0.1s.
