Log file open, 10/18/18 10:42:16
LogWindows: Failed to load 'aqProf.dll' (GetLastError=126)
LogWindows: File 'aqProf.dll' does not exist
LogWindows: Failed to load 'VtuneApi.dll' (GetLastError=126)
LogWindows: File 'VtuneApi.dll' does not exist
LogWindows: Failed to load 'VtuneApi32e.dll' (GetLastError=126)
LogWindows: File 'VtuneApi32e.dll' does not exist
LogInit: Display: Running engine for game: MyProject
LogPlatformFile: Not using cached read wrapper
LogTaskGraph: Started task graph with 5 named threads and 14 total threads with 3 sets of task threads.
LogStats: Stats thread started at 0.175859
LogD3D11RHI: Loaded GFSDK_Aftermath_Lib.x64.dll
LogICUInternationalization: Display: ICU TimeZone Detection - Raw Offset: +0:00, Platform Override: ''
LogPluginManager: Mounting plugin Paper2D
LogPluginManager: Mounting plugin AISupport
LogPluginManager: Mounting plugin LightPropagationVolume
LogPluginManager: Mounting plugin CLionSourceCodeAccess
LogPluginManager: Mounting plugin CodeLiteSourceCodeAccess
LogPluginManager: Mounting plugin GitSourceControl
LogPluginManager: Mounting plugin KDevelopSourceCodeAccess
LogPluginManager: Mounting plugin NullSourceCodeAccess
LogPluginManager: Mounting plugin PerforceSourceControl
LogPluginManager: Mounting plugin SubversionSourceControl
LogPluginManager: Mounting plugin UObjectPlugin
LogPluginManager: Mounting plugin VisualStudioCodeSourceCodeAccess
LogPluginManager: Mounting plugin VisualStudioSourceCodeAccess
LogPluginManager: Mounting plugin XCodeSourceCodeAccess
LogPluginManager: Mounting plugin AssetManagerEditor
LogPluginManager: Mounting plugin CryptoKeys
LogPluginManager: Mounting plugin DataValidation
LogPluginManager: Mounting plugin FacialAnimation
LogPluginManager: Mounting plugin GameplayTagsEditor
LogPluginManager: Mounting plugin MacGraphicsSwitching
LogPluginManager: Mounting plugin MeshEditor
LogPluginManager: Mounting plugin MobileLauncherProfileWizard
LogPluginManager: Mounting plugin PluginBrowser
LogPluginManager: Mounting plugin SpeedTreeImporter
LogPluginManager: Mounting plugin DatasmithContent
LogPluginManager: Mounting plugin AlembicImporter
LogPluginManager: Mounting plugin AppleImageUtils
LogPluginManager: Mounting plugin AppleVision
LogPluginManager: Mounting plugin BackChannel
LogPluginManager: Mounting plugin CharacterAI
LogPluginManager: Mounting plugin GeometryCache
LogPluginManager: Mounting plugin HTML5Networking
LogPluginManager: Mounting plugin ProxyLODPlugin
LogPluginManager: Mounting plugin MagicLeap
LogPluginManager: Mounting plugin MagicLeapEmulator
LogPluginManager: Mounting plugin MagicLeapMedia
LogPluginManager: Mounting plugin AndroidMedia
LogPluginManager: Mounting plugin AvfMedia
LogPluginManager: Mounting plugin ImgMedia
LogPluginManager: Mounting plugin LinearTimecode
LogPluginManager: Mounting plugin MediaCompositing
LogPluginManager: Mounting plugin MediaPlayerEditor
LogPluginManager: Mounting plugin WmfMedia
LogPluginManager: Mounting plugin TcpMessaging
LogPluginManager: Mounting plugin UdpMessaging
LogPluginManager: Mounting plugin ActorSequence
LogPluginManager: Mounting plugin LevelSequenceEditor
LogPluginManager: Mounting plugin MatineeToLevelSequence
LogPluginManager: Mounting plugin NetcodeUnitTest
LogPluginManager: Mounting plugin NUTUnrealEngine4
LogPluginManager: Mounting plugin OnlineSubsystemGooglePlay
LogPluginManager: Mounting plugin OnlineSubsystemIOS
LogPluginManager: Mounting plugin OnlineSubsystem
LogPluginManager: Mounting plugin OnlineSubsystemNull
LogPluginManager: Mounting plugin OnlineSubsystemUtils
LogPluginManager: Mounting plugin LauncherChunkInstaller
LogPluginManager: Mounting plugin AndroidDeviceProfileSelector
LogPluginManager: Mounting plugin AndroidMoviePlayer
LogPluginManager: Mounting plugin AndroidPermission
LogPluginManager: Mounting plugin AppleMoviePlayer
LogPluginManager: Mounting plugin ArchVisCharacter
LogPluginManager: Mounting plugin AudioCapture
LogPluginManager: Mounting plugin CableComponent
LogPluginManager: Mounting plugin CustomMeshComponent
LogPluginManager: Mounting plugin EditableMesh
LogPluginManager: Mounting plugin ExampleDeviceProfileSelector
LogPluginManager: Mounting plugin GoogleCloudMessaging
LogPluginManager: Mounting plugin ImmediatePhysics
LogPluginManager: Mounting plugin IOSDeviceProfileSelector
LogPluginManager: Mounting plugin LinuxDeviceProfileSelector
LogPluginManager: Mounting plugin LocationServicesBPLibrary
LogPluginManager: Mounting plugin MobilePatchingUtils
LogPluginManager: Mounting plugin OculusVR
LogPluginManager: Plugin shader directory ../../../Engine/Plugins/Runtime/Oculus/OculusVR/Shaders found
LogPluginManager: Mapping shader source directory ../../../Engine/Plugins/Runtime/Oculus/OculusVR/Shaders to virtual directory /Plugin/OculusVR
LogPluginManager: Mounting plugin PhysXVehicles
LogPluginManager: Mounting plugin ProceduralMeshComponent
LogPluginManager: Mounting plugin RuntimePhysXCooking
LogPluginManager: Mounting plugin SteamVR
LogPluginManager: Mounting plugin WindowsMoviePlayer
LogStreaming: Display: Took  1.009s to configure plugins.
LogInit: Using libcurl 7.55.1-DEV
LogInit:  - built for x86_64-pc-win32
LogInit:  - supports SSL with OpenSSL/1.0.2h
LogInit:  - supports HTTP deflate (compression) using libz 1.2.8
LogInit:  - other features:
LogInit:      CURL_VERSION_SSL
LogInit:      CURL_VERSION_LIBZ
LogInit:      CURL_VERSION_IPV6
LogInit:      CURL_VERSION_ASYNCHDNS
LogInit:      CURL_VERSION_LARGEFILE
LogInit:      CURL_VERSION_IDN
LogInit:  CurlRequestOptions (configurable via config and command line):
LogInit:  - bVerifyPeer = false  - Libcurl will NOT verify peer certificate
LogInit:  - bUseHttpProxy = false  - Libcurl will NOT use HTTP proxy
LogInit:  - bDontReuseConnections = false  - Libcurl will reuse connections
LogInit:  - CertBundlePath = nullptr  - Libcurl will use whatever was configured at build time.
LogInit:  - MaxHostConnections = 16  - Libcurl will limit the number of connections to a host
LogInit:  - LocalHostAddr = Default
LogInit:  - BufferSize = 65536
LogInit: WinSock: version 1.1 (2.2), MaxSocks=32767, MaxUdp=65467
LogInit: Build: ++UE4+Release-4.20-CL-4369336
LogInit: Engine Version: 4.20.3-4369336+++UE4+Release-4.20
LogInit: Compatible Engine Version: 4.20.0-4212847+++UE4+Release-4.20
LogInit: Net CL: 4212847
LogInit: OS: Windows 10 (), CPU: Intel(R) Core(TM) i5-6600K CPU @ 3.50GHz, GPU: NVIDIA GeForce GTX 970
LogInit: Compiled (64-bit): Sep 17 2018 12:26:19
LogInit: Compiled with Visual C++: 19.13.26129.00
LogInit: Build Configuration: Development
LogInit: Branch Name: ++UE4+Release-4.20
LogInit: Command Line: 
LogInit: Base Directory: C:/Program Files (x86)/Epic Games/UE_4.20/Engine/Binaries/Win64/
LogInit: Installed Engine Build: 1
LogDevObjectVersion: Number of dev versions registered: 20
LogDevObjectVersion:   Dev-Blueprints (B0D832E4-1F89-4F0D-ACCF-7EB736FD4AA2): 10
LogDevObjectVersion:   Dev-Build (E1C64328-A22C-4D53-A36C-8E866417BD8C): 0
LogDevObjectVersion:   Dev-Core (375EC13C-06E4-48FB-B500-84F0262A717E): 2
LogDevObjectVersion:   Dev-Editor (E4B068ED-F494-42E9-A231-DA0B2E46BB41): 24
LogDevObjectVersion:   Dev-Framework (CFFC743F-43B0-4480-9391-14DF171D2073): 34
LogDevObjectVersion:   Dev-Mobile (B02B49B5-BB20-44E9-A304-32B752E40360): 2
LogDevObjectVersion:   Dev-Networking (A4E4105C-59A1-49B5-A7C5-40C4547EDFEE): 0
LogDevObjectVersion:   Dev-Online (39C831C9-5AE6-47DC-9A44-9C173E1C8E7C): 0
LogDevObjectVersion:   Dev-Physics (78F01B33-EBEA-4F98-B9B4-84EACCB95AA2): 0
LogDevObjectVersion:   Dev-Platform (6631380F-2D4D-43E0-8009-CF276956A95A): 0
LogDevObjectVersion:   Dev-Rendering (12F88B9F-8875-4AFC-A67C-D90C383ABD29): 26
LogDevObjectVersion:   Dev-Sequencer (7B5AE74C-D270-4C10-A958-57980B212A5A): 9
LogDevObjectVersion:   Dev-VR (D7296918-1DD6-4BDD-9DE2-64A83CC13884): 2
LogDevObjectVersion:   Dev-LoadTimes (C2A15278-BFE7-4AFE-6C17-90FF531DF755): 1
LogDevObjectVersion:   Private-Geometry (6EACA3D4-40EC-4CC1-B786-8BED09428FC5): 3
LogDevObjectVersion:   Dev-AnimPhys (29E575DD-E0A3-4627-9D10-D276232CDCEA): 17
LogDevObjectVersion:   Dev-ReflectionCapture (6B266CEC-1EC7-4B8F-A30B-E4D90942FC07): 1
LogDevObjectVersion:   Dev-Automation (0DF73D61-A23F-47EA-B727-89E90C41499A): 1
LogDevObjectVersion:   FortniteMain (601D1886-AC64-4F84-AA16-D3DE0DEAC7D6): 12
LogDevObjectVersion:   Dev-Enterprise (9DFFBCD6-494F-0158-E221-12823C92A888): 1
LogStreaming: Display: Took  0.002s to delete old logs.
LogInit: Presizing for max 8388607 objects, including 0 objects not considered by GC, pre-allocating 0 bytes for permanent pool.
LogInit: Object subsystem initialized
[2018.10.18-09.42.17:864][  0]LogInit: Selected Device Profile: [Windows]
[2018.10.18-09.42.17:864][  0]LogInit: Applying CVar settings loaded from the selected device profile: [Windows]
[2018.10.18-09.42.17:886][  0]LogHAL: Display: Platform has ~ 16 GB [17097166848 / 17179869184 / 16], which maps to Larger [LargestMinGB=32, LargerMinGB=12, DefaultMinGB=8, SmallerMinGB=6, SmallestMinGB=0)
[2018.10.18-09.42.17:886][  0]LogInit: Setting Device Profile CVar: [[r.Vulkan.UseRealUBs:1]]
[2018.10.18-09.42.17:886][  0]LogInit: Going up to parent DeviceProfile []
[2018.10.18-09.42.17:886][  0]LogInit: Computer: CAM-GAME-PC
[2018.10.18-09.42.17:886][  0]LogInit: User: England90111
[2018.10.18-09.42.17:886][  0]LogInit: CPU Page size=4096, Cores=4
[2018.10.18-09.42.17:886][  0]LogInit: High frequency timer resolution =3.421870 MHz
[2018.10.18-09.42.17:886][  0]LogMemory: Memory total: Physical=15.9GB (16GB approx)
[2018.10.18-09.42.17:886][  0]LogMemory: Platform Memory Stats for Windows
[2018.10.18-09.42.17:886][  0]LogMemory: Process Physical Memory: 100.43 MB used, 100.43 MB peak
[2018.10.18-09.42.17:886][  0]LogMemory: Process Virtual Memory: 84.27 MB used, 84.27 MB peak
[2018.10.18-09.42.17:886][  0]LogMemory: Physical Memory: 6170.92 MB used,  10134.21 MB free, 16305.13 MB total
[2018.10.18-09.42.17:886][  0]LogMemory: Virtual Memory: 4620.51 MB used,  10134.21 MB free, 134217728.00 MB total
[2018.10.18-09.42.17:918][  0]LogInit: Using OS detected language (en-GB).
[2018.10.18-09.42.17:918][  0]LogInit: Using OS detected locale (en-GB).
[2018.10.18-09.42.17:919][  0]LogTextLocalizationManager: No specific localization for 'en-GB' exists, so the 'en' localization will be used.
[2018.10.18-09.42.18:207][  0]LogStreaming: Display: Took  0.288s to InitEngineTextLocalization.
[2018.10.18-09.42.18:207][  0]LogInit: Setting process to per monitor DPI aware
[2018.10.18-09.42.18:228][  0]LogSlate: New Slate User Created.  User Index 0, Is Virtual User: 0
[2018.10.18-09.42.18:228][  0]LogSlate: Slate User Registered.  User Index 0, Is Virtual User: 0
[2018.10.18-09.42.18:368][  0]LogHMD: Failed to initialize OpenVR with code 100
[2018.10.18-09.42.18:368][  0]LogD3D11RHI: D3D11 adapters:
[2018.10.18-09.42.18:408][  0]LogD3D11RHI:    0. 'NVIDIA GeForce GTX 970' (Feature Level 11_0)
[2018.10.18-09.42.18:408][  0]LogD3D11RHI:       4043/0/8152 MB DedicatedVideo/DedicatedSystem/SharedSystem, Outputs:2, VendorId:0x10de
[2018.10.18-09.42.18:411][  0]LogD3D11RHI:    1. 'Microsoft Basic Render Driver' (Feature Level 11_0)
[2018.10.18-09.42.18:411][  0]LogD3D11RHI:       0/0/8152 MB DedicatedVideo/DedicatedSystem/SharedSystem, Outputs:0, VendorId:0x1414
[2018.10.18-09.42.18:411][  0]LogD3D11RHI: Chosen D3D11 Adapter: 0
[2018.10.18-09.42.18:416][  0]LogD3D11RHI: Creating new Direct3DDevice
[2018.10.18-09.42.18:417][  0]LogD3D11RHI:     GPU DeviceId: 0x13c2 (for the marketing name, search the web for "GPU Device Id")
[2018.10.18-09.42.18:417][  0]LogWindows: EnumDisplayDevices:
[2018.10.18-09.42.18:417][  0]LogWindows:    0. 'NVIDIA GeForce GTX 970' (P:1 D:1)
[2018.10.18-09.42.18:417][  0]LogWindows:    1. 'NVIDIA GeForce GTX 970' (P:0 D:1)
[2018.10.18-09.42.18:417][  0]LogWindows:    2. 'NVIDIA GeForce GTX 970' (P:0 D:0)
[2018.10.18-09.42.18:417][  0]LogWindows:    3. 'NVIDIA GeForce GTX 970' (P:0 D:0)
[2018.10.18-09.42.18:417][  0]LogWindows:    4. 'LMIMIRR' (P:0 D:0)
[2018.10.18-09.42.18:417][  0]LogWindows: DebugString: GetVideoDriverDetailsInvalid PrimaryIsNotTheChoosenAdapter FoundDriverCount:4 
[2018.10.18-09.42.18:417][  0]LogD3D11RHI:     Adapter Name: NVIDIA GeForce GTX 970
[2018.10.18-09.42.18:418][  0]LogD3D11RHI:   Driver Version: 398.36 (internal:24.21.13.9836, unified:398.36)
[2018.10.18-09.42.18:418][  0]LogD3D11RHI:      Driver Date: 6-24-2018
[2018.10.18-09.42.18:418][  0]LogRHI: Texture pool is 2830 MB (70% of 4043 MB)
[2018.10.18-09.42.18:446][  0]LogD3D11RHI: Async texture creation enabled
[2018.10.18-09.42.19:351][  0]LogD3D11RHI: GPU Timing Frequency: 1000.000000 (Debug: 2 2)
[2018.10.18-09.42.19:447][  0]LogShaderCompilers: Guid format shader working directory is 1 characters bigger than the processId version (../../../../../../Uni/Year 3/Where-s-Wally/MyProject/Intermediate/Shaders/WorkingDirectory/9776/).
[2018.10.18-09.42.19:448][  0]LogShaderCompilers: Cleaned the shader compiler working directory 'C:/Users/England90111/AppData/Local/Temp/UnrealShaderWorkingDir/F6FC555F47E7147FC6FA468AA430C75C/'.
[2018.10.18-09.42.19:651][  0]LogTemp: Display: Loaded TP AllDesktopTargetPlatform
[2018.10.18-09.42.19:662][  0]LogTemp: Display: Loaded TP MacClientTargetPlatform
[2018.10.18-09.42.19:672][  0]LogTemp: Display: Loaded TP MacNoEditorTargetPlatform
[2018.10.18-09.42.19:684][  0]LogTemp: Display: Loaded TP MacServerTargetPlatform
[2018.10.18-09.42.19:695][  0]LogTemp: Display: Loaded TP MacTargetPlatform
[2018.10.18-09.42.19:705][  0]LogTemp: Display: Loaded TP WindowsClientTargetPlatform
[2018.10.18-09.42.19:715][  0]LogTemp: Display: Loaded TP WindowsNoEditorTargetPlatform
[2018.10.18-09.42.19:726][  0]LogTemp: Display: Loaded TP WindowsServerTargetPlatform
[2018.10.18-09.42.19:731][  0]LogTemp: Display: Loaded TP WindowsTargetPlatform
[2018.10.18-09.42.19:790][  0]LogTemp: Display: Loaded TP AndroidTargetPlatform
[2018.10.18-09.42.19:790][  0]LogTemp: Display: Loaded TP AndroidTargetPlatform
[2018.10.18-09.42.19:790][  0]LogTemp: Display: Loaded TP AndroidTargetPlatform
[2018.10.18-09.42.19:790][  0]LogTemp: Display: Loaded TP AndroidTargetPlatform
[2018.10.18-09.42.19:790][  0]LogTemp: Display: Loaded TP AndroidTargetPlatform
[2018.10.18-09.42.19:790][  0]LogTemp: Display: Loaded TP AndroidTargetPlatform
[2018.10.18-09.42.19:790][  0]LogTemp: Display: Loaded TP AndroidTargetPlatform
[2018.10.18-09.42.19:790][  0]LogTemp: Display: Loaded TP AndroidTargetPlatform
[2018.10.18-09.42.19:790][  0]LogTemp: Display: Loaded TP AndroidTargetPlatform
[2018.10.18-09.42.19:790][  0]LogTemp: Display: Loaded TP AndroidTargetPlatform
[2018.10.18-09.42.19:790][  0]LogTemp: Display: Loaded TP AndroidTargetPlatform
[2018.10.18-09.42.19:790][  0]LogTemp: Display: Loaded TP AndroidTargetPlatform
[2018.10.18-09.42.19:790][  0]LogTemp: Display: Loaded TP AndroidTargetPlatform
[2018.10.18-09.42.19:790][  0]LogTemp: Display: Loaded TP AndroidTargetPlatform
[2018.10.18-09.42.19:790][  0]LogTemp: Display: Loaded TP AndroidTargetPlatform
[2018.10.18-09.42.19:790][  0]LogTemp: Display: Loaded TP AndroidTargetPlatform
[2018.10.18-09.42.19:790][  0]LogTemp: Display: Loaded TP AndroidTargetPlatform
[2018.10.18-09.42.19:790][  0]LogTemp: Display: Loaded TP AndroidTargetPlatform
[2018.10.18-09.42.19:791][  0]LogTemp: Display: Loaded TP HTML5TargetPlatform
[2018.10.18-09.42.19:847][  0]LogTemp: Display: Loaded TP IOSTargetPlatform
[2018.10.18-09.42.19:847][  0]LogTemp: Display: Loaded TP IOSTargetPlatform
[2018.10.18-09.42.19:870][  0]LogTemp: Display: Loaded TP TVOSTargetPlatform
[2018.10.18-09.42.19:870][  0]LogTemp: Display: Loaded TP TVOSTargetPlatform
[2018.10.18-09.42.19:880][  0]LogTemp: Display: Loaded TP LinuxClientTargetPlatform
[2018.10.18-09.42.19:890][  0]LogTemp: Display: Loaded TP LinuxNoEditorTargetPlatform
[2018.10.18-09.42.19:899][  0]LogTemp: Display: Loaded TP LinuxServerTargetPlatform
[2018.10.18-09.42.19:910][  0]LogTemp: Display: Loaded TP LinuxTargetPlatform
[2018.10.18-09.42.19:917][  0]LogTemp: Display: Loaded TP LuminTargetPlatform
[2018.10.18-09.42.19:917][  0]LogTargetPlatformManager: Display: Building Assets For Windows
[2018.10.18-09.42.19:969][  0]LogXGEController: Cannot use XGE Controller as Incredibuild is not installed on this machine.
[2018.10.18-09.42.19:969][  0]LogShaderCompilers: Cannot use XGE Shader Compiler as Incredibuild is not installed on this machine.
[2018.10.18-09.42.19:969][  0]LogShaderCompilers: Display: Using Local Shader Compiler.
[2018.10.18-09.42.20:542][  0]LogDerivedDataCache: Display: Max Cache Size: 512 MB
[2018.10.18-09.42.20:590][  0]LogDerivedDataCache: Loaded boot cache 0.05s 71MB C:/Users/England90111/AppData/Local/UnrealEngine/4.20/DerivedDataCache/Boot.ddc.
[2018.10.18-09.42.20:590][  0]LogDerivedDataCache: Display: Loaded Boot cache: C:/Users/England90111/AppData/Local/UnrealEngine/4.20/DerivedDataCache/Boot.ddc
[2018.10.18-09.42.20:590][  0]LogDerivedDataCache: FDerivedDataBackendGraph:  Pak pak cache file ../../../../../../Uni/Year 3/Where-s-Wally/MyProject/DerivedDataCache/DDC.ddp not found, will not use a pak cache.
[2018.10.18-09.42.20:590][  0]LogDerivedDataCache: Unable to find inner node Pak for hierarchical cache Hierarchy.
[2018.10.18-09.42.20:590][  0]LogDerivedDataCache: FDerivedDataBackendGraph:  CompressedPak pak cache file ../../../../../../Uni/Year 3/Where-s-Wally/MyProject/DerivedDataCache/Compressed.ddp not found, will not use a pak cache.
[2018.10.18-09.42.20:590][  0]LogDerivedDataCache: Unable to find inner node CompressedPak for hierarchical cache Hierarchy.
[2018.10.18-09.42.20:600][  0]LogDerivedDataCache: Display: Pak cache opened for reading ../../../Engine/DerivedDataCache/Compressed.ddp.
[2018.10.18-09.42.20:612][  0]LogDerivedDataCache: Using Local data cache path C:/Users/England90111/AppData/Local/UnrealEngine/Common/DerivedDataCache: Writable
[2018.10.18-09.42.20:612][  0]LogDerivedDataCache: Shared data cache path not found in *engine.ini, will not use an Shared cache.
[2018.10.18-09.42.20:612][  0]LogDerivedDataCache: Unable to find inner node Shared for hierarchical cache Hierarchy.
[2018.10.18-09.42.20:625][  0]LogMaterial: Verifying Global Shaders for PCD3D_SM5
[2018.10.18-09.42.20:627][  0]LogSlate: Using FreeType 2.6.0
[2018.10.18-09.42.20:627][  0]LogSlate: SlateFontServices - WITH_FREETYPE: 1, WITH_HARFBUZZ: 1
[2018.10.18-09.42.20:693][  0]LogAssetRegistry: FAssetRegistry took 0.0252 seconds to start up
[2018.10.18-09.42.20:927][  0]LogInit: Selected Device Profile: [Windows]
[2018.10.18-09.42.21:033][  0]LogSimplygon: Simplygon DLL not present - disabling.
[2018.10.18-09.42.21:036][  0]LogMeshReduction: Using SimplygonSwarm for distributed automatic mesh merging
[2018.10.18-09.42.21:036][  0]LogMeshReduction: Using ProxyLODMeshReduction for automatic mesh merging
[2018.10.18-09.42.21:036][  0]LogMeshReduction: Using QuadricMeshReduction for automatic static mesh reduction
[2018.10.18-09.42.21:036][  0]LogMeshReduction: No automatic skeletal mesh reduction module available
[2018.10.18-09.42.21:052][  0]LogNetVersion: MyProject 1.0.0, NetCL: 4212847, EngineNetVer: 5, GameNetVer: 0 (Checksum: 1110078900)
[2018.10.18-09.42.21:470][  0]LogPackageLocalizationCache: Processed 11 localized package path(s) for 2 prioritized culture(s) in 0.116376 seconds
[2018.10.18-09.42.21:475][  0]LogUObjectArray: 38425 objects as part of root set at end of initial load.
[2018.10.18-09.42.21:475][  0]LogUObjectAllocator: 6690872 out of 0 bytes used by permanent object pool.
[2018.10.18-09.42.21:475][  0]LogUObjectArray: CloseDisregardForGC: 0/0 objects in disregard for GC pool
[2018.10.18-09.42.22:130][  0]LogTcpMessaging: Initializing TcpMessaging bridge
[2018.10.18-09.42.22:142][  0]LogUdpMessaging: Initializing bridge on interface 0.0.0.0:0 to multicast group 230.0.0.1:6666.
[2018.10.18-09.42.22:588][  0]SourceControl: Source control is disabled
[2018.10.18-09.42.22:588][  0]SourceControl: Source control is disabled
[2018.10.18-09.42.22:589][  0]SourceControl: Source control is disabled
[2018.10.18-09.42.22:590][  0]SourceControl: Source control is disabled
[2018.10.18-09.42.22:731][  0]LogAndroidPermission: UAndroidPermissionCallbackProxy::GetInstance
[2018.10.18-09.42.22:808][  0]LogOcInput: OculusInput pre-init called
[2018.10.18-09.42.22:978][  0]LogEngine: Initializing Engine...
[2018.10.18-09.42.22:979][  0]LogHMD: Failed to initialize OpenVR with code 100
[2018.10.18-09.42.22:980][  0]LogStats: UGameplayTagsManager::ConstructGameplayTagTree: ImportINI prefixes -  0.000 s
[2018.10.18-09.42.22:980][  0]LogStats: UGameplayTagsManager::ConstructGameplayTagTree: Construct from data asset -  0.000 s
[2018.10.18-09.42.22:980][  0]LogStats: UGameplayTagsManager::ConstructGameplayTagTree: ImportINI -  0.000 s
[2018.10.18-09.42.22:980][  0]LogStats: UGameplayTagsManager::ConstructGameplayTagTree: GameplayTagTreeChangedEvent.Broadcast -  0.000 s
[2018.10.18-09.42.23:133][  0]LogInit: Initializing FReadOnlyCVARCache
[2018.10.18-09.42.23:144][  0]LogAIModule: Creating AISystem for world Untitled
[2018.10.18-09.42.23:171][  0]LogInit: XAudio2 using 'Headset Earphone (HyperX 7.1 Audio)' : 2 channels at 44.1 kHz using 16 bits per sample (channel mask 0x3)
[2018.10.18-09.42.23:183][  0]LogInit: FAudioDevice initialized.
[2018.10.18-09.42.23:183][  0]LogNetVersion: Set ProjectVersion to 1.0.0.0. Version Checksum will be recalculated on next use.
[2018.10.18-09.42.24:732][  0]LogDerivedDataCache: Saved boot cache 1.55s 71MB C:/Users/England90111/AppData/Local/UnrealEngine/4.20/DerivedDataCache/Boot.ddc.
[2018.10.18-09.42.24:742][  0]LogInit: Texture streaming: Enabled
[2018.10.18-09.42.24:755][  0]LogEngineSessionManager: EngineSessionManager initialized
[2018.10.18-09.42.24:766][  0]LogInit: Transaction tracking system initialized
[2018.10.18-09.42.24:788][  0]BlueprintLog: New page: Editor Load
[2018.10.18-09.42.24:853][  0]LocalizationService: Localization service is disabled
[2018.10.18-09.42.25:474][  0]LogCook: Display: Max memory allowance for cook 16384mb min free memory 0mb
[2018.10.18-09.42.25:474][  0]LogCook: Display: Mobile HDR setting 1
[2018.10.18-09.42.25:489][  0]LogFileCache: Scanning file cache for directory 'C:/Uni/Year 3/Where-s-Wally/MyProject/Content/' took 0.02s
[2018.10.18-09.42.25:489][  0]LogGameplayTags: Display: UGameplayTagsManager::DoneAddingNativeTags. DelegateIsBound: 0
[2018.10.18-09.42.25:489][  0]LogStats: UGameplayTagsManager::ConstructGameplayTagTree: ImportINI prefixes -  0.000 s
[2018.10.18-09.42.25:489][  0]LogStats: UGameplayTagsManager::ConstructGameplayTagTree: Construct from data asset -  0.000 s
[2018.10.18-09.42.25:489][  0]LogStats: UGameplayTagsManager::ConstructGameplayTagTree: ImportINI -  0.000 s
[2018.10.18-09.42.25:489][  0]LogStats: UGameplayTagsManager::ConstructGameplayTagTree: GameplayTagTreeChangedEvent.Broadcast -  0.000 s
[2018.10.18-09.42.25:580][  0]SourceControl: Source control is disabled
[2018.10.18-09.42.25:580][  0]Cmd: MAP LOAD FILE="../../../Engine/Content/Maps/Templates/Template_Default.umap" TEMPLATE=1 SHOWPROGRESS=1 FEATURELEVEL=3
[2018.10.18-09.42.25:580][  0]LightingResults: New page: Lighting Build
[2018.10.18-09.42.25:583][  0]MapCheck: New page: Map Check
[2018.10.18-09.42.25:583][  0]LightingResults: New page: Lighting Build
[2018.10.18-09.42.25:696][  0]LogAIModule: Creating AISystem for world Untitled_1
[2018.10.18-09.42.25:700][  0]LogEditorServer: Finished looking for orphan Actors (0.000 secs)
[2018.10.18-09.42.25:719][  0]Cmd: MAP CHECKDEP NOCLEARLOG
[2018.10.18-09.42.25:773][  0]MapCheck: Map check complete: 0 Error(s), 0 Warning(s), took 54.188ms to complete.
[2018.10.18-09.42.25:773][  0]LogFileHelpers: Loading map 'Template_Default' took 0.193
[2018.10.18-09.42.27:318][  0]LogSlate: Updating window title bar state: overlay mode, drag disabled, window buttons hidden, title bar hidden
[2018.10.18-09.42.27:324][  0]LogSlate: Updating window title bar state: overlay mode, drag disabled, window buttons hidden, title bar hidden
[2018.10.18-09.42.27:328][  0]LogSlate: Updating window title bar state: overlay mode, drag disabled, window buttons hidden, title bar hidden
[2018.10.18-09.42.27:334][  0]LogSlate: Updating window title bar state: overlay mode, drag disabled, window buttons hidden, title bar hidden
[2018.10.18-09.42.27:382][  0]LogCollectionManager: Loaded 0 collections in 0.001558 seconds
[2018.10.18-09.42.27:725][  0]LogFileCache: Scanning file cache for directory 'C:/Uni/Year 3/Where-s-Wally/MyProject/Saved/Collections/' took 0.01s
[2018.10.18-09.42.27:725][  0]LogFileCache: Scanning file cache for directory 'C:/Uni/Year 3/Where-s-Wally/MyProject/Content/Developers/England90111/Collections/' took 0.01s
[2018.10.18-09.42.27:725][  0]LogFileCache: Scanning file cache for directory 'C:/Uni/Year 3/Where-s-Wally/MyProject/Content/Collections/' took 0.01s
[2018.10.18-09.42.27:725][  0]LogCollectionManager: Rebuilt the GUID cache for 0 collections in 0.000000 seconds
[2018.10.18-09.42.27:735][  0]LogContentBrowser: Native class hierarchy populated in 0.0100 seconds. Added 2574 classes and 605 folders.
[2018.10.18-09.42.28:072][  0]LogContentBrowser: Native class hierarchy updated for 'WidgetCarousel' in 0.0003 seconds. Added 0 classes and 0 folders.
[2018.10.18-09.42.36:088][  0]LogContentBrowser: Native class hierarchy updated for 'AddContentDialog' in 0.0003 seconds. Added 0 classes and 0 folders.
[2018.10.18-09.42.36:297][  0]LogContentBrowser: Native class hierarchy updated for 'SceneOutliner' in 0.0003 seconds. Added 1 classes and 2 folders.
[2018.10.18-09.42.36:621][  0]LogSlate: Took 0.000143 seconds to synchronously load lazily loaded font '../../../Engine/Content/Slate/Fonts/Roboto-Regular.ttf' (155K)
[2018.10.18-09.42.36:622][  0]LogSlate: Took 0.000155 seconds to synchronously load lazily loaded font '../../../Engine/Content/Slate/Fonts/Roboto-Bold.ttf' (160K)
[2018.10.18-09.42.36:796][  0]LogSlate: Took 0.146739 seconds to synchronously load lazily loaded font '../../../Engine/Content/Editor/Slate/Fonts/FontAwesome.ttf' (139K)
[2018.10.18-09.42.38:068][  0]LogRenderer: Reallocating scene render targets to support 1208x576 Format 10 NumSamples 1 (Frame:1).
[2018.10.18-09.42.38:500][  0]LogContentBrowser: Native class hierarchy updated for 'HierarchicalLODOutliner' in 0.0003 seconds. Added 0 classes and 0 folders.
[2018.10.18-09.42.38:500][  0]LogLoad: (Engine Initialization) Total time: 23.99 seconds
[2018.10.18-09.42.38:500][  0]LogLoad: (Engine Initialization) Total Blueprint compile time: 0.00 seconds
[2018.10.18-09.42.38:531][  0]LogAssetRegistry: Asset discovery search completed in 17.8610 seconds
[2018.10.18-09.42.38:613][  0]LogCollectionManager: Rebuilt the object cache for 0 collections in 0.000000 seconds (found 0 objects)
[2018.10.18-09.42.38:613][  0]LogCollectionManager: Fixed up redirectors for 0 collections in 0.000056 seconds (updated 0 objects)
[2018.10.18-09.42.38:614][  0]LogContentStreaming: Texture pool size now 1000 MB
[2018.10.18-09.42.38:841][  0]LogSlate: Took 0.098557 seconds to synchronously load lazily loaded font '../../../Engine/Content/Slate/Fonts/Roboto-Light.ttf' (167K)
[2018.10.18-09.42.39:885][  4]LogSlate: Took 0.000133 seconds to synchronously load lazily loaded font '../../../Engine/Content/Slate/Fonts/Roboto-Light.ttf' (167K)
[2018.10.18-09.42.50:714][ 37]LogSlate: FSceneViewport::OnFocusLost() reason 0
[2018.10.18-09.43.38:348][ 42]LogSlate: FSceneViewport::OnFocusLost() reason 0
[2018.10.18-09.43.42:058][209]LogAIModule: Creating AISystem for world TestMap_backup
[2018.10.18-09.43.42:100][209]LogAssetEditorManager: Opening Asset editor for World /Game/Maps/TestMap_backup.TestMap_backup
[2018.10.18-09.43.42:133][209]Cmd: MAP LOAD FILE="../../../../../../Uni/Year 3/Where-s-Wally/MyProject/Content/Maps/TestMap_backup.umap" TEMPLATE=0 SHOWPROGRESS=1 FEATURELEVEL=3
[2018.10.18-09.43.42:133][209]LightingResults: New page: Lighting Build
[2018.10.18-09.43.42:134][209]LoadErrors: New page: Loading map: TestMap_backup.umap
[2018.10.18-09.43.42:134][209]MapCheck: New page: Map Check
[2018.10.18-09.43.42:134][209]LightingResults: New page: Lighting Build
[2018.10.18-09.43.42:155][209]LogEditorServer: Finished looking for orphan Actors (0.000 secs)
[2018.10.18-09.43.42:252][209]Cmd: MAP CHECKDEP NOCLEARLOG
[2018.10.18-09.43.42:316][209]MapCheck: Map check complete: 0 Error(s), 0 Warning(s), took 63.75ms to complete.
[2018.10.18-09.43.42:317][209]LogFileHelpers: Loading map 'TestMap_backup' took 0.185
[2018.10.18-09.46.19:421][  3]LogAssetEditorManager: Opening Asset editor for World /Game/Maps/WallyTheGame.WallyTheGame
[2018.10.18-09.46.21:120][  3]LogSlate: Window 'Save Content' being destroyed
[2018.10.18-09.46.21:272][  3]Cmd: OBJ SAVEPACKAGE PACKAGE="/Game/Maps/WallyTheGame" FILE="../../../../../../Uni/Year 3/Where-s-Wally/MyProject/Content/Maps/WallyTheGame.umap" SILENT=true AUTOSAVING=false KEEPDIRTY=false
[2018.10.18-09.46.21:524][  3]LogSavePackage: Moving '../../../../../../Uni/Year 3/Where-s-Wally/MyProject/Saved/WallyTheGameA0847088443948B2C8866A9088B24553.tmp' to '../../../../../../Uni/Year 3/Where-s-Wally/MyProject/Content/Maps/WallyTheGame.umap'
[2018.10.18-09.46.21:588][  3]LogFileHelpers: Saving map 'WallyTheGame' took 0.392
[2018.10.18-09.46.21:591][  3]Cmd: MAP LOAD FILE="../../../../../../Uni/Year 3/Where-s-Wally/MyProject/Content/Maps/WallyTheGame.umap" TEMPLATE=0 SHOWPROGRESS=1 FEATURELEVEL=3
[2018.10.18-09.46.21:591][  3]LightingResults: New page: Lighting Build
[2018.10.18-09.46.21:591][  3]LoadErrors: New page: Loading map: WallyTheGame.umap
[2018.10.18-09.46.21:686][  3]MapCheck: New page: Map Check
[2018.10.18-09.46.21:686][  3]LightingResults: New page: Lighting Build
[2018.10.18-09.46.21:756][  3]LogEditorServer: Finished looking for orphan Actors (0.000 secs)
[2018.10.18-09.46.21:756][  3]LogAIModule: Creating AISystem for world WallyTheGame
[2018.10.18-09.46.21:844][  3]Cmd: MAP CHECKDEP NOCLEARLOG
[2018.10.18-09.46.21:905][  3]MapCheck: Map check complete: 0 Error(s), 0 Warning(s), took 60.266ms to complete.
[2018.10.18-09.46.21:905][  3]LogFileHelpers: Loading map 'WallyTheGame' took 0.316
[2018.10.18-09.56.40:727][890]LogInit: XAudio2 using 'G227HQL (NVIDIA High Definition Audio)' : 2 channels at 48 kHz using 16 bits per sample (channel mask 0x3)
[2018.10.18-10.08.02:020][933]LogInit: XAudio2 using 'Headset Earphone (HyperX 7.1 Audio)' : 2 channels at 44.1 kHz using 16 bits per sample (channel mask 0x3)
[2018.10.18-10.09.16:181][466]LogSlate: FSceneViewport::OnFocusLost() reason 0
[2018.10.18-10.09.18:923][617]LogSlate: Window 'Delete Assets' being destroyed
[2018.10.18-10.09.18:969][617]LightingResults: New page: Lighting Build
[2018.10.18-10.09.18:969][617]MapCheck: New page: Map Check
[2018.10.18-10.09.18:969][617]LightingResults: New page: Lighting Build
[2018.10.18-10.09.18:988][617]LogAIModule: Creating AISystem for world Untitled
[2018.10.18-10.09.18:995][617]LoadErrors: New page: New Map
[2018.10.18-10.09.19:033][617]LogAIModule: Creating AISystem for world WallyTheGame
[2018.10.18-10.09.24:476][889]LogLinker: Warning: Can't find file '/Game/Maps/TestMap_BuiltData'
[2018.10.18-10.09.24:476][889]LogLinker: Warning: Can't find file for asset '/Game/Maps/TestMap_BuiltData' while loading ../../../../../../Uni/Year 3/Where-s-Wally/MyProject/Content/Maps/TestMap.umap.
[2018.10.18-10.09.24:476][889]LoadErrors: Error: /Game/Maps/TestMap : Can't find file for asset. /Game/Maps/TestMap_BuiltData
[2018.10.18-10.09.24:484][889]LogLinker: Warning: Can't find file '/Game/Maps/TestMap_BuiltData'
[2018.10.18-10.09.24:484][889]LogLinker: Warning: Can't find file for asset '/Game/Maps/TestMap_BuiltData' while loading ../../../../../../Uni/Year 3/Where-s-Wally/MyProject/Content/Maps/TestMap.umap.
[2018.10.18-10.09.24:488][889]LogLinker: Warning: Can't find file '/Game/Maps/TestMap_BuiltData'
[2018.10.18-10.09.24:488][889]LoadErrors: Failed to load /Game/Maps/TestMap_BuiltData.TestMap_BuiltData Referenced by PersistentLevel
[2018.10.18-10.09.24:488][889]LogLinker: Warning: Can't find file for asset '/Game/Maps/TestMap_BuiltData' while loading NULL.
[2018.10.18-10.09.24:489][889]LogAIModule: Creating AISystem for world TestMap
[2018.10.18-10.09.24:491][889]LogAssetEditorManager: Opening Asset editor for World /Game/Maps/TestMap.TestMap
[2018.10.18-10.09.24:509][889]Cmd: MAP LOAD FILE="../../../../../../Uni/Year 3/Where-s-Wally/MyProject/Content/Maps/TestMap.umap" TEMPLATE=0 SHOWPROGRESS=1 FEATURELEVEL=3
[2018.10.18-10.09.24:510][889]LightingResults: New page: Lighting Build
[2018.10.18-10.09.24:510][889]LoadErrors: New page: Loading map: TestMap.umap
[2018.10.18-10.09.24:510][889]MapCheck: New page: Map Check
[2018.10.18-10.09.24:510][889]LightingResults: New page: Lighting Build
[2018.10.18-10.09.24:530][889]LogEditorServer: Finished looking for orphan Actors (0.000 secs)
[2018.10.18-10.09.24:573][889]Cmd: MAP CHECKDEP NOCLEARLOG
[2018.10.18-10.09.24:638][889]MapCheck: Map check complete: 0 Error(s), 0 Warning(s), took 65.395ms to complete.
[2018.10.18-10.09.24:638][889]LogFileHelpers: Loading map 'TestMap' took 0.130
[2018.10.18-10.09.29:669][470]LogSlate: FSceneViewport::OnFocusLost() reason 0
[2018.10.18-10.09.35:660][125]Cmd: OBJ SAVEPACKAGE PACKAGE="/Game/Maps/WallyTheGame" FILE="../../../../../../Uni/Year 3/Where-s-Wally/MyProject/Content/Maps/WallyTheGame.umap" SILENT=true AUTOSAVING=false KEEPDIRTY=false
[2018.10.18-10.09.35:748][125]LogSavePackage: Moving '../../../../../../Uni/Year 3/Where-s-Wally/MyProject/Saved/WallyTheGame387D11BC4F73B95622598EB363599368.tmp' to '../../../../../../Uni/Year 3/Where-s-Wally/MyProject/Content/Maps/WallyTheGame.umap'
[2018.10.18-10.09.35:778][125]LogFileHelpers: Saving map 'WallyTheGame' took 0.185
[2018.10.18-10.09.40:873][718]Cmd: OBJ SAVEPACKAGE PACKAGE="/Game/Maps/WallyTheGame" FILE="../../../../../../Uni/Year 3/Where-s-Wally/MyProject/Content/Maps/WallyTheGame.umap" SILENT=true AUTOSAVING=false KEEPDIRTY=false
[2018.10.18-10.09.41:022][718]LogSavePackage: Moving '../../../../../../Uni/Year 3/Where-s-Wally/MyProject/Saved/WallyTheGame28D88E39451F3D836729B8A5ADE2147D.tmp' to '../../../../../../Uni/Year 3/Where-s-Wally/MyProject/Content/Maps/WallyTheGame.umap'
[2018.10.18-10.09.42:258][858]LogEditorViewport: Clicking on Actor (LMB): StaticMeshActor (Floor)
[2018.10.18-10.09.47:081][180]LogSlate: FSceneViewport::OnFocusLost() reason 0
[2018.10.18-10.09.57:614][422]LogSlate: FSceneViewport::OnFocusLost() reason 0
[2018.10.18-10.13.47:574][749]LogSlate: FSceneViewport::OnFocusLost() reason 2
[2018.10.18-10.17.55:845][427]LogSlate: Took 0.018986 seconds to synchronously load lazily loaded font '../../../Engine/Content/Slate/Fonts/Roboto-Italic.ttf' (157K)
[2018.10.18-10.19.36:071][895]LogSlate: FSceneViewport::OnFocusLost() reason 0
[2018.10.18-10.19.39:284][112]LogSavePackage: Moving '../../../../../../Uni/Year 3/Where-s-Wally/MyProject/Saved/WallyTheGame_Auto1EE48973645C9E6948C88A6A524E9CD28.tmp' to '../../../../../../Uni/Year 3/Where-s-Wally/MyProject/Saved/Autosaves/Game/Maps/WallyTheGame_Auto1.umap'
[2018.10.18-10.19.39:288][112]LogFileHelpers: Editor autosave (incl. sublevels) for '/Game/Maps/WallyTheGame' took 0.081
[2018.10.18-10.19.39:288][112]LogFileHelpers: Editor autosave (incl. sublevels) for all levels took 0.081
[2018.10.18-10.20.32:700][584]Cmd: OBJ SAVEPACKAGE PACKAGE="/Game/Maps/WallyTheGame" FILE="../../../../../../Uni/Year 3/Where-s-Wally/MyProject/Content/Maps/WallyTheGame.umap" SILENT=true AUTOSAVING=false KEEPDIRTY=false
[2018.10.18-10.20.32:742][584]LogSavePackage: Moving '../../../../../../Uni/Year 3/Where-s-Wally/MyProject/Saved/WallyTheGame357789A748728CFEC0E03997E8999478.tmp' to '../../../../../../Uni/Year 3/Where-s-Wally/MyProject/Content/Maps/WallyTheGame.umap'
[2018.10.18-10.20.32:773][584]LogFileHelpers: Saving map 'WallyTheGame' took 0.137
[2018.10.18-10.20.36:259][959]LogAIModule: Creating AISystem for world TestMap_backup
[2018.10.18-10.20.36:263][959]LogAssetEditorManager: Opening Asset editor for World /Game/Maps/TestMap_backup.TestMap_backup
[2018.10.18-10.20.36:282][959]Cmd: MAP LOAD FILE="../../../../../../Uni/Year 3/Where-s-Wally/MyProject/Content/Maps/TestMap_backup.umap" TEMPLATE=0 SHOWPROGRESS=1 FEATURELEVEL=3
[2018.10.18-10.20.36:282][959]LightingResults: New page: Lighting Build
[2018.10.18-10.20.36:283][959]LoadErrors: New page: Loading map: TestMap_backup.umap
[2018.10.18-10.20.36:296][959]MapCheck: New page: Map Check
[2018.10.18-10.20.36:296][959]LightingResults: New page: Lighting Build
[2018.10.18-10.20.36:317][959]LogEditorServer: Finished looking for orphan Actors (0.000 secs)
[2018.10.18-10.20.36:362][959]Cmd: MAP CHECKDEP NOCLEARLOG
[2018.10.18-10.20.36:425][959]MapCheck: Map check complete: 0 Error(s), 0 Warning(s), took 63.13ms to complete.
[2018.10.18-10.20.36:425][959]LogFileHelpers: Loading map 'TestMap_backup' took 0.143
[2018.10.18-10.20.39:301][299]LogSlate: FSceneViewport::OnFocusLost() reason 0
[2018.10.18-10.20.39:393][310]LogTemp: Repeating last play command: Simulate
[2018.10.18-10.20.39:540][310]LogPlayLevel: PlayLevel: No blueprints needed recompiling
[2018.10.18-10.20.39:661][310]PIE: New page: SIE session: TestMap_backup (18 Oct 2018 12:20:39)
[2018.10.18-10.20.39:672][310]LogPlayLevel: Creating play world package: /Game/Maps/UEDPIE_0_TestMap_backup
[2018.10.18-10.20.39:708][310]LogPlayLevel: PIE: StaticDuplicateObject took: (0.036210s)
[2018.10.18-10.20.39:709][310]LogAIModule: Creating AISystem for world TestMap_backup
[2018.10.18-10.20.39:723][310]LogPlayLevel: PIE: World Init took: (0.015075s)
[2018.10.18-10.20.39:723][310]LogPlayLevel: PIE: Created PIE world by copying editor world from /Game/Maps/TestMap_backup.TestMap_backup to /Game/Maps/UEDPIE_0_TestMap_backup.TestMap_backup (0.051491s)
[2018.10.18-10.20.39:821][310]LogInit: XAudio2 using 'Headset Earphone (HyperX 7.1 Audio)' : 2 channels at 44.1 kHz using 16 bits per sample (channel mask 0x3)
[2018.10.18-10.20.39:830][310]LogInit: FAudioDevice initialized.
[2018.10.18-10.20.40:034][310]LogLoad: Game class is 'MyMyProjectGameModeBaseBP_C'
[2018.10.18-10.20.40:214][310]LogWorld: Bringing World /Game/Maps/UEDPIE_0_TestMap_backup.TestMap_backup up for play (max tick rate 0) at 2018.10.18-11.20.40
[2018.10.18-10.20.40:571][310]LogWorld: Bringing up level for play took: 0.404764
[2018.10.18-10.20.40:874][310]LogContentBrowser: Native class hierarchy updated for 'MovieSceneCapture' in 0.0004 seconds. Added 10 classes and 0 folders.
[2018.10.18-10.20.41:047][310]PIE: Play in editor start time for /Game/Maps/UEDPIE_0_TestMap_backup 2.433
[2018.10.18-10.20.52:665][600]LogSlate: FSceneViewport::OnFocusLost() reason 0
[2018.10.18-10.20.54:101][768]LogAssetEditorManager: Opening Asset editor for BehaviorTree /Game/AI/AIEnemyBT.AIEnemyBT
[2018.10.18-10.20.54:948][768]LogSlate: Took 0.058425 seconds to synchronously load lazily loaded font '../../../Engine/Content/Slate/Fonts/Roboto-BoldCondensed.ttf' (158K)
[2018.10.18-10.21.07:633][187]LogSlate: FSceneViewport::OnFocusLost() reason 0
[2018.10.18-10.24.13:709][243]LogSlate: FSceneViewport::OnFocusLost() reason 0
[2018.10.18-10.24.16:817][601]LogSlate: Updating window title bar state: overlay mode, drag disabled, window buttons hidden, title bar hidden
[2018.10.18-10.24.16:895][601]LogPlayLevel: Display: Shutting down PIE online subsystems
[2018.10.18-10.24.16:932][601]LogSlate: Updating window title bar state: overlay mode, drag disabled, window buttons hidden, title bar hidden
[2018.10.18-10.24.16:991][602]LogPlayLevel: Display: Destroying online subsystem :Context_3
[2018.10.18-10.24.17:675][684]LogTemp: Repeating last play command: Simulate
[2018.10.18-10.24.17:692][684]LogPlayLevel: PlayLevel: No blueprints needed recompiling
[2018.10.18-10.24.17:692][684]PIE: New page: SIE session: TestMap_backup (18 Oct 2018 12:24:17)
[2018.10.18-10.24.17:692][684]LogPlayLevel: Creating play world package: /Game/Maps/UEDPIE_0_TestMap_backup
[2018.10.18-10.24.17:697][684]LogPlayLevel: PIE: StaticDuplicateObject took: (0.005152s)
[2018.10.18-10.24.17:698][684]LogAIModule: Creating AISystem for world TestMap_backup
[2018.10.18-10.24.17:698][684]LogPlayLevel: PIE: World Init took: (0.000734s)
[2018.10.18-10.24.17:698][684]LogPlayLevel: PIE: Created PIE world by copying editor world from /Game/Maps/TestMap_backup.TestMap_backup to /Game/Maps/UEDPIE_0_TestMap_backup.TestMap_backup (0.006013s)
[2018.10.18-10.24.17:735][684]LogInit: XAudio2 using 'Headset Earphone (HyperX 7.1 Audio)' : 2 channels at 44.1 kHz using 16 bits per sample (channel mask 0x3)
[2018.10.18-10.24.17:743][684]LogInit: FAudioDevice initialized.
[2018.10.18-10.24.17:777][684]LogLoad: Game class is 'MyMyProjectGameModeBaseBP_C'
[2018.10.18-10.24.17:778][684]LogWorld: Bringing World /Game/Maps/UEDPIE_0_TestMap_backup.TestMap_backup up for play (max tick rate 0) at 2018.10.18-11.24.17
[2018.10.18-10.24.17:779][684]LogWorld: Bringing up level for play took: 0.001627
[2018.10.18-10.24.17:792][684]PIE: Play in editor start time for /Game/Maps/UEDPIE_0_TestMap_backup -0.822
[2018.10.18-10.27.08:660][608]LogSlate: Updating window title bar state: overlay mode, drag disabled, window buttons hidden, title bar hidden
[2018.10.18-10.27.08:690][608]LogPlayLevel: Display: Shutting down PIE online subsystems
[2018.10.18-10.27.08:708][608]LogSlate: Updating window title bar state: overlay mode, drag disabled, window buttons hidden, title bar hidden
[2018.10.18-10.27.08:757][614]LogPlayLevel: Display: Destroying online subsystem :Context_6
[2018.10.18-10.29.40:511][962]LogSlate: FSceneViewport::OnFocusLost() reason 0
[2018.10.18-10.29.42:907][247]LogAssetEditorManager: Opening Asset editor for Blueprint /Game/AI/AIEnemyCharacter.AIEnemyCharacter
[2018.10.18-10.29.44:542][247]LogContentBrowser: Native class hierarchy updated for 'BlueprintGraph' in 0.0008 seconds. Added 116 classes and 0 folders.
[2018.10.18-10.29.50:715][634]LogAssetEditorManager: Opening Asset editor for Blueprint /Game/AI/BTService_DistanceToObject.BTService_DistanceToObject
[2018.10.18-10.31.16:076][255]LogSlate: Window 'BTService_DistanceToObject' being destroyed
[2018.10.18-10.31.35:088][499]LogTemp: Repeating last play command: Simulate
[2018.10.18-10.31.35:109][499]LogPlayLevel: PlayLevel: No blueprints needed recompiling
[2018.10.18-10.31.35:109][499]PIE: New page: SIE session: TestMap_backup (18 Oct 2018 12:31:35)
[2018.10.18-10.31.35:109][499]LogPlayLevel: Creating play world package: /Game/Maps/UEDPIE_0_TestMap_backup
[2018.10.18-10.31.35:114][499]LogPlayLevel: PIE: StaticDuplicateObject took: (0.004807s)
[2018.10.18-10.31.35:114][499]LogAIModule: Creating AISystem for world TestMap_backup
[2018.10.18-10.31.35:115][499]LogPlayLevel: PIE: World Init took: (0.000655s)
[2018.10.18-10.31.35:115][499]LogPlayLevel: PIE: Created PIE world by copying editor world from /Game/Maps/TestMap_backup.TestMap_backup to /Game/Maps/UEDPIE_0_TestMap_backup.TestMap_backup (0.005583s)
[2018.10.18-10.31.35:164][499]LogInit: XAudio2 using 'Headset Earphone (HyperX 7.1 Audio)' : 2 channels at 44.1 kHz using 16 bits per sample (channel mask 0x3)
[2018.10.18-10.31.35:173][499]LogInit: FAudioDevice initialized.
[2018.10.18-10.31.35:201][499]LogLoad: Game class is 'MyMyProjectGameModeBaseBP_C'
[2018.10.18-10.31.35:203][499]LogWorld: Bringing World /Game/Maps/UEDPIE_0_TestMap_backup.TestMap_backup up for play (max tick rate 0) at 2018.10.18-11.31.35
[2018.10.18-10.31.35:203][499]LogWorld: Bringing up level for play took: 0.001480
[2018.10.18-10.31.35:216][499]PIE: Play in editor start time for /Game/Maps/UEDPIE_0_TestMap_backup 0.602
[2018.10.18-10.31.37:793][796]LogSlate: FSceneViewport::OnFocusLost() reason 0
[2018.10.18-10.31.37:905][809]LogSlate: Updating window title bar state: overlay mode, drag disabled, window buttons hidden, title bar hidden
[2018.10.18-10.31.37:939][809]LogPlayLevel: Display: Shutting down PIE online subsystems
[2018.10.18-10.31.37:963][809]LogSlate: Updating window title bar state: overlay mode, drag disabled, window buttons hidden, title bar hidden
[2018.10.18-10.31.38:008][814]LogPlayLevel: Display: Destroying online subsystem :Context_9
[2018.10.18-10.37.07:516][913]LogSavePackage: Moving '../../../../../../Uni/Year 3/Where-s-Wally/MyProject/Saved/TestMap_backup_Auto2C80213594CBCF37BD835298DDF2BA105.tmp' to '../../../../../../Uni/Year 3/Where-s-Wally/MyProject/Saved/Autosaves/Game/Maps/TestMap_backup_Auto2.umap'
[2018.10.18-10.37.07:520][913]LogFileHelpers: Editor autosave (incl. sublevels) for '/Game/Maps/TestMap_backup' took 0.091
[2018.10.18-10.37.07:520][913]LogFileHelpers: Editor autosave (incl. sublevels) for all levels took 0.091
[2018.10.18-10.42.09:488][731]Cmd: OBJ SAVEPACKAGE PACKAGE="/Game/Maps/TestMap_backup" FILE="../../../../../../Uni/Year 3/Where-s-Wally/MyProject/Content/Maps/TestMap_backup.umap" SILENT=true AUTOSAVING=false KEEPDIRTY=false
[2018.10.18-10.42.09:564][731]LogSavePackage: Moving '../../../../../../Uni/Year 3/Where-s-Wally/MyProject/Saved/TestMap_backup8B1D0EAF44F77AE6CDE4AE834FD8B51C.tmp' to '../../../../../../Uni/Year 3/Where-s-Wally/MyProject/Content/Maps/TestMap_backup.umap'
[2018.10.18-10.42.09:595][731]LogFileHelpers: Saving map 'TestMap_backup' took 0.178
[2018.10.18-10.42.27:120][709]Cmd: OBJ SAVEPACKAGE PACKAGE="/Game/AI/AIEnemyBT" FILE="../../../../../../Uni/Year 3/Where-s-Wally/MyProject/Content/AI/AIEnemyBT.uasset" SILENT=true
[2018.10.18-10.42.27:137][709]LogSavePackage: Moving '../../../../../../Uni/Year 3/Where-s-Wally/MyProject/Saved/AIEnemyBT5E10C8BD43FC1A1A85A3A5AAB407A6AA.tmp' to '../../../../../../Uni/Year 3/Where-s-Wally/MyProject/Content/AI/AIEnemyBT.uasset'
[2018.10.18-10.42.28:383][858]LogTemp: Repeating last play command: Simulate
[2018.10.18-10.42.28:401][858]LogPlayLevel: PlayLevel: No blueprints needed recompiling
[2018.10.18-10.42.28:401][858]PIE: New page: SIE session: TestMap_backup (18 Oct 2018 12:42:28)
[2018.10.18-10.42.28:401][858]LogPlayLevel: Creating play world package: /Game/Maps/UEDPIE_0_TestMap_backup
[2018.10.18-10.42.28:406][858]LogPlayLevel: PIE: StaticDuplicateObject took: (0.004884s)
[2018.10.18-10.42.28:407][858]LogAIModule: Creating AISystem for world TestMap_backup
[2018.10.18-10.42.28:407][858]LogPlayLevel: PIE: World Init took: (0.000717s)
[2018.10.18-10.42.28:407][858]LogPlayLevel: PIE: Created PIE world by copying editor world from /Game/Maps/TestMap_backup.TestMap_backup to /Game/Maps/UEDPIE_0_TestMap_backup.TestMap_backup (0.005723s)
[2018.10.18-10.42.28:449][858]LogInit: XAudio2 using 'Headset Earphone (HyperX 7.1 Audio)' : 2 channels at 44.1 kHz using 16 bits per sample (channel mask 0x3)
[2018.10.18-10.42.28:457][858]LogInit: FAudioDevice initialized.
[2018.10.18-10.42.28:486][858]LogLoad: Game class is 'MyMyProjectGameModeBaseBP_C'
[2018.10.18-10.42.28:488][858]LogWorld: Bringing World /Game/Maps/UEDPIE_0_TestMap_backup.TestMap_backup up for play (max tick rate 0) at 2018.10.18-11.42.28
[2018.10.18-10.42.28:489][858]LogWorld: Bringing up level for play took: 0.001556
[2018.10.18-10.42.28:501][858]PIE: Play in editor start time for /Game/Maps/UEDPIE_0_TestMap_backup -0.114
[2018.10.18-10.42.30:757][110]LogSlate: FSceneViewport::OnFocusLost() reason 0
[2018.10.18-10.42.43:116][592]LogSlate: Updating window title bar state: overlay mode, drag disabled, window buttons hidden, title bar hidden
[2018.10.18-10.42.43:146][592]LogPlayLevel: Display: Shutting down PIE online subsystems
[2018.10.18-10.42.43:170][592]LogSlate: Updating window title bar state: overlay mode, drag disabled, window buttons hidden, title bar hidden
[2018.10.18-10.42.43:220][598]LogPlayLevel: Display: Destroying online subsystem :Context_10
[2018.10.18-10.42.56:770][211]LogTemp: Repeating last play command: Simulate
[2018.10.18-10.42.56:789][211]LogPlayLevel: PlayLevel: No blueprints needed recompiling
[2018.10.18-10.42.56:789][211]PIE: New page: SIE session: TestMap_backup (18 Oct 2018 12:42:56)
[2018.10.18-10.42.56:789][211]LogPlayLevel: Creating play world package: /Game/Maps/UEDPIE_0_TestMap_backup
[2018.10.18-10.42.56:793][211]LogPlayLevel: PIE: StaticDuplicateObject took: (0.004406s)
[2018.10.18-10.42.56:794][211]LogAIModule: Creating AISystem for world TestMap_backup
[2018.10.18-10.42.56:794][211]LogPlayLevel: PIE: World Init took: (0.000600s)
[2018.10.18-10.42.56:794][211]LogPlayLevel: PIE: Created PIE world by copying editor world from /Game/Maps/TestMap_backup.TestMap_backup to /Game/Maps/UEDPIE_0_TestMap_backup.TestMap_backup (0.005109s)
[2018.10.18-10.42.56:837][211]LogInit: XAudio2 using 'Headset Earphone (HyperX 7.1 Audio)' : 2 channels at 44.1 kHz using 16 bits per sample (channel mask 0x3)
[2018.10.18-10.42.56:845][211]LogInit: FAudioDevice initialized.
[2018.10.18-10.42.56:877][211]LogLoad: Game class is 'MyMyProjectGameModeBaseBP_C'
[2018.10.18-10.42.56:879][211]LogWorld: Bringing World /Game/Maps/UEDPIE_0_TestMap_backup.TestMap_backup up for play (max tick rate 0) at 2018.10.18-11.42.56
[2018.10.18-10.42.56:879][211]LogWorld: Bringing up level for play took: 0.001478
[2018.10.18-10.42.56:892][211]PIE: Play in editor start time for /Game/Maps/UEDPIE_0_TestMap_backup 0.277
[2018.10.18-10.43.01:551][764]Cmd: OBJ SAVEPACKAGE PACKAGE="/Game/AI/AIEnemyBT" FILE="../../../../../../Uni/Year 3/Where-s-Wally/MyProject/Content/AI/AIEnemyBT.uasset" SILENT=true
[2018.10.18-10.43.01:564][764]LogSavePackage: Moving '../../../../../../Uni/Year 3/Where-s-Wally/MyProject/Saved/AIEnemyBT15E6026A4E68C9B2DF1CAE914D3D81B4.tmp' to '../../../../../../Uni/Year 3/Where-s-Wally/MyProject/Content/AI/AIEnemyBT.uasset'
[2018.10.18-10.43.16:135][ 43]LogSlate: Updating window title bar state: overlay mode, drag disabled, window buttons hidden, title bar hidden
[2018.10.18-10.43.16:167][ 43]LogPlayLevel: Display: Shutting down PIE online subsystems
[2018.10.18-10.43.16:194][ 43]LogSlate: Updating window title bar state: overlay mode, drag disabled, window buttons hidden, title bar hidden
[2018.10.18-10.43.16:235][ 48]LogPlayLevel: Display: Destroying online subsystem :Context_11
[2018.10.18-10.43.30:264][723]Cmd: OBJ SAVEPACKAGE PACKAGE="/Game/AI/AIEnemyBT" FILE="../../../../../../Uni/Year 3/Where-s-Wally/MyProject/Content/AI/AIEnemyBT.uasset" SILENT=true
[2018.10.18-10.43.30:278][723]LogSavePackage: Moving '../../../../../../Uni/Year 3/Where-s-Wally/MyProject/Saved/AIEnemyBT0A2356D840A9879249602A94BA965328.tmp' to '../../../../../../Uni/Year 3/Where-s-Wally/MyProject/Content/AI/AIEnemyBT.uasset'
[2018.10.18-10.43.32:716][ 15]LogTemp: Repeating last play command: Simulate
[2018.10.18-10.43.32:734][ 15]LogPlayLevel: PlayLevel: No blueprints needed recompiling
[2018.10.18-10.43.32:734][ 15]PIE: New page: SIE session: TestMap_backup (18 Oct 2018 12:43:32)
[2018.10.18-10.43.32:734][ 15]LogPlayLevel: Creating play world package: /Game/Maps/UEDPIE_0_TestMap_backup
[2018.10.18-10.43.32:739][ 15]LogPlayLevel: PIE: StaticDuplicateObject took: (0.004504s)
[2018.10.18-10.43.32:739][ 15]LogAIModule: Creating AISystem for world TestMap_backup
[2018.10.18-10.43.32:740][ 15]LogPlayLevel: PIE: World Init took: (0.000590s)
[2018.10.18-10.43.32:740][ 15]LogPlayLevel: PIE: Created PIE world by copying editor world from /Game/Maps/TestMap_backup.TestMap_backup to /Game/Maps/UEDPIE_0_TestMap_backup.TestMap_backup (0.005191s)
[2018.10.18-10.43.32:782][ 15]LogInit: XAudio2 using 'Headset Earphone (HyperX 7.1 Audio)' : 2 channels at 44.1 kHz using 16 bits per sample (channel mask 0x3)
[2018.10.18-10.43.32:790][ 15]LogInit: FAudioDevice initialized.
[2018.10.18-10.43.32:822][ 15]LogLoad: Game class is 'MyMyProjectGameModeBaseBP_C'
[2018.10.18-10.43.32:824][ 15]LogWorld: Bringing World /Game/Maps/UEDPIE_0_TestMap_backup.TestMap_backup up for play (max tick rate 0) at 2018.10.18-11.43.32
[2018.10.18-10.43.32:824][ 15]LogWorld: Bringing up level for play took: 0.001508
[2018.10.18-10.43.32:837][ 15]PIE: Play in editor start time for /Game/Maps/UEDPIE_0_TestMap_backup 0.222
[2018.10.18-10.43.34:909][253]LogEditorViewport: Clicking on Actor (LMB): AIEnemyCharacter_C (AIEnemyCharacter)
[2018.10.18-10.43.36:641][436]LogSlate: FSceneViewport::OnFocusLost() reason 2
[2018.10.18-10.43.44:983][410]LogSlate: FSceneViewport::OnFocusLost() reason 0
[2018.10.18-10.43.45:079][421]LogSlate: Updating window title bar state: overlay mode, drag disabled, window buttons hidden, title bar hidden
[2018.10.18-10.43.45:112][421]LogPlayLevel: Display: Shutting down PIE online subsystems
[2018.10.18-10.43.45:137][421]LogSlate: Updating window title bar state: overlay mode, drag disabled, window buttons hidden, title bar hidden
[2018.10.18-10.43.45:175][425]LogPlayLevel: Display: Destroying online subsystem :Context_12
[2018.10.18-10.43.50:184][ 12]LogTemp: Repeating last play command: Simulate
[2018.10.18-10.43.50:201][ 12]LogPlayLevel: PlayLevel: No blueprints needed recompiling
[2018.10.18-10.43.50:202][ 12]PIE: New page: SIE session: TestMap_backup (18 Oct 2018 12:43:50)
[2018.10.18-10.43.50:202][ 12]LogPlayLevel: Creating play world package: /Game/Maps/UEDPIE_0_TestMap_backup
[2018.10.18-10.43.50:206][ 12]LogPlayLevel: PIE: StaticDuplicateObject took: (0.004245s)
[2018.10.18-10.43.50:207][ 12]LogAIModule: Creating AISystem for world TestMap_backup
[2018.10.18-10.43.50:207][ 12]LogPlayLevel: PIE: World Init took: (0.000765s)
[2018.10.18-10.43.50:207][ 12]LogPlayLevel: PIE: Created PIE world by copying editor world from /Game/Maps/TestMap_backup.TestMap_backup to /Game/Maps/UEDPIE_0_TestMap_backup.TestMap_backup (0.005126s)
[2018.10.18-10.43.50:249][ 12]LogInit: XAudio2 using 'Headset Earphone (HyperX 7.1 Audio)' : 2 channels at 44.1 kHz using 16 bits per sample (channel mask 0x3)
[2018.10.18-10.43.50:257][ 12]LogInit: FAudioDevice initialized.
[2018.10.18-10.43.50:287][ 12]LogLoad: Game class is 'MyMyProjectGameModeBaseBP_C'
[2018.10.18-10.43.50:289][ 12]LogWorld: Bringing World /Game/Maps/UEDPIE_0_TestMap_backup.TestMap_backup up for play (max tick rate 0) at 2018.10.18-11.43.50
[2018.10.18-10.43.50:289][ 12]LogWorld: Bringing up level for play took: 0.001532
[2018.10.18-10.43.50:302][ 12]PIE: Play in editor start time for /Game/Maps/UEDPIE_0_TestMap_backup -0.313
[2018.10.18-10.43.53:690][412]LogSlate: Updating window title bar state: overlay mode, drag disabled, window buttons hidden, title bar hidden
[2018.10.18-10.43.53:722][412]LogPlayLevel: Display: Shutting down PIE online subsystems
[2018.10.18-10.43.53:747][412]LogSlate: Updating window title bar state: overlay mode, drag disabled, window buttons hidden, title bar hidden
[2018.10.18-10.43.53:794][417]LogPlayLevel: Display: Destroying online subsystem :Context_13
[2018.10.18-10.43.55:772][653]Cmd: OBJ SAVEPACKAGE PACKAGE="/Game/Maps/TestMap_backup" FILE="../../../../../../Uni/Year 3/Where-s-Wally/MyProject/Content/Maps/TestMap_backup.umap" SILENT=true AUTOSAVING=false KEEPDIRTY=false
[2018.10.18-10.43.55:844][653]LogSavePackage: Moving '../../../../../../Uni/Year 3/Where-s-Wally/MyProject/Saved/TestMap_backupB5DD7F6649E30F83A32C0FAA96FEFFF6.tmp' to '../../../../../../Uni/Year 3/Where-s-Wally/MyProject/Content/Maps/TestMap_backup.umap'
[2018.10.18-10.43.55:876][653]Cmd: OBJ SAVEPACKAGE PACKAGE="/Game/Maps/TestMap_backup_BuiltData" FILE="../../../../../../Uni/Year 3/Where-s-Wally/MyProject/Content/Maps/TestMap_backup_BuiltData.uasset" SILENT=true
[2018.10.18-10.43.55:952][653]LogSavePackage: Moving '../../../../../../Uni/Year 3/Where-s-Wally/MyProject/Saved/TestMap_backup_BuiltData5570D09944F1A8052AC9409A5D420815.tmp' to '../../../../../../Uni/Year 3/Where-s-Wally/MyProject/Content/Maps/TestMap_backup_BuiltData.uasset'
[2018.10.18-10.43.57:021][780]MapCheck: New page: Map Check
[2018.10.18-10.43.57:096][780]Cmd: MAP REBUILD ALLVISIBLE
[2018.10.18-10.43.57:133][780]LogEditorServer: Rebuildmap Clear paths rebuilt
[2018.10.18-10.43.57:505][780]LogMaterial: Display: Missing cached shader map for material FDebugViewModeMaterialProxy DefaultMaterial, compiling. 
[2018.10.18-10.43.57:756][780]LogShaderCompilers: Display: Shaders left to compile 1
[2018.10.18-10.43.57:756][780]LogMaterial: Display: Missing cached shader map for material FDebugViewModeMaterialProxy MaterialInstanceDynamic_0, compiling. 
[2018.10.18-10.43.57:791][780]LogMaterial: Display: Missing cached shader map for material FDebugViewModeMaterialProxy WorldGridMaterial, compiling. Is special engine material.
[2018.10.18-10.43.57:798][780]LogMaterial: Display: Missing cached shader map for material FDebugViewModeMaterialProxy M_UE4Man_Body, compiling. 
[2018.10.18-10.43.57:805][780]LogMaterial: Display: Missing cached shader map for material FDebugViewModeMaterialProxy M_UE4Man_ChestLogo, compiling. 
[2018.10.18-10.43.57:810][780]LogMaterial: Display: Missing cached shader map for material FDebugViewModeMaterialProxy MatineeCam_mat, compiling. 
[2018.10.18-10.44.01:191][780]LogShaderCompilers: Display: Shaders left to compile 5
[2018.10.18-10.44.01:191][780]LogShaderCompilers: Display: Shaders left to compile 4
[2018.10.18-10.44.01:191][780]LogShaderCompilers: Display: Shaders left to compile 3
[2018.10.18-10.44.01:191][780]LogShaderCompilers: Display: Shaders left to compile 2
[2018.10.18-10.44.01:191][780]LogShaderCompilers: Display: Shaders left to compile 1
[2018.10.18-10.44.01:191][780]TextureStreamingBuild: Display: Compiling optional shaders took 3.706 seconds.
[2018.10.18-10.44.01:335][780]LogLevel: Display: Export Material TexCoord Scales took 0.143 seconds.
[2018.10.18-10.44.01:363][780]TextureStreamingBuild: Display: Build Texture Streaming took 0.021 seconds.
[2018.10.18-10.44.01:435][780]LightingResults: New page: Lighting Build - 18 Oct 2018 12:44:01
[2018.10.18-10.44.02:376][780]LogSwarmInterface: [OpenConnection] Registering TCP channel ...
[2018.10.18-10.44.02:911][780]LogSwarmInterface: [OpenConnection] Connecting to agent ...
[2018.10.18-10.44.03:438][780]LogSwarmInterface: [TryOpenConnection] Testing the Agent
[2018.10.18-10.44.07:505][780]LogSwarmInterface: Error: [TryOpenConnection] Waiting for the agent to start up ...
[2018.10.18-10.44.08:024][780]LogSwarmInterface: Error: System.Net.Sockets.SocketException (0x80004005): No connection could be made because the target machine actively refused it 127.0.0.1:8008

Server stack trace: 
   at System.Net.Sockets.Socket.DoConnect(EndPoint endPointSnapshot, SocketAddress socketAddress)
   at System.Net.Sockets.Socket.Connect(EndPoint remoteEP)
   at System.Runtime.Remoting.Channels.RemoteConnection.CreateNewSocket(EndPoint ipEndPoint)
   at System.Runtime.Remoting.Channels.SocketCache.GetSocket(String machinePortAndSid, Boolean openNew)
   at System.Runtime.Remoting.Channels.Tcp.TcpClientTransportSink.SendRequestWithRetry(IMessage msg, ITransportHeaders requestHeaders, Stream requestStream)
   at System.Runtime.Remoting.Channels.Tcp.TcpClientTransportSink.AsyncProcessRequest(IClientChannelSinkStack sinkStack, IMessage msg, ITransportHeaders headers, Stream stream)
   at System.Runtime.Remoting.Channels.BinaryClientFormatterSink.AsyncProcessMessage(IMessage msg, IMessageSink replySink)

Exception rethrown at [0]: 
   at System.Runtime.Remoting.Proxies.RealProxy.HandleReturnMessage(IMessage reqMsg, IMessage retMsg)
   at System.Runtime.Remoting.Proxies.RealProxy.PrivateInvoke(MessageData& msgData, Int32 type)
   at NSwarm.IAgentInterfaceWrapper.MethodDelegate.EndInvoke(Hashtable& OutParameters, IAsyncResult result)
   at NSwarm.FSwarmInterface.TryOpenConnection(FConnectionCallback CallbackFunc, IntPtr CallbackData, ELogFlags LoggingFlags) in D:\Build\++UE4\Sync\Saved\CsTools\Engine\Source\Editor\SwarmInterface\DotNET\SwarmInterface.cs:line 2811
[2018.10.18-10.44.14:017][780]LogSwarmInterface: [TryOpenConnection] Opening Connection to Agent
[2018.10.18-10.44.14:017][780]LogSwarmInterface: [TryOpenConnection] Local Process ID is 9776
[2018.10.18-10.44.24:780][780]LogStaticLightingSystem: Warning: No importance volume found, so the scene bounding box was used.  You can optimize your scene's quality and lighting build times by adding importance volumes.
[2018.10.18-10.44.24:795][780]LogStaticLightingSystem: Running Lightmass w/ ImmediateImport mode ENABLED
[2018.10.18-10.44.24:795][780]LogStaticLightingSystem: Running Lightmass w/ ImmediateProcess mode ENABLED
[2018.10.18-10.44.24:795][780]LogStaticLightingSystem: Running Lightmass w/ Sorting mode ENABLED
[2018.10.18-10.44.24:795][780]LogStaticLightingSystem: Running Lightmass w/ Mapping paddings ENABLED
[2018.10.18-10.44.24:795][780]LogStaticLightingSystem: Running Lightmass w/ Mapping debug paddings DISABLED
[2018.10.18-10.44.25:558][780]Cmd: MAP CHECK DONTDISPLAYDIALOG
[2018.10.18-10.44.25:558][780]MapCheck: New page: TestMap_backup - 18 Oct 2018 12:44:25
[2018.10.18-10.44.25:666][780]MapCheck: Map check complete: 0 Error(s), 0 Warning(s), took 106.929ms to complete.
[2018.10.18-10.44.25:688][780]LogEditorBuildUtils: Build time 0:28
[2018.10.18-10.44.32:017][971]Job is a success!
[2018.10.18-10.44.32:152][972]LogVolumetricLightmapImport: Imported Volumetric Lightmap in 0.018s
[2018.10.18-10.44.32:152][972]LogVolumetricLightmapImport:      Indirection Texture 16x16x16 = 0.0Mb
[2018.10.18-10.44.32:153][972]LogVolumetricLightmapImport:      BrickData 390x5x5 = 0.3Mb
[2018.10.18-10.44.32:153][972]LogVolumetricLightmapImport:      Bricks at Level
[2018.10.18-10.44.32:153][972]LogVolumetricLightmapImport:          0: 1.3% covering 100.0% of volume
[2018.10.18-10.44.32:153][972]LogVolumetricLightmapImport:          1: 5.1% covering 6.3% of volume
[2018.10.18-10.44.32:153][972]LogVolumetricLightmapImport:          2: 93.6% covering 1.8% of volume
[2018.10.18-10.44.32:352][972]LogTexture: Display: Building textures: HQ_Lightmap0_1 (AutoDXT, 256X256)
[2018.10.18-10.44.32:352][972]LogTexture: Display: Building textures: LQ_Lightmap_0_1 (DXT1, 256X256)
[2018.10.18-10.44.32:352][972]LogTexture: Display: Building textures: HQ_Lightmap0_2 (AutoDXT, 256X256)
[2018.10.18-10.44.32:352][972]LogTexture: Display: Building textures: LQ_Lightmap_0_2 (DXT1, 256X256)
[2018.10.18-10.44.32:352][972]LogTexture: Display: Building textures: HQ_Lightmap0_3 (AutoDXT, 64X64)
[2018.10.18-10.44.32:352][972]LogTexture: Display: Building textures: LQ_Lightmap_0_3 (DXT1, 64X64)
[2018.10.18-10.44.32:352][972]LogTexture: Display: Building textures: ShadowMapTexture2D_2 (G8, 32X32)
[2018.10.18-10.44.32:352][972]LogTexture: Display: Building textures: ShadowMapTexture2D_0 (G8, 128X128)
[2018.10.18-10.44.32:352][972]LogTexture: Display: Building textures: ShadowMapTexture2D_1 (G8, 128X128)
[2018.10.18-10.44.38:317][972]Lightmass on CAM-GAME-PC: 2.24 sec total, 738 ms importing, 52 ms setup, 187 ms photons, 924 ms processing, 0 ms extra exporting [38/38 mappings]. Threads: 3.66 sec total, 548 ms processing.
[2018.10.18-10.44.38:353][972]LogStaticLightingSystem: Illumination: 36.9 sec (102 ms encoding lightmaps, 31 ms encoding shadowmaps)
[2018.10.18-10.44.38:353][972]LogStaticLightingSystem: Lightmap texture memory:  0.3 MB (0.1 MB streaming, 0.1 MB non-streaming), 6 textures
[2018.10.18-10.44.38:353][972]LogStaticLightingSystem: Shadowmap texture memory: 0.0 MB (0.0 MB streaming, 0.0 MB non-streaming), 3 textures
[2018.10.18-10.44.38:796][972]DumpUnbuiltLightIteractions
[2018.10.18-10.44.38:796][972]Lights with unbuilt interactions: 0
[2018.10.18-10.44.38:796][972]
[2018.10.18-10.44.38:796][972]Primitives with unbuilt interactions: 0
[2018.10.18-10.44.38:850][973]Cmd: MAP CHECK NOTIFYRESULTS
[2018.10.18-10.44.38:850][973]MapCheck: New page: TestMap_backup - 18 Oct 2018 12:44:38
[2018.10.18-10.44.38:923][973]MapCheck: Map check complete: 0 Error(s), 0 Warning(s), took 73.153ms to complete.
[2018.10.18-10.52.02:857][ 28]Cmd: OBJ SAVEPACKAGE PACKAGE="/Game/AI/AIEnemyBT" FILE="../../../../../../Uni/Year 3/Where-s-Wally/MyProject/Content/AI/AIEnemyBT.uasset" SILENT=true
[2018.10.18-10.52.02:877][ 28]LogSavePackage: Moving '../../../../../../Uni/Year 3/Where-s-Wally/MyProject/Saved/AIEnemyBT02CEBE364DDC09F01838478B99F5BD30.tmp' to '../../../../../../Uni/Year 3/Where-s-Wally/MyProject/Content/AI/AIEnemyBT.uasset'
[2018.10.18-10.52.04:933][274]LogTemp: Repeating last play command: Simulate
[2018.10.18-10.52.04:954][274]LogPlayLevel: PlayLevel: No blueprints needed recompiling
[2018.10.18-10.52.04:954][274]PIE: New page: SIE session: TestMap_backup (18 Oct 2018 12:52:04)
[2018.10.18-10.52.04:954][274]LogPlayLevel: Creating play world package: /Game/Maps/UEDPIE_0_TestMap_backup
[2018.10.18-10.52.04:959][274]LogPlayLevel: PIE: StaticDuplicateObject took: (0.005068s)
[2018.10.18-10.52.04:960][274]LogAIModule: Creating AISystem for world TestMap_backup
[2018.10.18-10.52.04:960][274]LogPlayLevel: PIE: World Init took: (0.000641s)
[2018.10.18-10.52.04:960][274]LogPlayLevel: PIE: Created PIE world by copying editor world from /Game/Maps/TestMap_backup.TestMap_backup to /Game/Maps/UEDPIE_0_TestMap_backup.TestMap_backup (0.005834s)
[2018.10.18-10.52.05:003][274]LogInit: XAudio2 using 'Headset Earphone (HyperX 7.1 Audio)' : 2 channels at 44.1 kHz using 16 bits per sample (channel mask 0x3)
[2018.10.18-10.52.05:012][274]LogInit: FAudioDevice initialized.
[2018.10.18-10.52.05:042][274]LogLoad: Game class is 'MyMyProjectGameModeBaseBP_C'
[2018.10.18-10.52.05:044][274]LogWorld: Bringing World /Game/Maps/UEDPIE_0_TestMap_backup.TestMap_backup up for play (max tick rate 0) at 2018.10.18-11.52.05
[2018.10.18-10.52.05:044][274]LogWorld: Bringing up level for play took: 0.001684
[2018.10.18-10.52.05:057][274]PIE: Play in editor start time for /Game/Maps/UEDPIE_0_TestMap_backup 0.443
[2018.10.18-10.52.14:897][430]LogSlate: FSceneViewport::OnFocusLost() reason 0
[2018.10.18-10.52.23:477][432]LogSlate: Updating window title bar state: overlay mode, drag disabled, window buttons hidden, title bar hidden
[2018.10.18-10.52.23:507][432]LogPlayLevel: Display: Shutting down PIE online subsystems
[2018.10.18-10.52.23:532][432]LogSlate: Updating window title bar state: overlay mode, drag disabled, window buttons hidden, title bar hidden
[2018.10.18-10.52.23:580][437]LogPlayLevel: Display: Destroying online subsystem :Context_14
[2018.10.18-10.52.33:459][464]Cmd: OBJ SAVEPACKAGE PACKAGE="/Game/AI/AIEnemyBT" FILE="../../../../../../Uni/Year 3/Where-s-Wally/MyProject/Content/AI/AIEnemyBT.uasset" SILENT=true
[2018.10.18-10.52.33:474][464]LogSavePackage: Moving '../../../../../../Uni/Year 3/Where-s-Wally/MyProject/Saved/AIEnemyBT720730774BAB70F3ECB72EB8E5E108C0.tmp' to '../../../../../../Uni/Year 3/Where-s-Wally/MyProject/Content/AI/AIEnemyBT.uasset'
[2018.10.18-10.52.38:283][ 39]Cmd: OBJ SAVEPACKAGE PACKAGE="/Game/Maps/TestMap_backup" FILE="../../../../../../Uni/Year 3/Where-s-Wally/MyProject/Content/Maps/TestMap_backup.umap" SILENT=true AUTOSAVING=false KEEPDIRTY=false
[2018.10.18-10.52.38:360][ 39]LogSavePackage: Moving '../../../../../../Uni/Year 3/Where-s-Wally/MyProject/Saved/TestMap_backupCFAF51C945A06A8F6B411D9D30F4AAEB.tmp' to '../../../../../../Uni/Year 3/Where-s-Wally/MyProject/Content/Maps/TestMap_backup.umap'
[2018.10.18-10.52.38:392][ 39]Cmd: OBJ SAVEPACKAGE PACKAGE="/Game/Maps/TestMap_backup_BuiltData" FILE="../../../../../../Uni/Year 3/Where-s-Wally/MyProject/Content/Maps/TestMap_backup_BuiltData.uasset" SILENT=true
[2018.10.18-10.52.38:417][ 39]LogSavePackage: Moving '../../../../../../Uni/Year 3/Where-s-Wally/MyProject/Saved/TestMap_backup_BuiltData79E42AF841F7D8462A96E9BB8B1DFB75.tmp' to '../../../../../../Uni/Year 3/Where-s-Wally/MyProject/Content/Maps/TestMap_backup_BuiltData.uasset'
