Log file open, 10/18/18 18:25:28
LogWindows: Failed to load 'aqProf.dll' (GetLastError=126)
LogWindows: File 'aqProf.dll' does not exist
LogWindows: Failed to load 'VtuneApi.dll' (GetLastError=126)
LogWindows: File 'VtuneApi.dll' does not exist
LogWindows: Failed to load 'VtuneApi32e.dll' (GetLastError=126)
LogWindows: File 'VtuneApi32e.dll' does not exist
LogInit: Display: Running engine for game: MyProject
LogPlatformFile: Not using cached read wrapper
LogTaskGraph: Started task graph with 5 named threads and 23 total threads with 3 sets of task threads.
LogStats: Stats thread started at 0.273090
LogD3D11RHI: Loaded GFSDK_Aftermath_Lib.x64.dll
LogICUInternationalization: Display: ICU TimeZone Detection - Raw Offset: +0:00, Platform Override: ''
LogPluginManager: Mounting plugin Paper2D
LogPluginManager: Mounting plugin AISupport
LogPluginManager: Mounting plugin LightPropagationVolume
LogPluginManager: Mounting plugin CLionSourceCodeAccess
LogPluginManager: Mounting plugin CodeLiteSourceCodeAccess
LogPluginManager: Mounting plugin GitSourceControl
LogPluginManager: Mounting plugin KDevelopSourceCodeAccess
LogPluginManager: Mounting plugin NullSourceCodeAccess
LogPluginManager: Mounting plugin PerforceSourceControl
LogPluginManager: Mounting plugin SubversionSourceControl
LogPluginManager: Mounting plugin UObjectPlugin
LogPluginManager: Mounting plugin VisualStudioCodeSourceCodeAccess
LogPluginManager: Mounting plugin VisualStudioSourceCodeAccess
LogPluginManager: Mounting plugin XCodeSourceCodeAccess
LogPluginManager: Mounting plugin AssetManagerEditor
LogPluginManager: Mounting plugin CryptoKeys
LogPluginManager: Mounting plugin DataValidation
LogPluginManager: Mounting plugin FacialAnimation
LogPluginManager: Mounting plugin GameplayTagsEditor
LogPluginManager: Mounting plugin MacGraphicsSwitching
LogPluginManager: Mounting plugin MeshEditor
LogPluginManager: Mounting plugin MobileLauncherProfileWizard
LogPluginManager: Mounting plugin PluginBrowser
LogPluginManager: Mounting plugin SpeedTreeImporter
LogPluginManager: Mounting plugin DatasmithContent
LogPluginManager: Mounting plugin AlembicImporter
LogPluginManager: Mounting plugin AppleImageUtils
LogPluginManager: Mounting plugin AppleVision
LogPluginManager: Mounting plugin BackChannel
LogPluginManager: Mounting plugin CharacterAI
LogPluginManager: Mounting plugin GeometryCache
LogPluginManager: Mounting plugin HTML5Networking
LogPluginManager: Mounting plugin ProxyLODPlugin
LogPluginManager: Mounting plugin MagicLeap
LogPluginManager: Mounting plugin MagicLeapEmulator
LogPluginManager: Mounting plugin MagicLeapMedia
LogPluginManager: Mounting plugin AndroidMedia
LogPluginManager: Mounting plugin AvfMedia
LogPluginManager: Mounting plugin ImgMedia
LogPluginManager: Mounting plugin LinearTimecode
LogPluginManager: Mounting plugin MediaCompositing
LogPluginManager: Mounting plugin MediaPlayerEditor
LogPluginManager: Mounting plugin WmfMedia
LogPluginManager: Mounting plugin TcpMessaging
LogPluginManager: Mounting plugin UdpMessaging
LogPluginManager: Mounting plugin ActorSequence
LogPluginManager: Mounting plugin LevelSequenceEditor
LogPluginManager: Mounting plugin MatineeToLevelSequence
LogPluginManager: Mounting plugin NetcodeUnitTest
LogPluginManager: Mounting plugin NUTUnrealEngine4
LogPluginManager: Mounting plugin OnlineSubsystemGooglePlay
LogPluginManager: Mounting plugin OnlineSubsystemIOS
LogPluginManager: Mounting plugin OnlineSubsystem
LogPluginManager: Mounting plugin OnlineSubsystemNull
LogPluginManager: Mounting plugin OnlineSubsystemUtils
LogPluginManager: Mounting plugin LauncherChunkInstaller
LogPluginManager: Mounting plugin AndroidDeviceProfileSelector
LogPluginManager: Mounting plugin AndroidMoviePlayer
LogPluginManager: Mounting plugin AndroidPermission
LogPluginManager: Mounting plugin AppleMoviePlayer
LogPluginManager: Mounting plugin ArchVisCharacter
LogPluginManager: Mounting plugin AudioCapture
LogPluginManager: Mounting plugin CableComponent
LogPluginManager: Mounting plugin CustomMeshComponent
LogPluginManager: Mounting plugin EditableMesh
LogPluginManager: Mounting plugin ExampleDeviceProfileSelector
LogPluginManager: Mounting plugin GoogleCloudMessaging
LogPluginManager: Mounting plugin ImmediatePhysics
LogPluginManager: Mounting plugin IOSDeviceProfileSelector
LogPluginManager: Mounting plugin LinuxDeviceProfileSelector
LogPluginManager: Mounting plugin LocationServicesBPLibrary
LogPluginManager: Mounting plugin MobilePatchingUtils
LogPluginManager: Mounting plugin OculusVR
LogPluginManager: Plugin shader directory ../../../Engine/Plugins/Runtime/Oculus/OculusVR/Shaders found
LogPluginManager: Mapping shader source directory ../../../Engine/Plugins/Runtime/Oculus/OculusVR/Shaders to virtual directory /Plugin/OculusVR
LogPluginManager: Mounting plugin PhysXVehicles
LogPluginManager: Mounting plugin ProceduralMeshComponent
LogPluginManager: Mounting plugin RuntimePhysXCooking
LogPluginManager: Mounting plugin SteamVR
LogPluginManager: Mounting plugin WindowsMoviePlayer
LogStreaming: Display: Took  0.166s to configure plugins.
LogInit: Using libcurl 7.55.1-DEV
LogInit:  - built for x86_64-pc-win32
LogInit:  - supports SSL with OpenSSL/1.0.2h
LogInit:  - supports HTTP deflate (compression) using libz 1.2.8
LogInit:  - other features:
LogInit:      CURL_VERSION_SSL
LogInit:      CURL_VERSION_LIBZ
LogInit:      CURL_VERSION_IPV6
LogInit:      CURL_VERSION_ASYNCHDNS
LogInit:      CURL_VERSION_LARGEFILE
LogInit:      CURL_VERSION_IDN
LogInit:  CurlRequestOptions (configurable via config and command line):
LogInit:  - bVerifyPeer = false  - Libcurl will NOT verify peer certificate
LogInit:  - bUseHttpProxy = false  - Libcurl will NOT use HTTP proxy
LogInit:  - bDontReuseConnections = false  - Libcurl will reuse connections
LogInit:  - CertBundlePath = nullptr  - Libcurl will use whatever was configured at build time.
LogInit:  - MaxHostConnections = 16  - Libcurl will limit the number of connections to a host
LogInit:  - LocalHostAddr = Default
LogInit:  - BufferSize = 65536
LogInit: WinSock: version 1.1 (2.2), MaxSocks=32767, MaxUdp=65467
LogInit: Build: ++UE4+Release-4.20-CL-4233996
LogInit: Engine Version: 4.20.1-4233996+++UE4+Release-4.20
LogInit: Compatible Engine Version: 4.20.0-4212847+++UE4+Release-4.20
LogInit: Net CL: 4212847
LogInit: OS: Windows 10 (), CPU: Intel(R) Core(TM) i7-4790 CPU @ 3.60GHz, GPU: NVIDIA GeForce GTX 780
LogInit: Compiled (64-bit): Jul 26 2018 10:07:30
LogInit: Compiled with Visual C++: 19.13.26129.00
LogInit: Build Configuration: Development
LogInit: Branch Name: ++UE4+Release-4.20
LogInit: Command Line:  
LogInit: Base Directory: C:/Program Files/Epic Games/UE_4.20/Engine/Binaries/Win64/
LogInit: Installed Engine Build: 1
LogDevObjectVersion: Number of dev versions registered: 20
LogDevObjectVersion:   Dev-Blueprints (B0D832E4-1F89-4F0D-ACCF-7EB736FD4AA2): 10
LogDevObjectVersion:   Dev-Build (E1C64328-A22C-4D53-A36C-8E866417BD8C): 0
LogDevObjectVersion:   Dev-Core (375EC13C-06E4-48FB-B500-84F0262A717E): 2
LogDevObjectVersion:   Dev-Editor (E4B068ED-F494-42E9-A231-DA0B2E46BB41): 24
LogDevObjectVersion:   Dev-Framework (CFFC743F-43B0-4480-9391-14DF171D2073): 34
LogDevObjectVersion:   Dev-Mobile (B02B49B5-BB20-44E9-A304-32B752E40360): 2
LogDevObjectVersion:   Dev-Networking (A4E4105C-59A1-49B5-A7C5-40C4547EDFEE): 0
LogDevObjectVersion:   Dev-Online (39C831C9-5AE6-47DC-9A44-9C173E1C8E7C): 0
LogDevObjectVersion:   Dev-Physics (78F01B33-EBEA-4F98-B9B4-84EACCB95AA2): 0
LogDevObjectVersion:   Dev-Platform (6631380F-2D4D-43E0-8009-CF276956A95A): 0
LogDevObjectVersion:   Dev-Rendering (12F88B9F-8875-4AFC-A67C-D90C383ABD29): 26
LogDevObjectVersion:   Dev-Sequencer (7B5AE74C-D270-4C10-A958-57980B212A5A): 9
LogDevObjectVersion:   Dev-VR (D7296918-1DD6-4BDD-9DE2-64A83CC13884): 2
LogDevObjectVersion:   Dev-LoadTimes (C2A15278-BFE7-4AFE-6C17-90FF531DF755): 1
LogDevObjectVersion:   Private-Geometry (6EACA3D4-40EC-4CC1-B786-8BED09428FC5): 3
LogDevObjectVersion:   Dev-AnimPhys (29E575DD-E0A3-4627-9D10-D276232CDCEA): 17
LogDevObjectVersion:   Dev-ReflectionCapture (6B266CEC-1EC7-4B8F-A30B-E4D90942FC07): 1
LogDevObjectVersion:   Dev-Automation (0DF73D61-A23F-47EA-B727-89E90C41499A): 1
LogDevObjectVersion:   FortniteMain (601D1886-AC64-4F84-AA16-D3DE0DEAC7D6): 12
LogDevObjectVersion:   Dev-Enterprise (9DFFBCD6-494F-0158-E221-12823C92A888): 1
LogStreaming: Display: Took  0.001s to delete old logs.
LogInit: Presizing for max 8388607 objects, including 0 objects not considered by GC, pre-allocating 0 bytes for permanent pool.
LogInit: Object subsystem initialized
[2018.10.18-17.25.29:144][  0]LogInit: Selected Device Profile: [Windows]
[2018.10.18-17.25.29:144][  0]LogInit: Applying CVar settings loaded from the selected device profile: [Windows]
[2018.10.18-17.25.29:157][  0]LogHAL: Display: Platform has ~ 16 GB [17080971264 / 17179869184 / 16], which maps to Larger [LargestMinGB=32, LargerMinGB=12, DefaultMinGB=8, SmallerMinGB=6, SmallestMinGB=0)
[2018.10.18-17.25.29:157][  0]LogInit: Setting Device Profile CVar: [[r.Vulkan.UseRealUBs:1]]
[2018.10.18-17.25.29:157][  0]LogInit: Going up to parent DeviceProfile []
[2018.10.18-17.25.29:157][  0]LogInit: Computer: AMTX222-03
[2018.10.18-17.25.29:157][  0]LogInit: User: cm1crt
[2018.10.18-17.25.29:157][  0]LogInit: CPU Page size=4096, Cores=4
[2018.10.18-17.25.29:157][  0]LogInit: High frequency timer resolution =3.507509 MHz
[2018.10.18-17.25.29:158][  0]LogMemory: Memory total: Physical=15.9GB (16GB approx)
[2018.10.18-17.25.29:158][  0]LogMemory: Platform Memory Stats for Windows
[2018.10.18-17.25.29:158][  0]LogMemory: Process Physical Memory: 100.59 MB used, 100.59 MB peak
[2018.10.18-17.25.29:158][  0]LogMemory: Process Virtual Memory: 91.07 MB used, 91.07 MB peak
[2018.10.18-17.25.29:158][  0]LogMemory: Physical Memory: 4360.16 MB used,  11929.52 MB free, 16289.68 MB total
[2018.10.18-17.25.29:158][  0]LogMemory: Virtual Memory: 4641.30 MB used,  11929.52 MB free, 134217728.00 MB total
[2018.10.18-17.25.29:174][  0]LogInit: Using OS detected language (en-GB).
[2018.10.18-17.25.29:174][  0]LogInit: Using OS detected locale (en-GB).
[2018.10.18-17.25.29:175][  0]LogTextLocalizationManager: No specific localization for 'en-GB' exists, so the 'en' localization will be used.
[2018.10.18-17.25.29:558][  0]LogStreaming: Display: Took  0.385s to InitEngineTextLocalization.
[2018.10.18-17.25.29:559][  0]LogInit: Setting process to per monitor DPI aware
[2018.10.18-17.25.29:591][  0]LogSlate: New Slate User Created.  User Index 0, Is Virtual User: 0
[2018.10.18-17.25.29:591][  0]LogSlate: Slate User Registered.  User Index 0, Is Virtual User: 0
[2018.10.18-17.25.29:778][  0]LogHMD: Failed to initialize OpenVR with code 110
[2018.10.18-17.25.29:778][  0]LogD3D11RHI: D3D11 adapters:
[2018.10.18-17.25.29:830][  0]LogD3D11RHI:    0. 'NVIDIA GeForce GTX 780' (Feature Level 11_0)
[2018.10.18-17.25.29:831][  0]LogD3D11RHI:       3029/0/8144 MB DedicatedVideo/DedicatedSystem/SharedSystem, Outputs:2, VendorId:0x10de
[2018.10.18-17.25.29:833][  0]LogD3D11RHI:    1. 'Microsoft Basic Render Driver' (Feature Level 11_0)
[2018.10.18-17.25.29:833][  0]LogD3D11RHI:       0/0/8144 MB DedicatedVideo/DedicatedSystem/SharedSystem, Outputs:0, VendorId:0x1414
[2018.10.18-17.25.29:833][  0]LogD3D11RHI: Chosen D3D11 Adapter: 0
[2018.10.18-17.25.29:837][  0]LogD3D11RHI: Creating new Direct3DDevice
[2018.10.18-17.25.29:837][  0]LogD3D11RHI:     GPU DeviceId: 0x1004 (for the marketing name, search the web for "GPU Device Id")
[2018.10.18-17.25.29:837][  0]LogWindows: EnumDisplayDevices:
[2018.10.18-17.25.29:837][  0]LogWindows:    0. 'NVIDIA GeForce GTX 780' (P:0 D:1)
[2018.10.18-17.25.29:837][  0]LogWindows:    1. 'NVIDIA GeForce GTX 780' (P:1 D:1)
[2018.10.18-17.25.29:837][  0]LogWindows:    2. 'NVIDIA GeForce GTX 780' (P:0 D:0)
[2018.10.18-17.25.29:837][  0]LogWindows:    3. 'NVIDIA GeForce GTX 780' (P:0 D:0)
[2018.10.18-17.25.29:837][  0]LogWindows: DebugString: FoundDriverCount:4 
[2018.10.18-17.25.29:837][  0]LogD3D11RHI:     Adapter Name: NVIDIA GeForce GTX 780
[2018.10.18-17.25.29:837][  0]LogD3D11RHI:   Driver Version: 399.07 (internal:24.21.13.9907, unified:399.07)
[2018.10.18-17.25.29:838][  0]LogD3D11RHI:      Driver Date: 8-21-2018
[2018.10.18-17.25.29:838][  0]LogRHI: Texture pool is 2120 MB (70% of 3029 MB)
[2018.10.18-17.25.29:866][  0]LogD3D11RHI: Async texture creation enabled
[2018.10.18-17.25.29:883][  0]LogD3D11RHI: GPU Timing Frequency: 1000.000000 (Debug: 2 2)
[2018.10.18-17.25.29:885][  0]LogShaderCompilers: Guid format shader working directory is -6 characters bigger than the processId version (../../../../../../Temp/CMcRae/Where-s-Wally/MyProject/Intermediate/Shaders/WorkingDirectory/8952/).
[2018.10.18-17.25.29:885][  0]LogShaderCompilers: Cleaned the shader compiler working directory 'C:/Users/cm1crt/AppData/Local/Temp/UnrealShaderWorkingDir/13CB003E4C82F734B846D0A14982A889/'.
[2018.10.18-17.25.30:832][  0]LogTemp: Display: Loaded TP AllDesktopTargetPlatform
[2018.10.18-17.25.30:844][  0]LogTemp: Display: Loaded TP MacClientTargetPlatform
[2018.10.18-17.25.30:856][  0]LogTemp: Display: Loaded TP MacNoEditorTargetPlatform
[2018.10.18-17.25.30:869][  0]LogTemp: Display: Loaded TP MacServerTargetPlatform
[2018.10.18-17.25.30:881][  0]LogTemp: Display: Loaded TP MacTargetPlatform
[2018.10.18-17.25.30:893][  0]LogTemp: Display: Loaded TP WindowsClientTargetPlatform
[2018.10.18-17.25.30:907][  0]LogTemp: Display: Loaded TP WindowsNoEditorTargetPlatform
[2018.10.18-17.25.30:920][  0]LogTemp: Display: Loaded TP WindowsServerTargetPlatform
[2018.10.18-17.25.30:925][  0]LogTemp: Display: Loaded TP WindowsTargetPlatform
[2018.10.18-17.25.31:010][  0]LogTemp: Display: Loaded TP AndroidTargetPlatform
[2018.10.18-17.25.31:010][  0]LogTemp: Display: Loaded TP AndroidTargetPlatform
[2018.10.18-17.25.31:010][  0]LogTemp: Display: Loaded TP AndroidTargetPlatform
[2018.10.18-17.25.31:010][  0]LogTemp: Display: Loaded TP AndroidTargetPlatform
[2018.10.18-17.25.31:010][  0]LogTemp: Display: Loaded TP AndroidTargetPlatform
[2018.10.18-17.25.31:010][  0]LogTemp: Display: Loaded TP AndroidTargetPlatform
[2018.10.18-17.25.31:010][  0]LogTemp: Display: Loaded TP AndroidTargetPlatform
[2018.10.18-17.25.31:010][  0]LogTemp: Display: Loaded TP AndroidTargetPlatform
[2018.10.18-17.25.31:010][  0]LogTemp: Display: Loaded TP AndroidTargetPlatform
[2018.10.18-17.25.31:010][  0]LogTemp: Display: Loaded TP AndroidTargetPlatform
[2018.10.18-17.25.31:010][  0]LogTemp: Display: Loaded TP AndroidTargetPlatform
[2018.10.18-17.25.31:010][  0]LogTemp: Display: Loaded TP AndroidTargetPlatform
[2018.10.18-17.25.31:010][  0]LogTemp: Display: Loaded TP AndroidTargetPlatform
[2018.10.18-17.25.31:010][  0]LogTemp: Display: Loaded TP AndroidTargetPlatform
[2018.10.18-17.25.31:010][  0]LogTemp: Display: Loaded TP AndroidTargetPlatform
[2018.10.18-17.25.31:010][  0]LogTemp: Display: Loaded TP AndroidTargetPlatform
[2018.10.18-17.25.31:010][  0]LogTemp: Display: Loaded TP AndroidTargetPlatform
[2018.10.18-17.25.31:010][  0]LogTemp: Display: Loaded TP AndroidTargetPlatform
[2018.10.18-17.25.31:011][  0]LogTemp: Display: Loaded TP HTML5TargetPlatform
[2018.10.18-17.25.31:069][  0]LogTemp: Display: Loaded TP IOSTargetPlatform
[2018.10.18-17.25.31:069][  0]LogTemp: Display: Loaded TP IOSTargetPlatform
[2018.10.18-17.25.31:090][  0]LogTemp: Display: Loaded TP TVOSTargetPlatform
[2018.10.18-17.25.31:090][  0]LogTemp: Display: Loaded TP TVOSTargetPlatform
[2018.10.18-17.25.31:106][  0]LogTemp: Display: Loaded TP LinuxClientTargetPlatform
[2018.10.18-17.25.31:117][  0]LogTemp: Display: Loaded TP LinuxNoEditorTargetPlatform
[2018.10.18-17.25.31:128][  0]LogTemp: Display: Loaded TP LinuxServerTargetPlatform
[2018.10.18-17.25.31:140][  0]LogTemp: Display: Loaded TP LinuxTargetPlatform
[2018.10.18-17.25.31:148][  0]LogTemp: Display: Loaded TP LuminTargetPlatform
[2018.10.18-17.25.31:148][  0]LogTargetPlatformManager: Display: Building Assets For Windows
[2018.10.18-17.25.31:198][  0]LogXGEController: Cannot use XGE Controller as Incredibuild is not installed on this machine.
[2018.10.18-17.25.31:198][  0]LogShaderCompilers: Cannot use XGE Shader Compiler as Incredibuild is not installed on this machine.
[2018.10.18-17.25.31:198][  0]LogShaderCompilers: Display: Using Local Shader Compiler.
[2018.10.18-17.25.31:913][  0]LogDerivedDataCache: Display: Max Cache Size: 512 MB
[2018.10.18-17.25.31:984][  0]LogDerivedDataCache: Loaded boot cache 0.07s 87MB C:/Users/cm1crt/AppData/Local/UnrealEngine/4.20/DerivedDataCache/Boot.ddc.
[2018.10.18-17.25.31:985][  0]LogDerivedDataCache: Display: Loaded Boot cache: C:/Users/cm1crt/AppData/Local/UnrealEngine/4.20/DerivedDataCache/Boot.ddc
[2018.10.18-17.25.31:985][  0]LogDerivedDataCache: FDerivedDataBackendGraph:  Pak pak cache file ../../../../../../Temp/CMcRae/Where-s-Wally/MyProject/DerivedDataCache/DDC.ddp not found, will not use a pak cache.
[2018.10.18-17.25.31:985][  0]LogDerivedDataCache: Unable to find inner node Pak for hierarchical cache Hierarchy.
[2018.10.18-17.25.31:985][  0]LogDerivedDataCache: FDerivedDataBackendGraph:  CompressedPak pak cache file ../../../../../../Temp/CMcRae/Where-s-Wally/MyProject/DerivedDataCache/Compressed.ddp not found, will not use a pak cache.
[2018.10.18-17.25.31:985][  0]LogDerivedDataCache: Unable to find inner node CompressedPak for hierarchical cache Hierarchy.
[2018.10.18-17.25.31:997][  0]LogDerivedDataCache: Display: Pak cache opened for reading ../../../Engine/DerivedDataCache/Compressed.ddp.
[2018.10.18-17.25.32:009][  0]LogDerivedDataCache: Using Local data cache path C:/Users/cm1crt/AppData/Local/UnrealEngine/Common/DerivedDataCache: Writable
[2018.10.18-17.25.32:009][  0]LogDerivedDataCache: Shared data cache path not found in *engine.ini, will not use an Shared cache.
[2018.10.18-17.25.32:009][  0]LogDerivedDataCache: Unable to find inner node Shared for hierarchical cache Hierarchy.
[2018.10.18-17.25.32:026][  0]LogMaterial: Verifying Global Shaders for PCD3D_SM5
[2018.10.18-17.25.32:027][  0]LogSlate: Using FreeType 2.6.0
[2018.10.18-17.25.32:028][  0]LogSlate: SlateFontServices - WITH_FREETYPE: 1, WITH_HARFBUZZ: 1
[2018.10.18-17.25.32:101][  0]LogAssetRegistry: FAssetRegistry took 0.0287 seconds to start up
[2018.10.18-17.25.32:386][  0]LogInit: Selected Device Profile: [Windows]
[2018.10.18-17.25.32:506][  0]LogSimplygon: Simplygon DLL not present - disabling.
[2018.10.18-17.25.32:509][  0]LogMeshReduction: Using SimplygonSwarm for distributed automatic mesh merging
[2018.10.18-17.25.32:509][  0]LogMeshReduction: Using ProxyLODMeshReduction for automatic mesh merging
[2018.10.18-17.25.32:509][  0]LogMeshReduction: Using QuadricMeshReduction for automatic static mesh reduction
[2018.10.18-17.25.32:509][  0]LogMeshReduction: No automatic skeletal mesh reduction module available
[2018.10.18-17.25.32:524][  0]LogNetVersion: MyProject 1.0.0, NetCL: 4212847, EngineNetVer: 5, GameNetVer: 0 (Checksum: 1110078900)
[2018.10.18-17.25.32:999][  0]LogPackageLocalizationCache: Processed 11 localized package path(s) for 2 prioritized culture(s) in 0.094941 seconds
[2018.10.18-17.25.33:005][  0]LogUObjectArray: 38425 objects as part of root set at end of initial load.
[2018.10.18-17.25.33:005][  0]LogUObjectAllocator: 6690864 out of 0 bytes used by permanent object pool.
[2018.10.18-17.25.33:005][  0]LogUObjectArray: CloseDisregardForGC: 0/0 objects in disregard for GC pool
[2018.10.18-17.25.33:795][  0]LogTcpMessaging: Initializing TcpMessaging bridge
[2018.10.18-17.25.33:807][  0]LogUdpMessaging: Initializing bridge on interface 0.0.0.0:0 to multicast group 230.0.0.1:6666.
[2018.10.18-17.25.34:063][  0]SourceControl: Source control is disabled
[2018.10.18-17.25.34:064][  0]SourceControl: Source control is disabled
[2018.10.18-17.25.34:065][  0]SourceControl: Source control is disabled
[2018.10.18-17.25.34:065][  0]SourceControl: Source control is disabled
[2018.10.18-17.25.34:260][  0]LogAndroidPermission: UAndroidPermissionCallbackProxy::GetInstance
[2018.10.18-17.25.34:289][  0]LogOcInput: OculusInput pre-init called
[2018.10.18-17.25.34:361][  0]LogEngine: Initializing Engine...
[2018.10.18-17.25.34:362][  0]LogHMD: Failed to initialize OpenVR with code 110
[2018.10.18-17.25.34:363][  0]LogStats: UGameplayTagsManager::ConstructGameplayTagTree: ImportINI prefixes -  0.000 s
[2018.10.18-17.25.34:363][  0]LogStats: UGameplayTagsManager::ConstructGameplayTagTree: Construct from data asset -  0.000 s
[2018.10.18-17.25.34:363][  0]LogStats: UGameplayTagsManager::ConstructGameplayTagTree: ImportINI -  0.000 s
[2018.10.18-17.25.34:363][  0]LogStats: UGameplayTagsManager::ConstructGameplayTagTree: GameplayTagTreeChangedEvent.Broadcast -  0.000 s
[2018.10.18-17.25.34:554][  0]LogInit: Initializing FReadOnlyCVARCache
[2018.10.18-17.25.34:566][  0]LogAIModule: Creating AISystem for world Untitled
[2018.10.18-17.25.34:576][  0]LogInit: XAudio2 using 'Speakers (High Definition Audio Device)' : 2 channels at 48 kHz using 16 bits per sample (channel mask 0x3)
[2018.10.18-17.25.34:587][  0]LogInit: FAudioDevice initialized.
[2018.10.18-17.25.34:587][  0]LogNetVersion: Set ProjectVersion to 1.0.0.0. Version Checksum will be recalculated on next use.
[2018.10.18-17.25.37:376][  0]LogDerivedDataCache: Saved boot cache 2.79s 87MB C:/Users/cm1crt/AppData/Local/UnrealEngine/4.20/DerivedDataCache/Boot.ddc.
[2018.10.18-17.25.37:428][  0]LogInit: Texture streaming: Enabled
[2018.10.18-17.25.37:472][  0]LogEngineSessionManager: EngineSessionManager initialized
[2018.10.18-17.25.38:431][  0]LogInit: Transaction tracking system initialized
[2018.10.18-17.25.38:497][  0]BlueprintLog: New page: Editor Load
[2018.10.18-17.25.38:565][  0]LocalizationService: Localization service is disabled
[2018.10.18-17.25.38:792][  0]LogCook: Display: Max memory allowance for cook 16384mb min free memory 0mb
[2018.10.18-17.25.38:792][  0]LogCook: Display: Mobile HDR setting 1
[2018.10.18-17.25.38:792][  0]LogGameplayTags: Display: UGameplayTagsManager::DoneAddingNativeTags. DelegateIsBound: 0
[2018.10.18-17.25.38:792][  0]LogStats: UGameplayTagsManager::ConstructGameplayTagTree: ImportINI prefixes -  0.000 s
[2018.10.18-17.25.38:792][  0]LogStats: UGameplayTagsManager::ConstructGameplayTagTree: Construct from data asset -  0.000 s
[2018.10.18-17.25.38:792][  0]LogStats: UGameplayTagsManager::ConstructGameplayTagTree: ImportINI -  0.000 s
[2018.10.18-17.25.38:792][  0]LogStats: UGameplayTagsManager::ConstructGameplayTagTree: GameplayTagTreeChangedEvent.Broadcast -  0.000 s
[2018.10.18-17.25.38:900][  0]LogFileCache: Scanning file cache for directory 'C:/Temp/CMcRae/Where-s-Wally/MyProject/Content/' took 0.01s
[2018.10.18-17.25.38:900][  0]SourceControl: Source control is disabled
[2018.10.18-17.25.38:900][  0]Cmd: MAP LOAD FILE="../../../Engine/Content/Maps/Templates/Template_Default.umap" TEMPLATE=1 SHOWPROGRESS=1 FEATURELEVEL=3
[2018.10.18-17.25.38:900][  0]LightingResults: New page: Lighting Build
[2018.10.18-17.25.38:903][  0]MapCheck: New page: Map Check
[2018.10.18-17.25.38:903][  0]LightingResults: New page: Lighting Build
[2018.10.18-17.25.39:083][  0]LogAIModule: Creating AISystem for world Untitled_1
[2018.10.18-17.25.39:089][  0]LogEditorServer: Finished looking for orphan Actors (0.000 secs)
[2018.10.18-17.25.39:109][  0]Cmd: MAP CHECKDEP NOCLEARLOG
[2018.10.18-17.25.39:162][  0]MapCheck: Map check complete: 0 Error(s), 0 Warning(s), took 53.215ms to complete.
[2018.10.18-17.25.39:162][  0]LogFileHelpers: Loading map 'Template_Default' took 0.262
[2018.10.18-17.25.40:028][  0]LogSlate: Updating window title bar state: overlay mode, drag disabled, window buttons hidden, title bar hidden
[2018.10.18-17.25.40:040][  0]LogSlate: Updating window title bar state: overlay mode, drag disabled, window buttons hidden, title bar hidden
[2018.10.18-17.25.40:052][  0]LogSlate: Updating window title bar state: overlay mode, drag disabled, window buttons hidden, title bar hidden
[2018.10.18-17.25.40:065][  0]LogSlate: Updating window title bar state: overlay mode, drag disabled, window buttons hidden, title bar hidden
[2018.10.18-17.25.40:079][  0]LogCollectionManager: Loaded 0 collections in 0.002625 seconds
[2018.10.18-17.25.40:145][  0]LogFileCache: Scanning file cache for directory 'C:/Temp/CMcRae/Where-s-Wally/MyProject/Saved/Collections/' took 0.01s
[2018.10.18-17.25.40:145][  0]LogFileCache: Scanning file cache for directory 'C:/Temp/CMcRae/Where-s-Wally/MyProject/Content/Developers/cm1crt/Collections/' took 0.01s
[2018.10.18-17.25.40:145][  0]LogFileCache: Scanning file cache for directory 'C:/Temp/CMcRae/Where-s-Wally/MyProject/Content/Collections/' took 0.01s
[2018.10.18-17.25.40:145][  0]LogCollectionManager: Rebuilt the GUID cache for 0 collections in 0.000001 seconds
[2018.10.18-17.25.40:173][  0]LogContentBrowser: Native class hierarchy populated in 0.0269 seconds. Added 2574 classes and 605 folders.
[2018.10.18-17.25.40:185][  0]LogContentBrowser: Native class hierarchy updated for 'WidgetCarousel' in 0.0006 seconds. Added 0 classes and 0 folders.
[2018.10.18-17.25.48:261][  0]LogContentBrowser: Native class hierarchy updated for 'AddContentDialog' in 0.0008 seconds. Added 0 classes and 0 folders.
[2018.10.18-17.25.48:269][  0]LogContentBrowser: Native class hierarchy updated for 'SceneOutliner' in 0.0007 seconds. Added 1 classes and 2 folders.
[2018.10.18-17.25.48:293][  0]LogSlate: Took 0.000172 seconds to synchronously load lazily loaded font '../../../Engine/Content/Slate/Fonts/Roboto-Regular.ttf' (155K)
[2018.10.18-17.25.48:296][  0]LogSlate: Took 0.000216 seconds to synchronously load lazily loaded font '../../../Engine/Content/Slate/Fonts/Roboto-Bold.ttf' (160K)
[2018.10.18-17.25.48:331][  0]LogSlate: Took 0.030052 seconds to synchronously load lazily loaded font '../../../Engine/Content/Editor/Slate/Fonts/FontAwesome.ttf' (139K)
[2018.10.18-17.25.48:498][  0]LogRenderer: Reallocating scene render targets to support 1208x576 Format 10 NumSamples 1 (Frame:1).
[2018.10.18-17.25.48:615][  0]LogSlate: FSceneViewport::OnFocusLost() reason 2
[2018.10.18-17.25.48:625][  0]LogSlate: Window 'Tutorials' being destroyed
[2018.10.18-17.25.48:653][  0]LogContentBrowser: Native class hierarchy updated for 'HierarchicalLODOutliner' in 0.0003 seconds. Added 0 classes and 0 folders.
[2018.10.18-17.25.48:653][  0]LogLoad: (Engine Initialization) Total time: 21.30 seconds
[2018.10.18-17.25.48:653][  0]LogLoad: (Engine Initialization) Total Blueprint compile time: 0.00 seconds
[2018.10.18-17.25.48:687][  0]LogContentStreaming: Texture pool size now 3000 MB
[2018.10.18-17.25.48:710][  0]LogSlate: Took 0.000196 seconds to synchronously load lazily loaded font '../../../Engine/Content/Slate/Fonts/Roboto-Light.ttf' (167K)
[2018.10.18-17.25.48:726][  1]LogAssetRegistry: Asset discovery search completed in 16.6479 seconds
[2018.10.18-17.25.48:728][  1]LogCollectionManager: Rebuilt the object cache for 0 collections in 0.000000 seconds (found 0 objects)
[2018.10.18-17.25.48:728][  1]LogCollectionManager: Fixed up redirectors for 0 collections in 0.000044 seconds (updated 0 objects)
[2018.10.18-17.25.56:915][118]LogSlate: FSceneViewport::OnFocusLost() reason 0
[2018.10.18-17.27.26:631][879]LogSlate: Took 0.000169 seconds to synchronously load lazily loaded font '../../../Engine/Content/Slate/Fonts/Roboto-Light.ttf' (167K)
[2018.10.18-17.27.26:843][879]LogTexture: Display: Building textures: HQ_Lightmap1_3 (AutoDXT, 64X64)
[2018.10.18-17.27.26:843][879]LogTexture: Display: Building textures: LQ_Lightmap_1_3 (DXT1, 64X64)
[2018.10.18-17.27.26:843][879]LogTexture: Display: Building textures: LQ_Lightmap_1_1 (DXT1, 256X256)
[2018.10.18-17.27.26:843][879]LogTexture: Display: Building textures: HQ_Lightmap1_2 (AutoDXT, 256X256)
[2018.10.18-17.27.26:843][879]LogTexture: Display: Building textures: LQ_Lightmap_1_2 (DXT1, 256X256)
[2018.10.18-17.27.26:843][879]LogTexture: Display: Building textures: HQ_Lightmap1_1 (AutoDXT, 256X256)
[2018.10.18-17.27.26:843][879]LogTexture: Display: Building textures: ShadowMapTexture2D_18 (G8, 128X128)
[2018.10.18-17.27.26:843][879]LogTexture: Display: Building textures: ShadowMapTexture2D_20 (G8, 32X32)
[2018.10.18-17.27.26:843][879]LogTexture: Display: Building textures: ShadowMapTexture2D_19 (G8, 128X128)
[2018.10.18-17.27.26:863][879]LogAIModule: Creating AISystem for world TestMap_backup
[2018.10.18-17.27.26:871][879]LogAssetEditorManager: Opening Asset editor for World /Game/Maps/TestMap_backup.TestMap_backup
[2018.10.18-17.27.26:889][879]Cmd: MAP LOAD FILE="../../../../../../Temp/CMcRae/Where-s-Wally/MyProject/Content/Maps/TestMap_backup.umap" TEMPLATE=0 SHOWPROGRESS=1 FEATURELEVEL=3
[2018.10.18-17.27.26:889][879]LightingResults: New page: Lighting Build
[2018.10.18-17.27.26:890][879]LoadErrors: New page: Loading map: TestMap_backup.umap
[2018.10.18-17.27.26:890][879]MapCheck: New page: Map Check
[2018.10.18-17.27.26:890][879]LightingResults: New page: Lighting Build
[2018.10.18-17.27.26:912][879]LogEditorServer: Finished looking for orphan Actors (0.000 secs)
[2018.10.18-17.27.26:957][879]Cmd: MAP CHECKDEP NOCLEARLOG
[2018.10.18-17.27.27:020][879]MapCheck: Map check complete: 0 Error(s), 0 Warning(s), took 62.103ms to complete.
[2018.10.18-17.27.27:020][879]LogFileHelpers: Loading map 'TestMap_backup' took 0.131
[2018.10.18-17.27.32:232][493]LogTemp: Repeating last play command: Selected Viewport
[2018.10.18-17.27.32:250][493]LogPlayLevel: PlayLevel: No blueprints needed recompiling
[2018.10.18-17.27.32:263][493]PIE: New page: PIE session: TestMap_backup (18 Oct 2018 19:27:32)
[2018.10.18-17.27.32:263][493]LogPlayLevel: Creating play world package: /Game/Maps/UEDPIE_0_TestMap_backup
[2018.10.18-17.27.32:270][493]LogPlayLevel: PIE: StaticDuplicateObject took: (0.006309s)
[2018.10.18-17.27.32:270][493]LogAIModule: Creating AISystem for world TestMap_backup
[2018.10.18-17.27.32:270][493]LogPlayLevel: PIE: World Init took: (0.000794s)
[2018.10.18-17.27.32:270][493]LogPlayLevel: PIE: Created PIE world by copying editor world from /Game/Maps/TestMap_backup.TestMap_backup to /Game/Maps/UEDPIE_0_TestMap_backup.TestMap_backup (0.007285s)
[2018.10.18-17.27.32:292][493]LogInit: XAudio2 using 'Speakers (High Definition Audio Device)' : 2 channels at 48 kHz using 16 bits per sample (channel mask 0x3)
[2018.10.18-17.27.32:299][493]LogInit: FAudioDevice initialized.
[2018.10.18-17.27.32:367][493]LogLoad: Game class is 'MyMyProjectGameModeBaseBP_C'
[2018.10.18-17.27.32:373][493]LogWorld: Bringing World /Game/Maps/UEDPIE_0_TestMap_backup.TestMap_backup up for play (max tick rate 0) at 2018.10.18-18.27.32
[2018.10.18-17.27.32:375][493]LogWorld: Bringing up level for play took: 0.005140
[2018.10.18-17.27.32:393][493]LogContentBrowser: Native class hierarchy updated for 'MovieSceneCapture' in 0.0004 seconds. Added 10 classes and 0 folders.
[2018.10.18-17.27.32:394][493]PIE: Play in editor start time for /Game/Maps/UEDPIE_0_TestMap_backup -0.663
[2018.10.18-17.27.56:914][419]LogSlate: Updating window title bar state: overlay mode, drag disabled, window buttons hidden, title bar hidden
[2018.10.18-17.27.56:947][419]LogPlayLevel: Display: Shutting down PIE online subsystems
[2018.10.18-17.27.56:968][419]LogSlate: Updating window title bar state: overlay mode, drag disabled, window buttons hidden, title bar hidden
[2018.10.18-17.27.57:015][423]LogPlayLevel: Display: Destroying online subsystem :Context_1
[2018.10.18-17.27.59:621][734]LogSlate: FSceneViewport::OnFocusLost() reason 0
[2018.10.18-17.28.00:187][786]LogSlate: Took 0.000197 seconds to synchronously load lazily loaded font '../../../Engine/Content/Slate/Fonts/Roboto-Italic.ttf' (157K)
[2018.10.18-17.28.09:531][838]LogPlayLevel: PlayLevel: No blueprints needed recompiling
[2018.10.18-17.28.09:531][838]PIE: New page: SIE session: TestMap_backup (18 Oct 2018 19:28:09)
[2018.10.18-17.28.09:532][838]LogPlayLevel: Creating play world package: /Game/Maps/UEDPIE_0_TestMap_backup
[2018.10.18-17.28.09:537][838]LogPlayLevel: PIE: StaticDuplicateObject took: (0.005494s)
[2018.10.18-17.28.09:538][838]LogAIModule: Creating AISystem for world TestMap_backup
[2018.10.18-17.28.09:538][838]LogPlayLevel: PIE: World Init took: (0.000833s)
[2018.10.18-17.28.09:538][838]LogPlayLevel: PIE: Created PIE world by copying editor world from /Game/Maps/TestMap_backup.TestMap_backup to /Game/Maps/UEDPIE_0_TestMap_backup.TestMap_backup (0.006469s)
[2018.10.18-17.28.09:560][838]LogInit: XAudio2 using 'Speakers (High Definition Audio Device)' : 2 channels at 48 kHz using 16 bits per sample (channel mask 0x3)
[2018.10.18-17.28.09:567][838]LogInit: FAudioDevice initialized.
[2018.10.18-17.28.09:598][838]LogLoad: Game class is 'MyMyProjectGameModeBaseBP_C'
[2018.10.18-17.28.09:600][838]LogWorld: Bringing World /Game/Maps/UEDPIE_0_TestMap_backup.TestMap_backup up for play (max tick rate 0) at 2018.10.18-18.28.09
[2018.10.18-17.28.09:601][838]LogWorld: Bringing up level for play took: 0.002290
[2018.10.18-17.28.09:614][838]PIE: Play in editor start time for /Game/Maps/UEDPIE_0_TestMap_backup 0.406
[2018.10.18-17.28.15:473][477]LogSlate: FSceneViewport::OnFocusLost() reason 0
[2018.10.18-17.28.15:582][490]LogSlate: Updating window title bar state: overlay mode, drag disabled, window buttons hidden, title bar hidden
[2018.10.18-17.28.15:612][490]LogPlayLevel: Display: Shutting down PIE online subsystems
[2018.10.18-17.28.15:634][490]LogSlate: Updating window title bar state: overlay mode, drag disabled, window buttons hidden, title bar hidden
[2018.10.18-17.28.15:688][496]LogPlayLevel: Display: Destroying online subsystem :Context_4
[2018.10.18-17.28.16:139][550]MapCheck: New page: Map Check
[2018.10.18-17.28.16:148][550]Cmd: MAP REBUILD ALLVISIBLE
[2018.10.18-17.28.16:148][550]LogEditorServer: Rebuildmap Clear paths rebuilt
[2018.10.18-17.28.16:217][550]LogMaterial: Display: Missing cached shader map for material FDebugViewModeMaterialProxy DefaultMaterial, compiling. 
[2018.10.18-17.28.16:224][550]LogMaterial: Display: Missing cached shader map for material FDebugViewModeMaterialProxy MaterialInstanceDynamic_0, compiling. 
[2018.10.18-17.28.16:231][550]LogShaderCompilers: Display: Shaders left to compile 2
[2018.10.18-17.28.16:231][550]LogShaderCompilers: Display: Shaders left to compile 1
[2018.10.18-17.28.16:231][550]LogMaterial: Display: Missing cached shader map for material FDebugViewModeMaterialProxy WorldGridMaterial, compiling. Is special engine material.
[2018.10.18-17.28.16:237][550]LogMaterial: Display: Missing cached shader map for material FDebugViewModeMaterialProxy M_UE4Man_Body, compiling. 
[2018.10.18-17.28.16:246][550]LogMaterial: Display: Missing cached shader map for material FDebugViewModeMaterialProxy M_UE4Man_ChestLogo, compiling. 
[2018.10.18-17.28.17:068][550]LogShaderCompilers: Display: Shaders left to compile 3
[2018.10.18-17.28.17:068][550]LogShaderCompilers: Display: Shaders left to compile 2
[2018.10.18-17.28.17:068][550]LogShaderCompilers: Display: Shaders left to compile 1
[2018.10.18-17.28.17:068][550]TextureStreamingBuild: Display: Compiling optional shaders took 0.852 seconds.
[2018.10.18-17.28.17:089][550]LogLevel: Display: Export Material TexCoord Scales took 0.021 seconds.
[2018.10.18-17.28.17:100][550]TextureStreamingBuild: Display: Build Texture Streaming took 0.010 seconds.
[2018.10.18-17.28.17:120][550]LightingResults: New page: Lighting Build - 18 Oct 2018 19:28:17
[2018.10.18-17.28.17:151][550]LogSwarmInterface: [OpenConnection] Registering TCP channel ...
[2018.10.18-17.28.17:210][550]LogSwarmInterface: [OpenConnection] Connecting to agent ...
[2018.10.18-17.28.17:220][550]LogSwarmInterface: [TryOpenConnection] Testing the Agent
[2018.10.18-17.28.17:735][550]LogSwarmInterface: [TryOpenConnection] Opening Connection to Agent
[2018.10.18-17.28.17:735][550]LogSwarmInterface: [TryOpenConnection] Local Process ID is 8952
[2018.10.18-17.28.20:621][550]LogStaticLightingSystem: Warning: No importance volume found, so the scene bounding box was used.  You can optimize your scene's quality and lighting build times by adding importance volumes.
[2018.10.18-17.28.20:621][550]LogStaticLightingSystem: Running Lightmass w/ ImmediateImport mode ENABLED
[2018.10.18-17.28.20:621][550]LogStaticLightingSystem: Running Lightmass w/ ImmediateProcess mode ENABLED
[2018.10.18-17.28.20:621][550]LogStaticLightingSystem: Running Lightmass w/ Sorting mode ENABLED
[2018.10.18-17.28.20:621][550]LogStaticLightingSystem: Running Lightmass w/ Mapping paddings ENABLED
[2018.10.18-17.28.20:621][550]LogStaticLightingSystem: Running Lightmass w/ Mapping debug paddings DISABLED
[2018.10.18-17.28.20:802][550]Cmd: MAP CHECK DONTDISPLAYDIALOG
[2018.10.18-17.28.20:802][550]MapCheck: New page: TestMap_backup - 18 Oct 2018 19:28:20
[2018.10.18-17.28.20:947][550]MapCheck: Map check complete: 0 Error(s), 0 Warning(s), took 144.565ms to complete.
[2018.10.18-17.28.20:971][550]LogEditorBuildUtils: Build time 0:04
[2018.10.18-17.28.21:005][550]LogMaterial: Display: Missing cached shader map for material FLightmassMaterialRenderer DefaultMaterial, compiling. 
[2018.10.18-17.28.21:027][550]LogShaderCompilers: Display: Shaders left to compile 2
[2018.10.18-17.28.21:027][550]LogMaterial: Display: Missing cached shader map for material FLightmassMaterialRenderer DefaultMaterial, compiling. 
[2018.10.18-17.28.21:048][550]LogShaderCompilers: Display: Shaders left to compile 2
[2018.10.18-17.28.21:061][551]LogMaterial: Display: Missing cached shader map for material FLightmassMaterialRenderer MaterialInstanceDynamic_0, compiling. 
[2018.10.18-17.28.21:069][551]LogShaderCompilers: Display: Shaders left to compile 2
[2018.10.18-17.28.21:069][551]LogMaterial: Display: Missing cached shader map for material FLightmassMaterialRenderer MaterialInstanceDynamic_0, compiling. 
[2018.10.18-17.28.21:081][551]LogShaderCompilers: Display: Shaders left to compile 2
[2018.10.18-17.28.21:091][552]LogMaterial: Display: Missing cached shader map for material FLightmassMaterialRenderer WorldGridMaterial, compiling. Is special engine material.
[2018.10.18-17.28.21:101][552]LogMaterial: Display: Missing cached shader map for material FLightmassMaterialRenderer WorldGridMaterial, compiling. Is special engine material.
[2018.10.18-17.28.22:215][553]LogShaderCompilers: Display: Shaders left to compile 4
[2018.10.18-17.28.24:503][684]Job is a success!
[2018.10.18-17.28.24:553][685]LogVolumetricLightmapImport: Imported Volumetric Lightmap in 0.010s
[2018.10.18-17.28.24:553][685]LogVolumetricLightmapImport:      Indirection Texture 16x16x16 = 0.0Mb
[2018.10.18-17.28.24:553][685]LogVolumetricLightmapImport:      BrickData 390x5x5 = 0.3Mb
[2018.10.18-17.28.24:553][685]LogVolumetricLightmapImport:      Bricks at Level
[2018.10.18-17.28.24:553][685]LogVolumetricLightmapImport:          0: 1.3% covering 100.0% of volume
[2018.10.18-17.28.24:553][685]LogVolumetricLightmapImport:          1: 5.1% covering 6.3% of volume
[2018.10.18-17.28.24:553][685]LogVolumetricLightmapImport:          2: 93.6% covering 1.8% of volume
[2018.10.18-17.28.24:611][685]LogTexture: Display: Building textures: HQ_Lightmap0_1 (AutoDXT, 256X256)
[2018.10.18-17.28.24:611][685]LogTexture: Display: Building textures: LQ_Lightmap_0_1 (DXT1, 256X256)
[2018.10.18-17.28.24:611][685]LogTexture: Display: Building textures: HQ_Lightmap0_2 (AutoDXT, 256X256)
[2018.10.18-17.28.24:611][685]LogTexture: Display: Building textures: LQ_Lightmap_0_2 (DXT1, 256X256)
[2018.10.18-17.28.24:611][685]LogTexture: Display: Building textures: HQ_Lightmap0_3 (AutoDXT, 64X64)
[2018.10.18-17.28.24:611][685]LogTexture: Display: Building textures: LQ_Lightmap_0_3 (DXT1, 64X64)
[2018.10.18-17.28.24:611][685]LogTexture: Display: Building textures: ShadowMapTexture2D_0 (G8, 128X128)
[2018.10.18-17.28.24:611][685]LogTexture: Display: Building textures: ShadowMapTexture2D_2 (G8, 32X32)
[2018.10.18-17.28.24:611][685]LogTexture: Display: Building textures: ShadowMapTexture2D_1 (G8, 128X128)
[2018.10.18-17.28.24:656][685]Lightmass on AMTX222-03: 1.29 sec total, 128 ms importing, 17 ms setup, 421 ms photons, 696 ms processing, 0 ms extra exporting [38/38 mappings]. Threads: 4.70 sec total, 879 ms processing.
[2018.10.18-17.28.24:685][685]LogStaticLightingSystem: Illumination: 7.51 sec (31 ms encoding lightmaps, 9 ms encoding shadowmaps)
[2018.10.18-17.28.24:685][685]LogStaticLightingSystem: Lightmap texture memory:  0.3 MB (0.1 MB streaming, 0.1 MB non-streaming), 6 textures
[2018.10.18-17.28.24:685][685]LogStaticLightingSystem: Shadowmap texture memory: 0.0 MB (0.0 MB streaming, 0.0 MB non-streaming), 3 textures
[2018.10.18-17.28.25:648][685]DumpUnbuiltLightIteractions
[2018.10.18-17.28.25:649][685]Lights with unbuilt interactions: 0
[2018.10.18-17.28.25:649][685]
[2018.10.18-17.28.25:649][685]Primitives with unbuilt interactions: 0
[2018.10.18-17.28.25:736][686]Cmd: MAP CHECK NOTIFYRESULTS
[2018.10.18-17.28.25:736][686]MapCheck: New page: TestMap_backup - 18 Oct 2018 19:28:25
[2018.10.18-17.28.25:813][686]MapCheck: Map check complete: 0 Error(s), 0 Warning(s), took 76.41ms to complete.
[2018.10.18-17.28.29:076][ 76]LogTemp: Repeating last play command: Simulate
[2018.10.18-17.28.29:092][ 76]LogPlayLevel: PlayLevel: No blueprints needed recompiling
[2018.10.18-17.28.29:092][ 76]PIE: New page: SIE session: TestMap_backup (18 Oct 2018 19:28:29)
[2018.10.18-17.28.29:092][ 76]LogPlayLevel: Creating play world package: /Game/Maps/UEDPIE_0_TestMap_backup
[2018.10.18-17.28.29:098][ 76]LogPlayLevel: PIE: StaticDuplicateObject took: (0.005541s)
[2018.10.18-17.28.29:098][ 76]LogAIModule: Creating AISystem for world TestMap_backup
[2018.10.18-17.28.29:099][ 76]LogPlayLevel: PIE: World Init took: (0.000660s)
[2018.10.18-17.28.29:099][ 76]LogPlayLevel: PIE: Created PIE world by copying editor world from /Game/Maps/TestMap_backup.TestMap_backup to /Game/Maps/UEDPIE_0_TestMap_backup.TestMap_backup (0.006308s)
[2018.10.18-17.28.29:121][ 76]LogInit: XAudio2 using 'Speakers (High Definition Audio Device)' : 2 channels at 48 kHz using 16 bits per sample (channel mask 0x3)
[2018.10.18-17.28.29:128][ 76]LogInit: FAudioDevice initialized.
[2018.10.18-17.28.29:156][ 76]LogLoad: Game class is 'MyMyProjectGameModeBaseBP_C'
[2018.10.18-17.28.29:158][ 76]LogWorld: Bringing World /Game/Maps/UEDPIE_0_TestMap_backup.TestMap_backup up for play (max tick rate 0) at 2018.10.18-18.28.29
[2018.10.18-17.28.29:159][ 76]LogWorld: Bringing up level for play took: 0.002137
[2018.10.18-17.28.29:172][ 76]PIE: Play in editor start time for /Game/Maps/UEDPIE_0_TestMap_backup -0.115
[2018.10.18-17.29.54:473][258]LogSlate: Updating window title bar state: overlay mode, drag disabled, window buttons hidden, title bar hidden
[2018.10.18-17.29.54:508][258]LogPlayLevel: Display: Shutting down PIE online subsystems
[2018.10.18-17.29.54:530][258]LogSlate: Updating window title bar state: overlay mode, drag disabled, window buttons hidden, title bar hidden
[2018.10.18-17.29.54:576][262]LogPlayLevel: Display: Destroying online subsystem :Context_5
[2018.10.18-17.30.17:890][452]LogSlate: FSceneViewport::OnFocusLost() reason 2
[2018.10.18-17.30.19:117][566]LogPlayLevel: PlayLevel: No blueprints needed recompiling
[2018.10.18-17.30.19:118][566]PIE: New page: PIE session: TestMap_backup (18 Oct 2018 19:30:19)
[2018.10.18-17.30.19:118][566]LogPlayLevel: Creating play world package: /Game/Maps/UEDPIE_0_TestMap_backup
[2018.10.18-17.30.19:124][566]LogPlayLevel: PIE: StaticDuplicateObject took: (0.006408s)
[2018.10.18-17.30.19:125][566]LogAIModule: Creating AISystem for world TestMap_backup
[2018.10.18-17.30.19:125][566]LogPlayLevel: PIE: World Init took: (0.000957s)
[2018.10.18-17.30.19:125][566]LogPlayLevel: PIE: Created PIE world by copying editor world from /Game/Maps/TestMap_backup.TestMap_backup to /Game/Maps/UEDPIE_0_TestMap_backup.TestMap_backup (0.007541s)
[2018.10.18-17.30.19:149][566]LogInit: XAudio2 using 'Speakers (High Definition Audio Device)' : 2 channels at 48 kHz using 16 bits per sample (channel mask 0x3)
[2018.10.18-17.30.19:159][566]LogInit: FAudioDevice initialized.
[2018.10.18-17.30.19:159][566]LogSlate: FSceneViewport::OnFocusLost() reason 2
[2018.10.18-17.30.19:189][566]LogLoad: Game class is 'MyMyProjectGameModeBaseBP_C'
[2018.10.18-17.30.19:192][566]LogWorld: Bringing World /Game/Maps/UEDPIE_0_TestMap_backup.TestMap_backup up for play (max tick rate 0) at 2018.10.18-18.30.19
[2018.10.18-17.30.19:193][566]LogWorld: Bringing up level for play took: 0.002899
[2018.10.18-17.30.19:207][566]PIE: Play in editor start time for /Game/Maps/UEDPIE_0_TestMap_backup -0.528
[2018.10.18-17.30.24:596][855]LogSlate: Updating window title bar state: overlay mode, drag disabled, window buttons hidden, title bar hidden
[2018.10.18-17.30.24:631][855]LogPlayLevel: Display: Shutting down PIE online subsystems
[2018.10.18-17.30.24:670][855]LogSlate: Updating window title bar state: overlay mode, drag disabled, window buttons hidden, title bar hidden
[2018.10.18-17.30.24:703][858]LogPlayLevel: Display: Destroying online subsystem :Context_6
[2018.10.18-17.31.13:312][126]LogInit: XAudio2 using 'Headphones (High Definition Audio Device)' : 2 channels at 48 kHz using 16 bits per sample (channel mask 0x3)
[2018.10.18-17.31.41:551][228]LogAssetEditorManager: Opening Asset editor for BehaviorTree /Game/AI/AIEnemyBT.AIEnemyBT
[2018.10.18-17.31.41:640][228]LogSlate: Took 0.000185 seconds to synchronously load lazily loaded font '../../../Engine/Content/Slate/Fonts/Roboto-BoldCondensed.ttf' (158K)
[2018.10.18-17.31.47:512][916]LogAssetEditorManager: Opening Asset editor for AnimBlueprint /Game/Mannequin/Animations/ThirdPerson_AnimBP.ThirdPerson_AnimBP
[2018.10.18-17.31.47:523][916]LogContentBrowser: Native class hierarchy updated for 'SkeletonEditor' in 0.0004 seconds. Added 1 classes and 2 folders.
[2018.10.18-17.31.47:709][916]LogActorComponent: RegisterComponentWithWorld: (/Engine/Transient.World_7:PersistentLevel.AnimationEditorPreviewActor_0.DebugSkelMeshComponent_0) Already registered. Aborting.
[2018.10.18-17.31.47:712][916]LogContentBrowser: Native class hierarchy updated for 'PinnedCommandList' in 0.0003 seconds. Added 1 classes and 0 folders.
[2018.10.18-17.31.48:120][916]LogContentBrowser: Native class hierarchy updated for 'BlueprintGraph' in 0.0006 seconds. Added 116 classes and 0 folders.
[2018.10.18-17.31.48:857][916]LogSkeletalMesh: USkeletalMeshComponent::InitArticulated : Bodies already created (/Engine/Transient.World_7:PersistentLevel.AnimationEditorPreviewActor_0.DebugSkelMeshComponent_0) - call TermArticulated first.
[2018.10.18-17.31.49:161][916]LogContentBrowser: Native class hierarchy updated for 'ClothingSystemEditorInterface' in 0.0003 seconds. Added 1 classes and 0 folders.
[2018.10.18-17.32.37:517][825]LogAssetEditorManager: Opening Asset editor for Class /Script/MyProject.Wally
[2018.10.18-17.33.18:972][886]LogVSAccessor: Warning: Visual Studio is open but could not be queried - it may be blocked by a modal operation
[2018.10.18-17.33.20:362][889]LogVSAccessor: Warning: Visual Studio is open but could not be queried - it may be blocked by a modal operation
[2018.10.18-17.37.44:526][822]LogSlate: FSceneViewport::OnFocusLost() reason 0
[2018.10.18-17.39.30:455][ 42]LogSavePackage: Moving '../../../../../../Temp/CMcRae/Where-s-Wally/MyProject/Saved/TestMap_backup_Auto13A2E3AC243182505DE0E83882606E3AB.tmp' to '../../../../../../Temp/CMcRae/Where-s-Wally/MyProject/Saved/Autosaves/Game/Maps/TestMap_backup_Auto1.umap'
[2018.10.18-17.39.30:465][ 42]LogFileHelpers: Editor autosave (incl. sublevels) for '/Game/Maps/TestMap_backup' took 0.139
[2018.10.18-17.39.30:465][ 42]LogFileHelpers: Editor autosave (incl. sublevels) for all levels took 0.139
[2018.10.18-17.39.30:467][ 42]OBJ SavePackage: Generating thumbnails for [0] asset(s) in package [/Game/Maps/TestMap_backup_BuiltData] ([1] browsable assets)...
[2018.10.18-17.39.30:467][ 42]OBJ SavePackage: Finished generating thumbnails for package [/Game/Maps/TestMap_backup_BuiltData]
[2018.10.18-17.39.30:492][ 42]LogSavePackage: Moving '../../../../../../Temp/CMcRae/Where-s-Wally/MyProject/Saved/TestMap_backup_BuiltData_Auto11F8487B44BFC8AA63B242484CE565E88.tmp' to '../../../../../../Temp/CMcRae/Where-s-Wally/MyProject/Saved/Autosaves/Game/Maps/TestMap_backup_BuiltData_Auto1.uasset'
[2018.10.18-17.39.30:495][ 42]LogFileHelpers: Auto-saving content packages took 0.029
[2018.10.18-17.45.17:504][313]LogSlate: FSceneViewport::OnFocusLost() reason 0
[2018.10.18-17.45.25:164][188]LogSlate: Window 'Add C++ Class' being destroyed
[2018.10.18-17.45.43:542][334]Running C:/Program Files/Epic Games/UE_4.20/Engine/Binaries/DotNET/UnrealBuildTool.exe Win64 Development -TargetType=Editor -Project="C:/Temp/CMcRae/Where-s-Wally/MyProject/MyProject.uproject" -invalidatemakefilesonly
[2018.10.18-17.45.45:481][334]Invalidating makefiles only in this run.
[2018.10.18-17.45.45:613][334]Candidate modules for hot reload:
[2018.10.18-17.45.45:613][334]  MyProject
[2018.10.18-17.45.45:613][334]Launching UnrealBuildTool... [C:/Program Files/Epic Games/UE_4.20/Engine/Binaries/DotNET/UnrealBuildTool.exe  -ModuleWithSuffix=MyProject,5232 Win64 Development -TargetType=Editor -Project="../../../../../../Temp/CMcRae/Where-s-Wally/MyProject/MyProject.uproject" -canskiplink "C:/Temp/CMcRae/Where-s-Wally/MyProject/MyProject.uproject" ]
[2018.10.18-17.46.25:243][334]CompilerResultsLog: New page: Compilation - 18 Oct 2018 19:46:25
[2018.10.18-17.46.25:243][334]CompilerResultsLog: Using 'git status' to determine working set for adaptive non-unity build.
[2018.10.18-17.46.25:243][334]CompilerResultsLog: Creating makefile for hot reloading MyProjectEditor (no existing makefile)
[2018.10.18-17.46.25:243][334]CompilerResultsLog: Compiling game modules for hot reload
[2018.10.18-17.46.25:243][334]CompilerResultsLog: Using Visual Studio 2017 14.15.26726 toolchain (C:\Program Files (x86)\Microsoft Visual Studio\2017\Enterprise\VC\Tools\MSVC\14.15.26726) and Windows 10.0.15063.0 SDK (C:\Program Files (x86)\Windows Kits\10).
[2018.10.18-17.46.25:243][334]CompilerResultsLog: Parsing headers for MyProjectEditor
[2018.10.18-17.46.25:243][334]CompilerResultsLog:   Running UnrealHeaderTool "C:\Temp\CMcRae\Where-s-Wally\MyProject\MyProject.uproject" "C:\Temp\CMcRae\Where-s-Wally\MyProject\Intermediate\Build\Win64\MyProjectEditor\Development\MyProjectEditor.uhtmanifest" -LogCmds="loginit warning, logexit warning, logdatabase error" -Unattended -WarningsAsErrors -installed
[2018.10.18-17.46.25:243][334]CompilerResultsLog: Reflection code generated for MyProjectEditor in 9.9773828 seconds
[2018.10.18-17.46.25:243][334]CompilerResultsLog: Building 6 actions with 8 processes...
[2018.10.18-17.46.25:243][334]CompilerResultsLog:   DestroyActorOnOverlap.cpp
[2018.10.18-17.46.25:243][334]CompilerResultsLog:   MyProject.init.gen.cpp
[2018.10.18-17.46.25:243][334]CompilerResultsLog:   DestroyActorOnOverlap.gen.cpp
[2018.10.18-17.46.25:243][334]CompilerResultsLog:   Wally.cpp
[2018.10.18-17.46.25:243][334]CompilerResultsLog:   UE4Editor-MyProject-5232.lib
[2018.10.18-17.46.25:243][334]CompilerResultsLog:      Creating library C:\Temp\CMcRae\Where-s-Wally\MyProject\Intermediate\Build\Win64\UE4Editor\Development\MyProject\UE4Editor-MyProject-5232.lib and object C:\Temp\CMcRae\Where-s-Wally\MyProject\Intermediate\Build\Win64\UE4Editor\Development\MyProject\UE4Editor-MyProject-5232.exp
[2018.10.18-17.46.25:243][334]CompilerResultsLog:   UE4Editor-MyProject-5232.dll
[2018.10.18-17.46.25:243][334]CompilerResultsLog:      Creating library C:\Temp\CMcRae\Where-s-Wally\MyProject\Intermediate\Build\Win64\UE4Editor\Development\MyProject\UE4Editor-MyProject-5232.suppressed.lib and object C:\Temp\CMcRae\Where-s-Wally\MyProject\Intermediate\Build\Win64\UE4Editor\Development\MyProject\UE4Editor-MyProject-5232.suppressed.exp
[2018.10.18-17.46.25:243][334]CompilerResultsLog: Total build time: 39.37 seconds (Parallel executor: 2.64 seconds)
[2018.10.18-17.46.25:243][334]LogMainFrame: MainFrame: Module compiling took 39.636 seconds
[2018.10.18-17.46.25:293][334]LogClass: Could not find existing class DestroyActorOnOverlap in package /Script/MyProject for HotReload, assuming new class
[2018.10.18-17.46.25:302][334]LogContentBrowser: Native class hierarchy updated for 'MyProject' in 0.0004 seconds. Added 3 classes and 2 folders.
[2018.10.18-17.46.25:305][334]Display: HotReload successful (0 functions remapped  0 scriptstructs remapped)
[2018.10.18-17.46.25:684][334]LogContentBrowser: Native class hierarchy populated in 0.0097 seconds. Added 2577 classes and 609 folders.
[2018.10.18-17.46.25:684][334]Display: HotReload took 40.1s.
[2018.10.18-17.46.25:685][334]Warning: HotReload operation took 40.1s.
[2018.10.18-17.46.25:958][334]LogSlate: Window 'Add C++ Class' being destroyed
[2018.10.18-17.46.25:968][334]LogHotReload: New module detected: UE4Editor-MyProject-5232.dll
[2018.10.18-17.46.26:004][335]LogHotReload: Starting Hot-Reload from IDE
[2018.10.18-17.46.26:118][335]LogContentBrowser: Native class hierarchy updated for 'MyProject' in 0.0004 seconds. Added 3 classes and 2 folders.
[2018.10.18-17.46.26:121][335]Display: HotReload successful (0 functions remapped  0 scriptstructs remapped)
[2018.10.18-17.46.26:530][335]LogContentBrowser: Native class hierarchy populated in 0.0127 seconds. Added 2577 classes and 609 folders.
[2018.10.18-17.46.26:535][335]Display: HotReload took  0.5s.
[2018.10.18-17.47.00:342][721]LogAssetEditorManager: Opening Asset editor for Blueprint /Game/Blueprint/MyWallyBP.MyWallyBP
[2018.10.18-17.47.12:266][ 72]LogRenderer: Reallocating scene render targets to support 1208x900 Format 10 NumSamples 1 (Frame:1).
[2018.10.18-17.51.08:662][460]Cmd: OBJ SAVEPACKAGE PACKAGE="/Game/Maps/TestMap_backup" FILE="../../../../../../Temp/CMcRae/Where-s-Wally/MyProject/Content/Maps/TestMap_backup.umap" SILENT=true AUTOSAVING=false KEEPDIRTY=false
[2018.10.18-17.51.08:812][460]LogSavePackage: Moving '../../../../../../Temp/CMcRae/Where-s-Wally/MyProject/Saved/TestMap_backupAD3AB3D04F7C7C56D2893697C4ED919E.tmp' to '../../../../../../Temp/CMcRae/Where-s-Wally/MyProject/Content/Maps/TestMap_backup.umap'
[2018.10.18-17.51.08:863][460]Cmd: OBJ SAVEPACKAGE PACKAGE="/Game/Maps/TestMap_backup_BuiltData" FILE="../../../../../../Temp/CMcRae/Where-s-Wally/MyProject/Content/Maps/TestMap_backup_BuiltData.uasset" SILENT=true
[2018.10.18-17.51.08:900][460]LogSavePackage: Moving '../../../../../../Temp/CMcRae/Where-s-Wally/MyProject/Saved/TestMap_backup_BuiltDataF2E749D645671FBF465AC799DC30F99C.tmp' to '../../../../../../Temp/CMcRae/Where-s-Wally/MyProject/Content/Maps/TestMap_backup_BuiltData.uasset'
[2018.10.18-17.51.09:326][504]Candidate modules for hot reload:
[2018.10.18-17.51.09:326][504]  MyProject
[2018.10.18-17.51.09:326][504]Launching UnrealBuildTool... [C:/Program Files/Epic Games/UE_4.20/Engine/Binaries/DotNET/UnrealBuildTool.exe  -ModuleWithSuffix=MyProject,6557 Win64 Development -TargetType=Editor -Project="../../../../../../Temp/CMcRae/Where-s-Wally/MyProject/MyProject.uproject" -canskiplink "C:/Temp/CMcRae/Where-s-Wally/MyProject/MyProject.uproject" ]
[2018.10.18-17.51.09:348][504]Warning: Starting HotReload took  0.0s.
[2018.10.18-17.51.13:988][ 60]CompilerResultsLog: New page: Compilation - 18 Oct 2018 19:51:13
[2018.10.18-17.51.13:989][ 60]CompilerResultsLog: Using 'git status' to determine working set for adaptive non-unity build.
[2018.10.18-17.51.13:989][ 60]CompilerResultsLog: Compiling game modules for hot reload
[2018.10.18-17.51.13:989][ 60]CompilerResultsLog: Building 3 actions with 8 processes...
[2018.10.18-17.51.13:989][ 60]CompilerResultsLog:   Wally.cpp
[2018.10.18-17.51.13:989][ 60]CompilerResultsLog:   UE4Editor-MyProject-6557.lib
[2018.10.18-17.51.13:989][ 60]CompilerResultsLog:      Creating library C:\Temp\CMcRae\Where-s-Wally\MyProject\Intermediate\Build\Win64\UE4Editor\Development\MyProject\UE4Editor-MyProject-6557.lib and object C:\Temp\CMcRae\Where-s-Wally\MyProject\Intermediate\Build\Win64\UE4Editor\Development\MyProject\UE4Editor-MyProject-6557.exp
[2018.10.18-17.51.13:989][ 60]CompilerResultsLog:   UE4Editor-MyProject-6557.dll
[2018.10.18-17.51.13:989][ 60]CompilerResultsLog:      Creating library C:\Temp\CMcRae\Where-s-Wally\MyProject\Intermediate\Build\Win64\UE4Editor\Development\MyProject\UE4Editor-MyProject-6557.suppressed.lib and object C:\Temp\CMcRae\Where-s-Wally\MyProject\Intermediate\Build\Win64\UE4Editor\Development\MyProject\UE4Editor-MyProject-6557.suppressed.exp
[2018.10.18-17.51.13:989][ 60]CompilerResultsLog: Total build time: 4.39 seconds (Parallel executor: 2.64 seconds)
[2018.10.18-17.51.13:989][ 60]LogMainFrame: MainFrame: Module compiling took 4.667 seconds
[2018.10.18-17.51.14:036][ 60]LogContentBrowser: Native class hierarchy updated for 'MyProject' in 0.0004 seconds. Added 3 classes and 2 folders.
[2018.10.18-17.51.14:040][ 60]Display: HotReload successful (0 functions remapped  0 scriptstructs remapped)
[2018.10.18-17.51.14:400][ 60]LogContentBrowser: Native class hierarchy populated in 0.0087 seconds. Added 2577 classes and 609 folders.
[2018.10.18-17.51.14:400][ 60]Display: HotReload took  5.1s.
[2018.10.18-17.52.07:814][697]LogSlate: Window 'Delete Assets' being destroyed
[2018.10.18-17.52.21:979][285]LogPackageName: SearchForPackageOnDisk took   0.000s, but failed to resolve /Game/Blueprint/MainMenu.
[2018.10.18-17.52.28:029][992]LogPackageName: SearchForPackageOnDisk took   0.000s, but failed to resolve /Game/Blueprint/PauseScreen.
[2018.10.18-17.52.33:208][612]LogAssetEditorManager: Opening Asset editor for WidgetBlueprint /Game/Blueprint/MainMenu.MainMenu
[2018.10.18-17.52.36:802][828]LogSlate: Window 'MainMenu*' being destroyed
[2018.10.18-17.52.38:247][  0]LogAssetEditorManager: Opening Asset editor for WidgetBlueprint /Game/Blueprint/PauseScreen.PauseScreen
[2018.10.18-17.56.16:802][738]LogUObjectHash: Warning: Ambiguous search, could be CanvasPanel /Game/Blueprint/MainMenu.MainMenu:WidgetTree.CanvasPanel_0 or CanvasPanel /Game/Blueprint/PauseScreen.PauseScreen:WidgetTree.CanvasPanel_0
[2018.10.18-17.56.16:802][738]LogUObjectHash: Warning: Ambiguous search, could be CanvasPanel /Game/Blueprint/MainMenu.MainMenu:WidgetTree.CanvasPanel_0 or CanvasPanel /Engine/Transient.World_12:MainMenu_C_0.WidgetTree_0.CanvasPanel_0
[2018.10.18-17.56.16:802][738]LogUObjectHash: Warning: Ambiguous search, could be CanvasPanel /Game/Blueprint/MainMenu.MainMenu:WidgetTree.CanvasPanel_0 or CanvasPanel /Engine/Transient.World_12:MainMenu_C_1.WidgetTree_0.CanvasPanel_0
[2018.10.18-17.56.16:802][738]LogUObjectHash: Warning: Ambiguous search, could be CanvasPanel /Game/Blueprint/MainMenu.MainMenu:WidgetTree.CanvasPanel_0 or CanvasPanel /Engine/Transient.World_14:PauseScreen_C_0.WidgetTree_0.CanvasPanel_0
[2018.10.18-17.56.16:802][738]LogUObjectHash: Warning: Ambiguous search, could be CanvasPanel /Game/Blueprint/MainMenu.MainMenu:WidgetTree.CanvasPanel_0 or CanvasPanel /Engine/Transient.World_14:PauseScreen_C_1.WidgetTree_0.CanvasPanel_0
[2018.10.18-17.56.16:802][738]LogUObjectHash: Warning: Ambiguous search, could be CanvasPanel /Game/Blueprint/MainMenu.MainMenu:WidgetTree.CanvasPanel_0 or CanvasPanel /Engine/Transient.World_12:MainMenu_C_2.WidgetTree_0.CanvasPanel_0
[2018.10.18-17.56.16:802][738]LogUObjectHash: Warning: Ambiguous search, could be CanvasPanel /Game/Blueprint/MainMenu.MainMenu:WidgetTree.CanvasPanel_0 or CanvasPanel /Engine/Transient.World_12:MainMenu_C_3.WidgetTree_0.CanvasPanel_0
[2018.10.18-17.56.16:802][738]LogUObjectHash: Warning: Ambiguous search, could be CanvasPanel /Game/Blueprint/MainMenu.MainMenu:WidgetTree.CanvasPanel_0 or CanvasPanel /Engine/Transient.World_12:MainMenu_C_4.WidgetTree_0.CanvasPanel_0
[2018.10.18-17.56.16:802][738]LogUObjectHash: Warning: Ambiguous search, could be CanvasPanel /Game/Blueprint/MainMenu.MainMenu:WidgetTree.CanvasPanel_0 or CanvasPanel /Engine/Transient.World_12:MainMenu_C_5.WidgetTree_0.CanvasPanel_0
[2018.10.18-17.56.16:802][738]LogUObjectHash: Warning: Ambiguous search, could be CanvasPanel /Game/Blueprint/MainMenu.MainMenu:WidgetTree.CanvasPanel_0 or CanvasPanel /Engine/Transient.World_12:MainMenu_C_6.WidgetTree_0.CanvasPanel_0
[2018.10.18-17.56.16:802][738]LogUObjectHash: Warning: Ambiguous search, could be CanvasPanel /Game/Blueprint/MainMenu.MainMenu:WidgetTree.CanvasPanel_0 or CanvasPanel /Engine/Transient.World_12:MainMenu_C_7.WidgetTree_0.CanvasPanel_0
[2018.10.18-17.56.16:802][738]LogUObjectHash: Warning: Ambiguous search, could be CanvasPanel /Game/Blueprint/MainMenu.MainMenu:WidgetTree.CanvasPanel_0 or CanvasPanel /Engine/Transient.World_12:MainMenu_C_8.WidgetTree_0.CanvasPanel_0
[2018.10.18-17.56.16:802][738]LogUObjectHash: Warning: Ambiguous search, could be CanvasPanel /Game/Blueprint/MainMenu.MainMenu:WidgetTree.CanvasPanel_0 or CanvasPanel /Engine/Transient.World_12:MainMenu_C_9.WidgetTree_0.CanvasPanel_0
[2018.10.18-17.56.16:802][738]LogUObjectHash: Warning: Ambiguous search, could be CanvasPanel /Game/Blueprint/MainMenu.MainMenu:WidgetTree.CanvasPanel_0 or CanvasPanel /Engine/Transient.World_12:MainMenu_C_10.WidgetTree_0.CanvasPanel_0
[2018.10.18-17.56.16:802][738]LogUObjectHash: Warning: Ambiguous search, could be CanvasPanel /Game/Blueprint/MainMenu.MainMenu:WidgetTree.CanvasPanel_0 or CanvasPanel /Engine/Transient.World_12:MainMenu_C_11.WidgetTree_0.CanvasPanel_0
[2018.10.18-17.56.16:814][738]LogProperty: Warning: Illegal TEXT reference to a private object in external package (CanvasPanelSlot /Game/Blueprint/MainMenu.MainMenu:WidgetTree.CanvasPanel_0.CanvasPanelSlot_1) from referencer (VerticalBox /Engine/UMG/Editor/Transient.VerticalBox_0).  Import failed...
[2018.10.18-17.56.16:814][738]LogProperty: Warning: ObjectProperty /Script/UMG.Widget:Slot: unresolved reference to 'CanvasPanelSlot'"CanvasPanel_0.CanvasPanelSlot_1"''
[2018.10.18-17.57.45:264][260]LogSlate: Took 0.065307 seconds to synchronously load lazily loaded font '../../../Engine/Content/Slate/Fonts/DroidSansFallback.ttf' (3848K)
[2018.10.18-18.01.08:661][378]LogFileHelpers: Editor autosave (incl. sublevels) for '/Game/Maps/TestMap_backup' took 0.036
[2018.10.18-18.01.08:663][378]OBJ SavePackage: Generating thumbnails for [0] asset(s) in package [/Game/Blueprint/MainMenu] ([1] browsable assets)...
[2018.10.18-18.01.08:663][378]OBJ SavePackage: Finished generating thumbnails for package [/Game/Blueprint/MainMenu]
[2018.10.18-18.01.08:663][378]Cmd: OBJ SAVEPACKAGE PACKAGE="/Game/Blueprint/MainMenu" FILE="../../../../../../Temp/CMcRae/Where-s-Wally/MyProject/Saved/Autosaves/Game/Blueprint/MainMenu_Auto2.uasset" SILENT=false AUTOSAVING=true
[2018.10.18-18.01.08:682][378]LogSavePackage: Moving '../../../../../../Temp/CMcRae/Where-s-Wally/MyProject/Saved/MainMenu_Auto22016CBF340C1F06757A02189727EE8F2.tmp' to '../../../../../../Temp/CMcRae/Where-s-Wally/MyProject/Saved/Autosaves/Game/Blueprint/MainMenu_Auto2.uasset'
[2018.10.18-18.01.08:686][378]OBJ SavePackage: Generating thumbnails for [0] asset(s) in package [/Game/Blueprint/PauseScreen] ([1] browsable assets)...
[2018.10.18-18.01.08:686][378]OBJ SavePackage: Finished generating thumbnails for package [/Game/Blueprint/PauseScreen]
[2018.10.18-18.01.08:686][378]Cmd: OBJ SAVEPACKAGE PACKAGE="/Game/Blueprint/PauseScreen" FILE="../../../../../../Temp/CMcRae/Where-s-Wally/MyProject/Saved/Autosaves/Game/Blueprint/PauseScreen_Auto2.uasset" SILENT=false AUTOSAVING=true
[2018.10.18-18.01.08:700][378]LogSavePackage: Moving '../../../../../../Temp/CMcRae/Where-s-Wally/MyProject/Saved/PauseScreen_Auto2E4C0681943281F3D5BEB12BB5EF27406.tmp' to '../../../../../../Temp/CMcRae/Where-s-Wally/MyProject/Saved/Autosaves/Game/Blueprint/PauseScreen_Auto2.uasset'
[2018.10.18-18.01.08:703][378]LogFileHelpers: Auto-saving content packages took 0.041
[2018.10.18-18.01.39:983][119]LogAudio: Warning: Current Audio Device with ID {0.0.0.00000000}.{a164f966-0709-4615-be1d-4f074e28c2a2} was removed. Shutting down audio device.
[2018.10.18-18.01.39:990][119]LogInit: XAudio2 using 'Speakers (High Definition Audio Device)' : 2 channels at 48 kHz using 16 bits per sample (channel mask 0x3)
[2018.10.18-18.05.09:213][145]LogSlate: Window 'Color Picker' being destroyed
[2018.10.18-18.06.04:712][ 20]LogSlate: Window 'Save Asset As' being destroyed
[2018.10.18-18.06.42:019][388]AssetReimport: New page: Outstanding source content changes 20:06:42
[2018.10.18-18.06.42:045][389]LogFactory: FactoryCreateFile: Texture with ReimportTextureFactory (0 0 C:/Temp/CMcRae/Where-s-Wally/MyProject/Content/A1Be3EmjWcL.jpg)
[2018.10.18-18.06.42:371][390]Cmd: OBJ SAVEPACKAGE PACKAGE="/Game/A1Be3EmjWcL" FILE="../../../../../../Temp/CMcRae/Where-s-Wally/MyProject/Content/A1Be3EmjWcL.uasset" SILENT=true
[2018.10.18-18.06.43:220][390]LogSavePackage: Moving '../../../../../../Temp/CMcRae/Where-s-Wally/MyProject/Saved/A1Be3EmjWcL90D50D434D14784999E8D9AAF0B0DEE8.tmp' to '../../../../../../Temp/CMcRae/Where-s-Wally/MyProject/Content/A1Be3EmjWcL.uasset'
[2018.10.18-18.06.46:232][738]AssetReimport: Importing new asset /Game/A1Be3EmjWcL.
[2018.10.18-18.06.55:200][249]LogSlate: Window 'Save Asset As' being destroyed
[2018.10.18-18.07.12:858][906]LogSlate: Window 'MainMenu*' being destroyed
[2018.10.18-18.08.32:575][190]LogSlate: Window 'Color Picker' being destroyed
[2018.10.18-18.09.00:181][309]LogEditorTransaction: Undo Move Widget
[2018.10.18-18.09.32:286][879]LogEditorTransaction: Undo Move Widget
[2018.10.18-18.09.41:166][904]LogEditorTransaction: Undo Move Widget
[2018.10.18-18.10.33:106][ 12]BlueprintLog: New page: Compile MainMenu
[2018.10.18-18.10.33:748][ 54]Cmd: OBJ SAVEPACKAGE PACKAGE="/Game/Blueprint/MainMenu" FILE="../../../../../../Temp/CMcRae/Where-s-Wally/MyProject/Content/Blueprint/MainMenu.uasset" SILENT=true
[2018.10.18-18.10.33:785][ 54]LogSavePackage: Moving '../../../../../../Temp/CMcRae/Where-s-Wally/MyProject/Saved/MainMenu13C58AE141D2C8AB37F9D08994415D52.tmp' to '../../../../../../Temp/CMcRae/Where-s-Wally/MyProject/Content/Blueprint/MainMenu.uasset'
[2018.10.18-18.10.33:854][ 58]LogPackageName: SearchForPackageOnDisk took   0.000s to resolve /Game/Blueprint/MainMenu.
[2018.10.18-18.10.35:182][204]Cmd: OBJ SAVEPACKAGE PACKAGE="/Game/Blueprint/PauseScreen" FILE="../../../../../../Temp/CMcRae/Where-s-Wally/MyProject/Content/Blueprint/PauseScreen.uasset" SILENT=true
[2018.10.18-18.10.35:193][204]LogSavePackage: Moving '../../../../../../Temp/CMcRae/Where-s-Wally/MyProject/Saved/PauseScreen4337AC3F41BD9ABABEC7E09B7B8BFED5.tmp' to '../../../../../../Temp/CMcRae/Where-s-Wally/MyProject/Content/Blueprint/PauseScreen.uasset'
[2018.10.18-18.10.35:267][212]LogPackageName: SearchForPackageOnDisk took   0.000s to resolve /Game/Blueprint/PauseScreen.
[2018.10.18-18.10.39:138][649]Cmd: OBJ SAVEPACKAGE PACKAGE="/Game/Maps/TestMap_backup" FILE="../../../../../../Temp/CMcRae/Where-s-Wally/MyProject/Content/Maps/TestMap_backup.umap" SILENT=true AUTOSAVING=false KEEPDIRTY=false
[2018.10.18-18.10.39:256][649]LogSavePackage: Moving '../../../../../../Temp/CMcRae/Where-s-Wally/MyProject/Saved/TestMap_backup6ACF57AB41C28618C1AE0F911EA4E7B7.tmp' to '../../../../../../Temp/CMcRae/Where-s-Wally/MyProject/Content/Maps/TestMap_backup.umap'
[2018.10.18-18.10.39:292][649]Cmd: OBJ SAVEPACKAGE PACKAGE="/Game/Maps/TestMap_backup_BuiltData" FILE="../../../../../../Temp/CMcRae/Where-s-Wally/MyProject/Content/Maps/TestMap_backup_BuiltData.uasset" SILENT=true
[2018.10.18-18.10.39:337][649]LogSavePackage: Moving '../../../../../../Temp/CMcRae/Where-s-Wally/MyProject/Saved/TestMap_backup_BuiltData5C7011324AFF5A75D2DAF8A283A2CEAA.tmp' to '../../../../../../Temp/CMcRae/Where-s-Wally/MyProject/Content/Maps/TestMap_backup_BuiltData.uasset'
